running develop
running egg_info
creating owl_gazebo.egg-info
writing owl_gazebo.egg-info/PKG-INFO
writing dependency_links to owl_gazebo.egg-info/dependency_links.txt
writing entry points to owl_gazebo.egg-info/entry_points.txt
writing requirements to owl_gazebo.egg-info/requires.txt
writing top-level names to owl_gazebo.egg-info/top_level.txt
writing manifest file 'owl_gazebo.egg-info/SOURCES.txt'
reading manifest file 'owl_gazebo.egg-info/SOURCES.txt'
writing manifest file 'owl_gazebo.egg-info/SOURCES.txt'
running build_ext
Creating /home/aaditya/OWL_Sorting/ros2_ws/install/owl_gazebo/lib/python3.10/site-packages/owl-gazebo.egg-link (link to .)

Installed /home/aaditya/OWL_Sorting/ros2_ws/build/owl_gazebo
running symlink_data
creating /home/aaditya/OWL_Sorting/ros2_ws/install/owl_gazebo/share/ament_index
creating /home/aaditya/OWL_Sorting/ros2_ws/install/owl_gazebo/share/ament_index/resource_index
creating /home/aaditya/OWL_Sorting/ros2_ws/install/owl_gazebo/share/ament_index/resource_index/packages
symbolically linking /home/aaditya/OWL_Sorting/ros2_ws/build/owl_gazebo/resource/owl_gazebo -> /home/aaditya/OWL_Sorting/ros2_ws/install/owl_gazebo/share/ament_index/resource_index/packages
symbolically linking /home/aaditya/OWL_Sorting/ros2_ws/build/owl_gazebo/package.xml -> /home/aaditya/OWL_Sorting/ros2_ws/install/owl_gazebo/share/owl_gazebo
creating /home/aaditya/OWL_Sorting/ros2_ws/install/owl_gazebo/share/owl_gazebo/urdf
symbolically linking /home/aaditya/OWL_Sorting/ros2_ws/build/owl_gazebo/urdf/gazebo_plugins.xacro -> /home/aaditya/OWL_Sorting/ros2_ws/install/owl_gazebo/share/owl_gazebo/urdf
symbolically linking /home/aaditya/OWL_Sorting/ros2_ws/build/owl_gazebo/urdf/sim_gazebo.xacro -> /home/aaditya/OWL_Sorting/ros2_ws/install/owl_gazebo/share/owl_gazebo/urdf
creating /home/aaditya/OWL_Sorting/ros2_ws/install/owl_gazebo/share/owl_gazebo/launch
symbolically linking /home/aaditya/OWL_Sorting/ros2_ws/build/owl_gazebo/launch/sim.launch.py -> /home/aaditya/OWL_Sorting/ros2_ws/install/owl_gazebo/share/owl_gazebo/launch
creating /home/aaditya/OWL_Sorting/ros2_ws/install/owl_gazebo/share/owl_gazebo/world
symbolically linking /home/aaditya/OWL_Sorting/ros2_ws/build/owl_gazebo/world/empty.world -> /home/aaditya/OWL_Sorting/ros2_ws/install/owl_gazebo/share/owl_gazebo/world
symbolically linking /home/aaditya/OWL_Sorting/ros2_ws/build/owl_gazebo/world/table.world -> /home/aaditya/OWL_Sorting/ros2_ws/install/owl_gazebo/share/owl_gazebo/world
creating /home/aaditya/OWL_Sorting/ros2_ws/install/owl_gazebo/share/owl_gazebo/modles
symbolically linking /home/aaditya/OWL_Sorting/ros2_ws/build/owl_gazebo/models/model-1_2.sdf -> /home/aaditya/OWL_Sorting/ros2_ws/install/owl_gazebo/share/owl_gazebo/modles
symbolically linking /home/aaditya/OWL_Sorting/ros2_ws/build/owl_gazebo/models/model-1_4.sdf -> /home/aaditya/OWL_Sorting/ros2_ws/install/owl_gazebo/share/owl_gazebo/modles
symbolically linking /home/aaditya/OWL_Sorting/ros2_ws/build/owl_gazebo/models/model-1_3.sdf -> /home/aaditya/OWL_Sorting/ros2_ws/install/owl_gazebo/share/owl_gazebo/modles
symbolically linking /home/aaditya/OWL_Sorting/ros2_ws/build/owl_gazebo/models/model.sdf -> /home/aaditya/OWL_Sorting/ros2_ws/install/owl_gazebo/share/owl_gazebo/modles
symbolically linking /home/aaditya/OWL_Sorting/ros2_ws/build/owl_gazebo/models/model.config -> /home/aaditya/OWL_Sorting/ros2_ws/install/owl_gazebo/share/owl_gazebo/modles
