[1.079s] Invoking command in '/home/vardan/OWL_Sorting/ros2_ws/build/owl_gazebo': AMENT_PREFIX_PATH=/home/vardan/OWL_Sorting/ros2_ws/install/owl_description:/home/vardan/OWL_Sorting/ros2_ws/install/owl_gazebo:/home/vardan/Introduction-to-Robotics/Module2/ros2_ws/install/moveit_pkgs:/home/vardan/Introduction-to-Robotics/Module2/ros2_ws/install/owl_robot:/home/vardan/RAKSH-Autonomous-Pesticide-Spraying-Robot/ros2_ws/install/raksh_description:/home/vardan/RAKSH-Autonomous-Pesticide-Spraying-Robot/ros2_ws/install/disease_detection:/home/vardan/Introduction-to-Robotics/Module1/ros2_wk/install/manipulator_simulation:/opt/ros/humble PYTHONPATH=/home/vardan/OWL_Sorting/ros2_ws/build/owl_gazebo/prefix_override:/usr/lib/python3/dist-packages/colcon_core/task/python/colcon_distutils_commands:/home/vardan/OWL_Sorting/ros2_ws/install/owl_gazebo/lib/python3.10/site-packages:/home/vardan/OWL_Sorting/ros2_ws/build/owl_description:/home/vardan/OWL_Sorting/ros2_ws/install/owl_description/lib/python3.10/site-packages:/home/aaditya/OWL_Sorting/ros2_ws/build/owl_gazebo:/home/vardan/OWL_Sorting/ros2_ws/install/owl_gazebo/lib/python3.10/site-packages:/home/aaditya/OWL_Sorting/ros2_ws/build/owl_description:/home/vardan/Introduction-to-Robotics/Module2/ros2_ws/build/owl_robot:/home/vardan/Introduction-to-Robotics/Module2/ros2_ws/install/owl_robot/lib/python3.10/site-packages:/home/vardan/RAKSH-Autonomous-Pesticide-Spraying-Robot/ros2_ws/build/raksh_description:/home/vardan/RAKSH-Autonomous-Pesticide-Spraying-Robot/ros2_ws/install/raksh_description/lib/python3.10/site-packages:/home/vardan/RAKSH-Autonomous-Pesticide-Spraying-Robot/ros2_ws/build/disease_detection:/home/vardan/RAKSH-Autonomous-Pesticide-Spraying-Robot/ros2_ws/install/disease_detection/lib/python3.10/site-packages:/home/vardan/Introduction-to-Robotics/Assignment1/ros2_wk/build/manipulator_simulation:/home/vardan/Introduction-to-Robotics/Module1/ros2_wk/install/manipulator_simulation/lib/python3.10/site-packages:/opt/ros/humble/lib/python3.10/site-packages:/opt/ros/humble/local/lib/python3.10/dist-packages /usr/bin/python3 -W ignore:setup.py install is deprecated setup.py develop --editable --build-directory /home/vardan/OWL_Sorting/ros2_ws/build/owl_gazebo/build --no-deps symlink_data
[1.442s] running develop
[1.442s] /usr/lib/python3/dist-packages/setuptools/command/easy_install.py:158: EasyInstallDeprecationWarning: easy_install command is deprecated. Use build and pip and other standards-based tools.
[1.442s]   warnings.warn(
[1.704s] running egg_info
[1.704s] creating owl_gazebo.egg-info
[1.705s] writing owl_gazebo.egg-info/PKG-INFO
[1.705s] writing dependency_links to owl_gazebo.egg-info/dependency_links.txt
[1.706s] writing entry points to owl_gazebo.egg-info/entry_points.txt
[1.706s] writing requirements to owl_gazebo.egg-info/requires.txt
[1.706s] writing top-level names to owl_gazebo.egg-info/top_level.txt
[1.706s] writing manifest file 'owl_gazebo.egg-info/SOURCES.txt'
[1.709s] reading manifest file 'owl_gazebo.egg-info/SOURCES.txt'
[1.710s] writing manifest file 'owl_gazebo.egg-info/SOURCES.txt'
[1.713s] running build_ext
[1.713s] Creating /home/vardan/OWL_Sorting/ros2_ws/install/owl_gazebo/lib/python3.10/site-packages/owl-gazebo.egg-link (link to .)
[1.714s] 
[1.714s] Installed /home/vardan/OWL_Sorting/ros2_ws/build/owl_gazebo
[1.715s] running symlink_data
[1.715s] creating /home/vardan/OWL_Sorting/ros2_ws/install/owl_gazebo/share/ament_index
[1.715s] creating /home/vardan/OWL_Sorting/ros2_ws/install/owl_gazebo/share/ament_index/resource_index
[1.715s] creating /home/vardan/OWL_Sorting/ros2_ws/install/owl_gazebo/share/ament_index/resource_index/packages
[1.716s] symbolically linking /home/vardan/OWL_Sorting/ros2_ws/build/owl_gazebo/resource/owl_gazebo -> /home/vardan/OWL_Sorting/ros2_ws/install/owl_gazebo/share/ament_index/resource_index/packages
[1.716s] symbolically linking /home/vardan/OWL_Sorting/ros2_ws/build/owl_gazebo/package.xml -> /home/vardan/OWL_Sorting/ros2_ws/install/owl_gazebo/share/owl_gazebo
[1.716s] creating /home/vardan/OWL_Sorting/ros2_ws/install/owl_gazebo/share/owl_gazebo/urdf
[1.717s] symbolically linking /home/vardan/OWL_Sorting/ros2_ws/build/owl_gazebo/urdf/sim_gazebo.xacro -> /home/vardan/OWL_Sorting/ros2_ws/install/owl_gazebo/share/owl_gazebo/urdf
[1.717s] symbolically linking /home/vardan/OWL_Sorting/ros2_ws/build/owl_gazebo/urdf/gazebo_plugins.xacro -> /home/vardan/OWL_Sorting/ros2_ws/install/owl_gazebo/share/owl_gazebo/urdf
[1.717s] creating /home/vardan/OWL_Sorting/ros2_ws/install/owl_gazebo/share/owl_gazebo/launch
[1.718s] symbolically linking /home/vardan/OWL_Sorting/ros2_ws/build/owl_gazebo/launch/sim.launch.py -> /home/vardan/OWL_Sorting/ros2_ws/install/owl_gazebo/share/owl_gazebo/launch
[1.718s] creating /home/vardan/OWL_Sorting/ros2_ws/install/owl_gazebo/share/owl_gazebo/world
[1.718s] symbolically linking /home/vardan/OWL_Sorting/ros2_ws/build/owl_gazebo/world/empty.world -> /home/vardan/OWL_Sorting/ros2_ws/install/owl_gazebo/share/owl_gazebo/world
[1.719s] symbolically linking /home/vardan/OWL_Sorting/ros2_ws/build/owl_gazebo/world/table.world -> /home/vardan/OWL_Sorting/ros2_ws/install/owl_gazebo/share/owl_gazebo/world
[1.719s] creating /home/vardan/OWL_Sorting/ros2_ws/install/owl_gazebo/share/owl_gazebo/modles
[1.720s] symbolically linking /home/vardan/OWL_Sorting/ros2_ws/build/owl_gazebo/models/model-1_2.sdf -> /home/vardan/OWL_Sorting/ros2_ws/install/owl_gazebo/share/owl_gazebo/modles
[1.720s] symbolically linking /home/vardan/OWL_Sorting/ros2_ws/build/owl_gazebo/models/model.sdf -> /home/vardan/OWL_Sorting/ros2_ws/install/owl_gazebo/share/owl_gazebo/modles
[1.720s] symbolically linking /home/vardan/OWL_Sorting/ros2_ws/build/owl_gazebo/models/yellow_block.sdf -> /home/vardan/OWL_Sorting/ros2_ws/install/owl_gazebo/share/owl_gazebo/modles
[1.721s] symbolically linking /home/vardan/OWL_Sorting/ros2_ws/build/owl_gazebo/models/blue_block.sdf -> /home/vardan/OWL_Sorting/ros2_ws/install/owl_gazebo/share/owl_gazebo/modles
[1.721s] symbolically linking /home/vardan/OWL_Sorting/ros2_ws/build/owl_gazebo/models/model-1_4.sdf -> /home/vardan/OWL_Sorting/ros2_ws/install/owl_gazebo/share/owl_gazebo/modles
[1.722s] symbolically linking /home/vardan/OWL_Sorting/ros2_ws/build/owl_gazebo/models/green_block.sdf -> /home/vardan/OWL_Sorting/ros2_ws/install/owl_gazebo/share/owl_gazebo/modles
[1.722s] symbolically linking /home/vardan/OWL_Sorting/ros2_ws/build/owl_gazebo/models/model-1_3.sdf -> /home/vardan/OWL_Sorting/ros2_ws/install/owl_gazebo/share/owl_gazebo/modles
[1.722s] symbolically linking /home/vardan/OWL_Sorting/ros2_ws/build/owl_gazebo/models/red_block.sdf -> /home/vardan/OWL_Sorting/ros2_ws/install/owl_gazebo/share/owl_gazebo/modles
[1.723s] symbolically linking /home/vardan/OWL_Sorting/ros2_ws/build/owl_gazebo/models/model.config -> /home/vardan/OWL_Sorting/ros2_ws/install/owl_gazebo/share/owl_gazebo/modles
[1.776s] Invoked command in '/home/vardan/OWL_Sorting/ros2_ws/build/owl_gazebo' returned '0': AMENT_PREFIX_PATH=/home/vardan/OWL_Sorting/ros2_ws/install/owl_description:/home/vardan/OWL_Sorting/ros2_ws/install/owl_gazebo:/home/vardan/Introduction-to-Robotics/Module2/ros2_ws/install/moveit_pkgs:/home/vardan/Introduction-to-Robotics/Module2/ros2_ws/install/owl_robot:/home/vardan/RAKSH-Autonomous-Pesticide-Spraying-Robot/ros2_ws/install/raksh_description:/home/vardan/RAKSH-Autonomous-Pesticide-Spraying-Robot/ros2_ws/install/disease_detection:/home/vardan/Introduction-to-Robotics/Module1/ros2_wk/install/manipulator_simulation:/opt/ros/humble PYTHONPATH=/home/vardan/OWL_Sorting/ros2_ws/build/owl_gazebo/prefix_override:/usr/lib/python3/dist-packages/colcon_core/task/python/colcon_distutils_commands:/home/vardan/OWL_Sorting/ros2_ws/install/owl_gazebo/lib/python3.10/site-packages:/home/vardan/OWL_Sorting/ros2_ws/build/owl_description:/home/vardan/OWL_Sorting/ros2_ws/install/owl_description/lib/python3.10/site-packages:/home/aaditya/OWL_Sorting/ros2_ws/build/owl_gazebo:/home/vardan/OWL_Sorting/ros2_ws/install/owl_gazebo/lib/python3.10/site-packages:/home/aaditya/OWL_Sorting/ros2_ws/build/owl_description:/home/vardan/Introduction-to-Robotics/Module2/ros2_ws/build/owl_robot:/home/vardan/Introduction-to-Robotics/Module2/ros2_ws/install/owl_robot/lib/python3.10/site-packages:/home/vardan/RAKSH-Autonomous-Pesticide-Spraying-Robot/ros2_ws/build/raksh_description:/home/vardan/RAKSH-Autonomous-Pesticide-Spraying-Robot/ros2_ws/install/raksh_description/lib/python3.10/site-packages:/home/vardan/RAKSH-Autonomous-Pesticide-Spraying-Robot/ros2_ws/build/disease_detection:/home/vardan/RAKSH-Autonomous-Pesticide-Spraying-Robot/ros2_ws/install/disease_detection/lib/python3.10/site-packages:/home/vardan/Introduction-to-Robotics/Assignment1/ros2_wk/build/manipulator_simulation:/home/vardan/Introduction-to-Robotics/Module1/ros2_wk/install/manipulator_simulation/lib/python3.10/site-packages:/opt/ros/humble/lib/python3.10/site-packages:/opt/ros/humble/local/lib/python3.10/dist-packages /usr/bin/python3 -W ignore:setup.py install is deprecated setup.py develop --editable --build-directory /home/vardan/OWL_Sorting/ros2_ws/build/owl_gazebo/build --no-deps symlink_data
