running develop
running egg_info
creating owl_gazebo.egg-info
writing owl_gazebo.egg-info/PKG-INFO
writing dependency_links to owl_gazebo.egg-info/dependency_links.txt
writing entry points to owl_gazebo.egg-info/entry_points.txt
writing requirements to owl_gazebo.egg-info/requires.txt
writing top-level names to owl_gazebo.egg-info/top_level.txt
writing manifest file 'owl_gazebo.egg-info/SOURCES.txt'
reading manifest file 'owl_gazebo.egg-info/SOURCES.txt'
writing manifest file 'owl_gazebo.egg-info/SOURCES.txt'
running build_ext
Creating /home/vardan/OWL_Sorting/ros2_ws/install/owl_gazebo/lib/python3.10/site-packages/owl-gazebo.egg-link (link to .)

Installed /home/vardan/OWL_Sorting/ros2_ws/build/owl_gazebo
running symlink_data
creating /home/vardan/OWL_Sorting/ros2_ws/install/owl_gazebo/share/owl_gazebo/models
symbolically linking /home/vardan/OWL_Sorting/ros2_ws/build/owl_gazebo/models/model-1_2.sdf -> /home/vardan/OWL_Sorting/ros2_ws/install/owl_gazebo/share/owl_gazebo/models
symbolically linking /home/vardan/OWL_Sorting/ros2_ws/build/owl_gazebo/models/model.sdf -> /home/vardan/OWL_Sorting/ros2_ws/install/owl_gazebo/share/owl_gazebo/models
symbolically linking /home/vardan/OWL_Sorting/ros2_ws/build/owl_gazebo/models/model-1_4.sdf -> /home/vardan/OWL_Sorting/ros2_ws/install/owl_gazebo/share/owl_gazebo/models
symbolically linking /home/vardan/OWL_Sorting/ros2_ws/build/owl_gazebo/models/model-1_3.sdf -> /home/vardan/OWL_Sorting/ros2_ws/install/owl_gazebo/share/owl_gazebo/models
symbolically linking /home/vardan/OWL_Sorting/ros2_ws/build/owl_gazebo/models/model.config -> /home/vardan/OWL_Sorting/ros2_ws/install/owl_gazebo/share/owl_gazebo/models
