[0.260s] DEBUG:colcon:Command line arguments: ['/usr/bin/colcon', 'build', '--symlink-install']
[0.260s] DEBUG:colcon:Parsed command line arguments: Namespace(log_base=None, log_level=None, verb_name='build', build_base='build', install_base='install', merge_install=False, symlink_install=True, test_result_base=None, continue_on_error=False, executor='parallel', parallel_workers=4, event_handlers=None, ignore_user_meta=False, metas=['./colcon.meta'], base_paths=['.'], packages_ignore=None, packages_ignore_regex=None, paths=None, packages_up_to=None, packages_up_to_regex=None, packages_above=None, packages_above_and_dependencies=None, packages_above_depth=None, packages_select_by_dep=None, packages_skip_by_dep=None, packages_skip_up_to=None, packages_select_build_failed=False, packages_skip_build_finished=False, packages_select_test_failures=False, packages_skip_test_passed=False, packages_select=None, packages_skip=None, packages_select_regex=None, packages_skip_regex=None, packages_start=None, packages_end=None, allow_overriding=[], cmake_args=None, cmake_target=None, cmake_target_skip_unavailable=False, cmake_clean_cache=False, cmake_clean_first=False, cmake_force_configure=False, ament_cmake_args=None, catkin_cmake_args=None, catkin_skip_building_tests=False, verb_parser=<colcon_defaults.argument_parser.defaults.DefaultArgumentsDecorator object at 0x7f1997df2290>, verb_extension=<colcon_core.verb.build.BuildVerb object at 0x7f1997df1d80>, main=<bound method BuildVerb.main of <colcon_core.verb.build.BuildVerb object at 0x7f1997df1d80>>)
[0.486s] Level 1:colcon.colcon_core.package_discovery:discover_packages(colcon_meta) check parameters
[0.487s] Level 1:colcon.colcon_core.package_discovery:discover_packages(recursive) check parameters
[0.487s] Level 1:colcon.colcon_core.package_discovery:discover_packages(ignore) check parameters
[0.487s] Level 1:colcon.colcon_core.package_discovery:discover_packages(path) check parameters
[0.487s] Level 1:colcon.colcon_core.package_discovery:discover_packages(colcon_meta) discover
[0.487s] Level 1:colcon.colcon_core.package_discovery:discover_packages(recursive) discover
[0.487s] INFO:colcon.colcon_core.package_discovery:Crawling recursively for packages in '/home/vardan/OWL_Sorting/ros2_ws'
[0.487s] Level 1:colcon.colcon_core.package_identification:_identify(.) by extensions ['ignore', 'ignore_ament_install']
[0.487s] Level 1:colcon.colcon_core.package_identification:_identify(.) by extension 'ignore'
[0.487s] Level 1:colcon.colcon_core.package_identification:_identify(.) by extension 'ignore_ament_install'
[0.488s] Level 1:colcon.colcon_core.package_identification:_identify(.) by extensions ['colcon_pkg']
[0.488s] Level 1:colcon.colcon_core.package_identification:_identify(.) by extension 'colcon_pkg'
[0.488s] Level 1:colcon.colcon_core.package_identification:_identify(.) by extensions ['colcon_meta']
[0.488s] Level 1:colcon.colcon_core.package_identification:_identify(.) by extension 'colcon_meta'
[0.488s] Level 1:colcon.colcon_core.package_identification:_identify(.) by extensions ['ros']
[0.488s] Level 1:colcon.colcon_core.package_identification:_identify(.) by extension 'ros'
[0.508s] Level 1:colcon.colcon_core.package_identification:_identify(.) by extensions ['cmake', 'python']
[0.508s] Level 1:colcon.colcon_core.package_identification:_identify(.) by extension 'cmake'
[0.509s] Level 1:colcon.colcon_core.package_identification:_identify(.) by extension 'python'
[0.509s] Level 1:colcon.colcon_core.package_identification:_identify(.) by extensions ['python_setup_py']
[0.509s] Level 1:colcon.colcon_core.package_identification:_identify(.) by extension 'python_setup_py'
[0.509s] Level 1:colcon.colcon_core.package_identification:_identify(build) by extensions ['ignore', 'ignore_ament_install']
[0.509s] Level 1:colcon.colcon_core.package_identification:_identify(build) by extension 'ignore'
[0.509s] Level 1:colcon.colcon_core.package_identification:_identify(build) ignored
[0.510s] Level 1:colcon.colcon_core.package_identification:_identify(install) by extensions ['ignore', 'ignore_ament_install']
[0.510s] Level 1:colcon.colcon_core.package_identification:_identify(install) by extension 'ignore'
[0.510s] Level 1:colcon.colcon_core.package_identification:_identify(install) ignored
[0.510s] Level 1:colcon.colcon_core.package_identification:_identify(log) by extensions ['ignore', 'ignore_ament_install']
[0.510s] Level 1:colcon.colcon_core.package_identification:_identify(log) by extension 'ignore'
[0.510s] Level 1:colcon.colcon_core.package_identification:_identify(log) ignored
[0.511s] Level 1:colcon.colcon_core.package_identification:_identify(src) by extensions ['ignore', 'ignore_ament_install']
[0.511s] Level 1:colcon.colcon_core.package_identification:_identify(src) by extension 'ignore'
[0.511s] Level 1:colcon.colcon_core.package_identification:_identify(src) by extension 'ignore_ament_install'
[0.511s] Level 1:colcon.colcon_core.package_identification:_identify(src) by extensions ['colcon_pkg']
[0.511s] Level 1:colcon.colcon_core.package_identification:_identify(src) by extension 'colcon_pkg'
[0.511s] Level 1:colcon.colcon_core.package_identification:_identify(src) by extensions ['colcon_meta']
[0.511s] Level 1:colcon.colcon_core.package_identification:_identify(src) by extension 'colcon_meta'
[0.511s] Level 1:colcon.colcon_core.package_identification:_identify(src) by extensions ['ros']
[0.511s] Level 1:colcon.colcon_core.package_identification:_identify(src) by extension 'ros'
[0.511s] Level 1:colcon.colcon_core.package_identification:_identify(src) by extensions ['cmake', 'python']
[0.511s] Level 1:colcon.colcon_core.package_identification:_identify(src) by extension 'cmake'
[0.511s] Level 1:colcon.colcon_core.package_identification:_identify(src) by extension 'python'
[0.511s] Level 1:colcon.colcon_core.package_identification:_identify(src) by extensions ['python_setup_py']
[0.511s] Level 1:colcon.colcon_core.package_identification:_identify(src) by extension 'python_setup_py'
[0.511s] Level 1:colcon.colcon_core.package_identification:_identify(src/owl_cv) by extensions ['ignore', 'ignore_ament_install']
[0.512s] Level 1:colcon.colcon_core.package_identification:_identify(src/owl_cv) by extension 'ignore'
[0.512s] Level 1:colcon.colcon_core.package_identification:_identify(src/owl_cv) by extension 'ignore_ament_install'
[0.512s] Level 1:colcon.colcon_core.package_identification:_identify(src/owl_cv) by extensions ['colcon_pkg']
[0.512s] Level 1:colcon.colcon_core.package_identification:_identify(src/owl_cv) by extension 'colcon_pkg'
[0.512s] Level 1:colcon.colcon_core.package_identification:_identify(src/owl_cv) by extensions ['colcon_meta']
[0.512s] Level 1:colcon.colcon_core.package_identification:_identify(src/owl_cv) by extension 'colcon_meta'
[0.512s] Level 1:colcon.colcon_core.package_identification:_identify(src/owl_cv) by extensions ['ros']
[0.512s] Level 1:colcon.colcon_core.package_identification:_identify(src/owl_cv) by extension 'ros'
[0.517s] DEBUG:colcon.colcon_core.package_identification:Found ROS schema reference in package manifest in 'src/owl_cv'
[0.517s] WARNING:colcon.colcon_core.package_identification:Failed to parse ROS package manifest in 'src/owl_cv': Error(s) in package 'src/owl_cv/package.xml':
Error(s):
- The generic dependency on 'rclpy' is redundant with: exec_depend
[0.517s] Level 1:colcon.colcon_core.package_identification:_identify(src/owl_cv) by extensions ['cmake', 'python']
[0.517s] Level 1:colcon.colcon_core.package_identification:_identify(src/owl_cv) by extension 'cmake'
[0.517s] Level 1:colcon.colcon_core.package_identification:_identify(src/owl_cv) by extension 'python'
[0.518s] DEBUG:colcon.colcon_core.package_identification:Python package in 'src/owl_cv' passes arguments to the setup() function which requires a different identification extension than 'python'
[0.518s] Level 1:colcon.colcon_core.package_identification:_identify(src/owl_cv) by extensions ['python_setup_py']
[0.518s] Level 1:colcon.colcon_core.package_identification:_identify(src/owl_cv) by extension 'python_setup_py'
[0.868s] DEBUG:colcon.colcon_core.package_identification:Package 'src/owl_cv' with type 'python' and name 'owl_cv'
[0.868s] Level 1:colcon.colcon_core.package_identification:_identify(src/owl_description) by extensions ['ignore', 'ignore_ament_install']
[0.868s] Level 1:colcon.colcon_core.package_identification:_identify(src/owl_description) by extension 'ignore'
[0.869s] Level 1:colcon.colcon_core.package_identification:_identify(src/owl_description) by extension 'ignore_ament_install'
[0.869s] Level 1:colcon.colcon_core.package_identification:_identify(src/owl_description) by extensions ['colcon_pkg']
[0.869s] Level 1:colcon.colcon_core.package_identification:_identify(src/owl_description) by extension 'colcon_pkg'
[0.869s] Level 1:colcon.colcon_core.package_identification:_identify(src/owl_description) by extensions ['colcon_meta']
[0.869s] Level 1:colcon.colcon_core.package_identification:_identify(src/owl_description) by extension 'colcon_meta'
[0.869s] Level 1:colcon.colcon_core.package_identification:_identify(src/owl_description) by extensions ['ros']
[0.869s] Level 1:colcon.colcon_core.package_identification:_identify(src/owl_description) by extension 'ros'
[0.872s] DEBUG:colcon.colcon_core.package_identification:Package 'src/owl_description' with type 'ros.ament_python' and name 'owl_description'
[0.872s] Level 1:colcon.colcon_core.package_identification:_identify(src/owl_gazebo) by extensions ['ignore', 'ignore_ament_install']
[0.872s] Level 1:colcon.colcon_core.package_identification:_identify(src/owl_gazebo) by extension 'ignore'
[0.872s] Level 1:colcon.colcon_core.package_identification:_identify(src/owl_gazebo) by extension 'ignore_ament_install'
[0.873s] Level 1:colcon.colcon_core.package_identification:_identify(src/owl_gazebo) by extensions ['colcon_pkg']
[0.873s] Level 1:colcon.colcon_core.package_identification:_identify(src/owl_gazebo) by extension 'colcon_pkg'
[0.873s] Level 1:colcon.colcon_core.package_identification:_identify(src/owl_gazebo) by extensions ['colcon_meta']
[0.873s] Level 1:colcon.colcon_core.package_identification:_identify(src/owl_gazebo) by extension 'colcon_meta'
[0.874s] Level 1:colcon.colcon_core.package_identification:_identify(src/owl_gazebo) by extensions ['ros']
[0.874s] Level 1:colcon.colcon_core.package_identification:_identify(src/owl_gazebo) by extension 'ros'
[0.875s] DEBUG:colcon.colcon_core.package_identification:Package 'src/owl_gazebo' with type 'ros.ament_python' and name 'owl_gazebo'
[0.876s] Level 1:colcon.colcon_core.package_identification:_identify(src/owl_moveit_config) by extensions ['ignore', 'ignore_ament_install']
[0.876s] Level 1:colcon.colcon_core.package_identification:_identify(src/owl_moveit_config) by extension 'ignore'
[0.876s] Level 1:colcon.colcon_core.package_identification:_identify(src/owl_moveit_config) by extension 'ignore_ament_install'
[0.876s] Level 1:colcon.colcon_core.package_identification:_identify(src/owl_moveit_config) by extensions ['colcon_pkg']
[0.876s] Level 1:colcon.colcon_core.package_identification:_identify(src/owl_moveit_config) by extension 'colcon_pkg'
[0.877s] Level 1:colcon.colcon_core.package_identification:_identify(src/owl_moveit_config) by extensions ['colcon_meta']
[0.877s] Level 1:colcon.colcon_core.package_identification:_identify(src/owl_moveit_config) by extension 'colcon_meta'
[0.877s] Level 1:colcon.colcon_core.package_identification:_identify(src/owl_moveit_config) by extensions ['ros']
[0.877s] Level 1:colcon.colcon_core.package_identification:_identify(src/owl_moveit_config) by extension 'ros'
[0.878s] DEBUG:colcon.colcon_core.package_identification:Package 'src/owl_moveit_config' with type 'ros.ament_cmake' and name 'owl_moveit_config'
[0.878s] Level 1:colcon.colcon_core.package_discovery:discover_packages(recursive) using defaults
[0.879s] Level 1:colcon.colcon_core.package_discovery:discover_packages(ignore) discover
[0.879s] Level 1:colcon.colcon_core.package_discovery:discover_packages(ignore) using defaults
[0.879s] Level 1:colcon.colcon_core.package_discovery:discover_packages(path) discover
[0.879s] Level 1:colcon.colcon_core.package_discovery:discover_packages(path) using defaults
[0.927s] Level 1:colcon.colcon_core.package_discovery:discover_packages(prefix_path) check parameters
[0.927s] Level 1:colcon.colcon_core.package_discovery:discover_packages(prefix_path) discover
[0.934s] DEBUG:colcon.colcon_installed_package_information.package_discovery:Found 4 installed packages in /home/vardan/OWL_Sorting/ros2_ws/install
[0.935s] DEBUG:colcon.colcon_installed_package_information.package_discovery:Found 2 installed packages in /home/vardan/RAKSH-Autonomous-Pesticide-Spraying-Robot/ros2_ws/install
[0.936s] DEBUG:colcon.colcon_installed_package_information.package_discovery:Found 1 installed packages in /home/vardan/Introduction-to-Robotics/Module1/ros2_wk/install
[0.936s] DEBUG:colcon.colcon_installed_package_information.package_discovery:Found 2 installed packages in /home/vardan/Introduction-to-Robotics/Module2/ros2_ws/install
[0.940s] DEBUG:colcon.colcon_installed_package_information.package_discovery:Found 352 installed packages in /opt/ros/humble
[0.956s] Level 1:colcon.colcon_core.package_discovery:discover_packages(prefix_path) using defaults
[1.029s] Level 5:colcon.colcon_core.verb:set package 'owl_cv' build argument 'cmake_args' from command line to 'None'
[1.029s] Level 5:colcon.colcon_core.verb:set package 'owl_cv' build argument 'cmake_target' from command line to 'None'
[1.030s] Level 5:colcon.colcon_core.verb:set package 'owl_cv' build argument 'cmake_target_skip_unavailable' from command line to 'False'
[1.030s] Level 5:colcon.colcon_core.verb:set package 'owl_cv' build argument 'cmake_clean_cache' from command line to 'False'
[1.030s] Level 5:colcon.colcon_core.verb:set package 'owl_cv' build argument 'cmake_clean_first' from command line to 'False'
[1.030s] Level 5:colcon.colcon_core.verb:set package 'owl_cv' build argument 'cmake_force_configure' from command line to 'False'
[1.030s] Level 5:colcon.colcon_core.verb:set package 'owl_cv' build argument 'ament_cmake_args' from command line to 'None'
[1.030s] Level 5:colcon.colcon_core.verb:set package 'owl_cv' build argument 'catkin_cmake_args' from command line to 'None'
[1.030s] Level 5:colcon.colcon_core.verb:set package 'owl_cv' build argument 'catkin_skip_building_tests' from command line to 'False'
[1.030s] DEBUG:colcon.colcon_core.verb:Building package 'owl_cv' with the following arguments: {'ament_cmake_args': None, 'build_base': '/home/vardan/OWL_Sorting/ros2_ws/build/owl_cv', 'catkin_cmake_args': None, 'catkin_skip_building_tests': False, 'cmake_args': None, 'cmake_clean_cache': False, 'cmake_clean_first': False, 'cmake_force_configure': False, 'cmake_target': None, 'cmake_target_skip_unavailable': False, 'install_base': '/home/vardan/OWL_Sorting/ros2_ws/install/owl_cv', 'merge_install': False, 'path': '/home/vardan/OWL_Sorting/ros2_ws/src/owl_cv', 'symlink_install': True, 'test_result_base': None}
[1.030s] Level 5:colcon.colcon_core.verb:set package 'owl_description' build argument 'cmake_args' from command line to 'None'
[1.030s] Level 5:colcon.colcon_core.verb:set package 'owl_description' build argument 'cmake_target' from command line to 'None'
[1.030s] Level 5:colcon.colcon_core.verb:set package 'owl_description' build argument 'cmake_target_skip_unavailable' from command line to 'False'
[1.030s] Level 5:colcon.colcon_core.verb:set package 'owl_description' build argument 'cmake_clean_cache' from command line to 'False'
[1.030s] Level 5:colcon.colcon_core.verb:set package 'owl_description' build argument 'cmake_clean_first' from command line to 'False'
[1.030s] Level 5:colcon.colcon_core.verb:set package 'owl_description' build argument 'cmake_force_configure' from command line to 'False'
[1.030s] Level 5:colcon.colcon_core.verb:set package 'owl_description' build argument 'ament_cmake_args' from command line to 'None'
[1.030s] Level 5:colcon.colcon_core.verb:set package 'owl_description' build argument 'catkin_cmake_args' from command line to 'None'
[1.030s] Level 5:colcon.colcon_core.verb:set package 'owl_description' build argument 'catkin_skip_building_tests' from command line to 'False'
[1.031s] DEBUG:colcon.colcon_core.verb:Building package 'owl_description' with the following arguments: {'ament_cmake_args': None, 'build_base': '/home/vardan/OWL_Sorting/ros2_ws/build/owl_description', 'catkin_cmake_args': None, 'catkin_skip_building_tests': False, 'cmake_args': None, 'cmake_clean_cache': False, 'cmake_clean_first': False, 'cmake_force_configure': False, 'cmake_target': None, 'cmake_target_skip_unavailable': False, 'install_base': '/home/vardan/OWL_Sorting/ros2_ws/install/owl_description', 'merge_install': False, 'path': '/home/vardan/OWL_Sorting/ros2_ws/src/owl_description', 'symlink_install': True, 'test_result_base': None}
[1.031s] Level 5:colcon.colcon_core.verb:set package 'owl_gazebo' build argument 'cmake_args' from command line to 'None'
[1.031s] Level 5:colcon.colcon_core.verb:set package 'owl_gazebo' build argument 'cmake_target' from command line to 'None'
[1.031s] Level 5:colcon.colcon_core.verb:set package 'owl_gazebo' build argument 'cmake_target_skip_unavailable' from command line to 'False'
[1.031s] Level 5:colcon.colcon_core.verb:set package 'owl_gazebo' build argument 'cmake_clean_cache' from command line to 'False'
[1.031s] Level 5:colcon.colcon_core.verb:set package 'owl_gazebo' build argument 'cmake_clean_first' from command line to 'False'
[1.031s] Level 5:colcon.colcon_core.verb:set package 'owl_gazebo' build argument 'cmake_force_configure' from command line to 'False'
[1.031s] Level 5:colcon.colcon_core.verb:set package 'owl_gazebo' build argument 'ament_cmake_args' from command line to 'None'
[1.031s] Level 5:colcon.colcon_core.verb:set package 'owl_gazebo' build argument 'catkin_cmake_args' from command line to 'None'
[1.031s] Level 5:colcon.colcon_core.verb:set package 'owl_gazebo' build argument 'catkin_skip_building_tests' from command line to 'False'
[1.031s] DEBUG:colcon.colcon_core.verb:Building package 'owl_gazebo' with the following arguments: {'ament_cmake_args': None, 'build_base': '/home/vardan/OWL_Sorting/ros2_ws/build/owl_gazebo', 'catkin_cmake_args': None, 'catkin_skip_building_tests': False, 'cmake_args': None, 'cmake_clean_cache': False, 'cmake_clean_first': False, 'cmake_force_configure': False, 'cmake_target': None, 'cmake_target_skip_unavailable': False, 'install_base': '/home/vardan/OWL_Sorting/ros2_ws/install/owl_gazebo', 'merge_install': False, 'path': '/home/vardan/OWL_Sorting/ros2_ws/src/owl_gazebo', 'symlink_install': True, 'test_result_base': None}
[1.032s] Level 5:colcon.colcon_core.verb:set package 'owl_moveit_config' build argument 'cmake_args' from command line to 'None'
[1.032s] Level 5:colcon.colcon_core.verb:set package 'owl_moveit_config' build argument 'cmake_target' from command line to 'None'
[1.032s] Level 5:colcon.colcon_core.verb:set package 'owl_moveit_config' build argument 'cmake_target_skip_unavailable' from command line to 'False'
[1.032s] Level 5:colcon.colcon_core.verb:set package 'owl_moveit_config' build argument 'cmake_clean_cache' from command line to 'False'
[1.032s] Level 5:colcon.colcon_core.verb:set package 'owl_moveit_config' build argument 'cmake_clean_first' from command line to 'False'
[1.032s] Level 5:colcon.colcon_core.verb:set package 'owl_moveit_config' build argument 'cmake_force_configure' from command line to 'False'
[1.032s] Level 5:colcon.colcon_core.verb:set package 'owl_moveit_config' build argument 'ament_cmake_args' from command line to 'None'
[1.032s] Level 5:colcon.colcon_core.verb:set package 'owl_moveit_config' build argument 'catkin_cmake_args' from command line to 'None'
[1.032s] Level 5:colcon.colcon_core.verb:set package 'owl_moveit_config' build argument 'catkin_skip_building_tests' from command line to 'False'
[1.032s] DEBUG:colcon.colcon_core.verb:Building package 'owl_moveit_config' with the following arguments: {'ament_cmake_args': None, 'build_base': '/home/vardan/OWL_Sorting/ros2_ws/build/owl_moveit_config', 'catkin_cmake_args': None, 'catkin_skip_building_tests': False, 'cmake_args': None, 'cmake_clean_cache': False, 'cmake_clean_first': False, 'cmake_force_configure': False, 'cmake_target': None, 'cmake_target_skip_unavailable': False, 'install_base': '/home/vardan/OWL_Sorting/ros2_ws/install/owl_moveit_config', 'merge_install': False, 'path': '/home/vardan/OWL_Sorting/ros2_ws/src/owl_moveit_config', 'symlink_install': True, 'test_result_base': None}
[1.032s] INFO:colcon.colcon_core.executor:Executing jobs using 'parallel' executor
[1.033s] DEBUG:colcon.colcon_parallel_executor.executor.parallel:run_until_complete
[1.034s] INFO:colcon.colcon_ros.task.ament_python.build:Building ROS package in '/home/vardan/OWL_Sorting/ros2_ws/src/owl_description' with build type 'ament_python'
[1.034s] Level 1:colcon.colcon_core.shell:create_environment_hook('owl_description', 'ament_prefix_path')
[1.039s] INFO:colcon.colcon_core.plugin_system:Skipping extension 'colcon_core.shell.bat': Not used on non-Windows systems
[1.039s] INFO:colcon.colcon_core.shell:Creating environment hook '/home/vardan/OWL_Sorting/ros2_ws/install/owl_description/share/owl_description/hook/ament_prefix_path.ps1'
[1.040s] INFO:colcon.colcon_core.shell:Creating environment descriptor '/home/vardan/OWL_Sorting/ros2_ws/install/owl_description/share/owl_description/hook/ament_prefix_path.dsv'
[1.041s] INFO:colcon.colcon_core.shell:Creating environment hook '/home/vardan/OWL_Sorting/ros2_ws/install/owl_description/share/owl_description/hook/ament_prefix_path.sh'
[1.043s] INFO:colcon.colcon_core.shell:Skip shell extension 'powershell' for command environment: Not usable outside of PowerShell
[1.043s] DEBUG:colcon.colcon_core.shell:Skip shell extension 'dsv' for command environment
[1.052s] INFO:colcon.colcon_core.task.python.build:Building Python package in '/home/vardan/OWL_Sorting/ros2_ws/src/owl_cv'
[1.053s] INFO:colcon.colcon_core.shell:Skip shell extension 'powershell' for command environment: Not usable outside of PowerShell
[1.053s] DEBUG:colcon.colcon_core.shell:Skip shell extension 'dsv' for command environment
[1.454s] INFO:colcon.colcon_core.task.python.build:Building Python package in '/home/vardan/OWL_Sorting/ros2_ws/src/owl_description'
[1.454s] INFO:colcon.colcon_core.shell:Skip shell extension 'powershell' for command environment: Not usable outside of PowerShell
[1.455s] DEBUG:colcon.colcon_core.shell:Skip shell extension 'dsv' for command environment
[2.555s] DEBUG:colcon.colcon_core.event_handler.log_command:Invoking command in '/home/vardan/OWL_Sorting/ros2_ws/build/owl_description': PYTHONPATH=/home/vardan/OWL_Sorting/ros2_ws/build/owl_description/prefix_override:/usr/lib/python3/dist-packages/colcon_core/task/python/colcon_distutils_commands:/home/vardan/OWL_Sorting/ros2_ws/install/owl_description/lib/python3.10/site-packages:${PYTHONPATH} /usr/bin/python3 -W ignore:setup.py install is deprecated setup.py develop --editable --build-directory /home/vardan/OWL_Sorting/ros2_ws/build/owl_description/build --no-deps symlink_data
[2.565s] DEBUG:colcon.colcon_core.event_handler.log_command:Invoking command in '/home/vardan/OWL_Sorting/ros2_ws/build/owl_cv': PYTHONPATH=/home/vardan/OWL_Sorting/ros2_ws/build/owl_cv/prefix_override:/usr/lib/python3/dist-packages/colcon_core/task/python/colcon_distutils_commands:/home/vardan/OWL_Sorting/ros2_ws/install/owl_cv/lib/python3.10/site-packages:${PYTHONPATH} /usr/bin/python3 -W ignore:setup.py install is deprecated setup.py develop --editable --build-directory /home/vardan/OWL_Sorting/ros2_ws/build/owl_cv/build --no-deps symlink_data
[3.387s] Level 1:colcon.colcon_core.shell:create_environment_hook('owl_description', 'pythonpath_develop')
[3.387s] INFO:colcon.colcon_core.shell:Creating environment hook '/home/vardan/OWL_Sorting/ros2_ws/build/owl_description/share/owl_description/hook/pythonpath_develop.ps1'
[3.388s] DEBUG:colcon.colcon_core.event_handler.log_command:Invoked command in '/home/vardan/OWL_Sorting/ros2_ws/build/owl_description' returned '0': PYTHONPATH=/home/vardan/OWL_Sorting/ros2_ws/build/owl_description/prefix_override:/usr/lib/python3/dist-packages/colcon_core/task/python/colcon_distutils_commands:/home/vardan/OWL_Sorting/ros2_ws/install/owl_description/lib/python3.10/site-packages:${PYTHONPATH} /usr/bin/python3 -W ignore:setup.py install is deprecated setup.py develop --editable --build-directory /home/vardan/OWL_Sorting/ros2_ws/build/owl_description/build --no-deps symlink_data
[3.390s] INFO:colcon.colcon_core.shell:Creating environment descriptor '/home/vardan/OWL_Sorting/ros2_ws/build/owl_description/share/owl_description/hook/pythonpath_develop.dsv'
[3.391s] INFO:colcon.colcon_core.shell:Creating environment hook '/home/vardan/OWL_Sorting/ros2_ws/build/owl_description/share/owl_description/hook/pythonpath_develop.sh'
[3.398s] Level 1:colcon.colcon_core.environment:checking '/home/vardan/OWL_Sorting/ros2_ws/install/owl_description' for CMake module files
[3.398s] Level 1:colcon.colcon_core.environment:checking '/home/vardan/OWL_Sorting/ros2_ws/install/owl_description' for CMake config files
[3.400s] Level 1:colcon.colcon_core.environment:checking '/home/vardan/OWL_Sorting/ros2_ws/install/owl_description/lib'
[3.400s] Level 1:colcon.colcon_core.environment:checking '/home/vardan/OWL_Sorting/ros2_ws/install/owl_description/bin'
[3.401s] Level 1:colcon.colcon_core.environment:checking '/home/vardan/OWL_Sorting/ros2_ws/install/owl_description/lib/pkgconfig/owl_description.pc'
[3.401s] Level 1:colcon.colcon_core.environment:checking '/home/vardan/OWL_Sorting/ros2_ws/install/owl_description/lib/python3.10/site-packages'
[3.401s] Level 1:colcon.colcon_core.shell:create_environment_hook('owl_description', 'pythonpath')
[3.402s] INFO:colcon.colcon_core.shell:Creating environment hook '/home/vardan/OWL_Sorting/ros2_ws/install/owl_description/share/owl_description/hook/pythonpath.ps1'
[3.403s] INFO:colcon.colcon_core.shell:Creating environment descriptor '/home/vardan/OWL_Sorting/ros2_ws/install/owl_description/share/owl_description/hook/pythonpath.dsv'
[3.404s] INFO:colcon.colcon_core.shell:Creating environment hook '/home/vardan/OWL_Sorting/ros2_ws/install/owl_description/share/owl_description/hook/pythonpath.sh'
[3.406s] Level 1:colcon.colcon_core.environment:checking '/home/vardan/OWL_Sorting/ros2_ws/install/owl_description/bin'
[3.407s] Level 1:colcon.colcon_core.environment:create_environment_scripts_only(owl_description)
[3.408s] INFO:colcon.colcon_core.shell:Creating package script '/home/vardan/OWL_Sorting/ros2_ws/install/owl_description/share/owl_description/package.ps1'
[3.410s] INFO:colcon.colcon_core.shell:Creating package descriptor '/home/vardan/OWL_Sorting/ros2_ws/install/owl_description/share/owl_description/package.dsv'
[3.411s] INFO:colcon.colcon_core.shell:Creating package script '/home/vardan/OWL_Sorting/ros2_ws/install/owl_description/share/owl_description/package.sh'
[3.412s] INFO:colcon.colcon_core.shell:Creating package script '/home/vardan/OWL_Sorting/ros2_ws/install/owl_description/share/owl_description/package.bash'
[3.414s] INFO:colcon.colcon_core.shell:Creating package script '/home/vardan/OWL_Sorting/ros2_ws/install/owl_description/share/owl_description/package.zsh'
[3.415s] Level 1:colcon.colcon_core.environment:create_file_with_runtime_dependencies(/home/vardan/OWL_Sorting/ros2_ws/install/owl_description/share/colcon-core/packages/owl_description)
[3.416s] INFO:colcon.colcon_ros.task.ament_python.build:Building ROS package in '/home/vardan/OWL_Sorting/ros2_ws/src/owl_gazebo' with build type 'ament_python'
[3.416s] Level 1:colcon.colcon_core.shell:create_environment_hook('owl_gazebo', 'ament_prefix_path')
[3.416s] INFO:colcon.colcon_core.shell:Creating environment hook '/home/vardan/OWL_Sorting/ros2_ws/install/owl_gazebo/share/owl_gazebo/hook/ament_prefix_path.ps1'
[3.418s] INFO:colcon.colcon_core.shell:Creating environment descriptor '/home/vardan/OWL_Sorting/ros2_ws/install/owl_gazebo/share/owl_gazebo/hook/ament_prefix_path.dsv'
[3.419s] INFO:colcon.colcon_core.shell:Creating environment hook '/home/vardan/OWL_Sorting/ros2_ws/install/owl_gazebo/share/owl_gazebo/hook/ament_prefix_path.sh'
[3.420s] INFO:colcon.colcon_core.shell:Skip shell extension 'powershell' for command environment: Not usable outside of PowerShell
[3.420s] DEBUG:colcon.colcon_core.shell:Skip shell extension 'dsv' for command environment
[3.430s] INFO:colcon.colcon_ros.task.ament_cmake.build:Building ROS package in '/home/vardan/OWL_Sorting/ros2_ws/src/owl_moveit_config' with build type 'ament_cmake'
[3.432s] INFO:colcon.colcon_cmake.task.cmake.build:Building CMake package in '/home/vardan/OWL_Sorting/ros2_ws/src/owl_moveit_config'
[3.433s] INFO:colcon.colcon_core.shell:Skip shell extension 'powershell' for command environment: Not usable outside of PowerShell
[3.433s] DEBUG:colcon.colcon_core.shell:Skip shell extension 'dsv' for command environment
[3.460s] Level 1:colcon.colcon_core.shell:create_environment_hook('owl_cv', 'pythonpath_develop')
[3.461s] INFO:colcon.colcon_core.shell:Creating environment hook '/home/vardan/OWL_Sorting/ros2_ws/build/owl_cv/share/owl_cv/hook/pythonpath_develop.ps1'
[3.462s] DEBUG:colcon.colcon_core.event_handler.log_command:Invoked command in '/home/vardan/OWL_Sorting/ros2_ws/build/owl_cv' returned '0': PYTHONPATH=/home/vardan/OWL_Sorting/ros2_ws/build/owl_cv/prefix_override:/usr/lib/python3/dist-packages/colcon_core/task/python/colcon_distutils_commands:/home/vardan/OWL_Sorting/ros2_ws/install/owl_cv/lib/python3.10/site-packages:${PYTHONPATH} /usr/bin/python3 -W ignore:setup.py install is deprecated setup.py develop --editable --build-directory /home/vardan/OWL_Sorting/ros2_ws/build/owl_cv/build --no-deps symlink_data
[3.463s] INFO:colcon.colcon_core.shell:Creating environment descriptor '/home/vardan/OWL_Sorting/ros2_ws/build/owl_cv/share/owl_cv/hook/pythonpath_develop.dsv'
[3.464s] INFO:colcon.colcon_core.shell:Creating environment hook '/home/vardan/OWL_Sorting/ros2_ws/build/owl_cv/share/owl_cv/hook/pythonpath_develop.sh'
[3.466s] Level 1:colcon.colcon_core.environment:checking '/home/vardan/OWL_Sorting/ros2_ws/install/owl_cv' for CMake module files
[3.467s] Level 1:colcon.colcon_core.environment:checking '/home/vardan/OWL_Sorting/ros2_ws/install/owl_cv' for CMake config files
[3.468s] Level 1:colcon.colcon_core.environment:checking '/home/vardan/OWL_Sorting/ros2_ws/install/owl_cv/lib'
[3.469s] Level 1:colcon.colcon_core.environment:checking '/home/vardan/OWL_Sorting/ros2_ws/install/owl_cv/bin'
[3.469s] Level 1:colcon.colcon_core.environment:checking '/home/vardan/OWL_Sorting/ros2_ws/install/owl_cv/lib/pkgconfig/owl_cv.pc'
[3.469s] Level 1:colcon.colcon_core.environment:checking '/home/vardan/OWL_Sorting/ros2_ws/install/owl_cv/lib/python3.10/site-packages'
[3.470s] Level 1:colcon.colcon_core.shell:create_environment_hook('owl_cv', 'pythonpath')
[3.470s] INFO:colcon.colcon_core.shell:Creating environment hook '/home/vardan/OWL_Sorting/ros2_ws/install/owl_cv/share/owl_cv/hook/pythonpath.ps1'
[3.471s] INFO:colcon.colcon_core.shell:Creating environment descriptor '/home/vardan/OWL_Sorting/ros2_ws/install/owl_cv/share/owl_cv/hook/pythonpath.dsv'
[3.473s] INFO:colcon.colcon_core.shell:Creating environment hook '/home/vardan/OWL_Sorting/ros2_ws/install/owl_cv/share/owl_cv/hook/pythonpath.sh'
[3.484s] Level 1:colcon.colcon_core.environment:checking '/home/vardan/OWL_Sorting/ros2_ws/install/owl_cv/bin'
[3.484s] Level 1:colcon.colcon_core.environment:create_environment_scripts_only(owl_cv)
[3.485s] INFO:colcon.colcon_core.shell:Creating package script '/home/vardan/OWL_Sorting/ros2_ws/install/owl_cv/share/owl_cv/package.ps1'
[3.487s] INFO:colcon.colcon_core.shell:Creating package descriptor '/home/vardan/OWL_Sorting/ros2_ws/install/owl_cv/share/owl_cv/package.dsv'
[3.488s] INFO:colcon.colcon_core.shell:Creating package script '/home/vardan/OWL_Sorting/ros2_ws/install/owl_cv/share/owl_cv/package.sh'
[3.490s] INFO:colcon.colcon_core.shell:Creating package script '/home/vardan/OWL_Sorting/ros2_ws/install/owl_cv/share/owl_cv/package.bash'
[3.492s] INFO:colcon.colcon_core.shell:Creating package script '/home/vardan/OWL_Sorting/ros2_ws/install/owl_cv/share/owl_cv/package.zsh'
[3.493s] Level 1:colcon.colcon_core.environment:create_file_with_runtime_dependencies(/home/vardan/OWL_Sorting/ros2_ws/install/owl_cv/share/colcon-core/packages/owl_cv)
[3.972s] INFO:colcon.colcon_core.task.python.build:Building Python package in '/home/vardan/OWL_Sorting/ros2_ws/src/owl_gazebo'
[3.973s] INFO:colcon.colcon_core.shell:Skip shell extension 'powershell' for command environment: Not usable outside of PowerShell
[3.974s] DEBUG:colcon.colcon_core.shell:Skip shell extension 'dsv' for command environment
[3.993s] DEBUG:colcon.colcon_core.event_handler.log_command:Invoking command in '/home/vardan/OWL_Sorting/ros2_ws/build/owl_moveit_config': AMENT_PREFIX_PATH=/home/vardan/OWL_Sorting/ros2_ws/install/owl_description:/home/vardan/OWL_Sorting/ros2_ws/install/owl_moveit_config:/home/vardan/OWL_Sorting/ros2_ws/install/owl_gazebo:/home/vardan/Introduction-to-Robotics/Module2/ros2_ws/install/moveit_pkgs:/home/vardan/Introduction-to-Robotics/Module2/ros2_ws/install/owl_robot:/home/vardan/RAKSH-Autonomous-Pesticide-Spraying-Robot/ros2_ws/install/raksh_description:/home/vardan/RAKSH-Autonomous-Pesticide-Spraying-Robot/ros2_ws/install/disease_detection:/home/vardan/Introduction-to-Robotics/Module1/ros2_wk/install/manipulator_simulation:/opt/ros/humble CMAKE_PREFIX_PATH=${CMAKE_PREFIX_PATH}:/home/vardan/OWL_Sorting/ros2_ws/install/owl_gazebo:/home/vardan/OWL_Sorting/ros2_ws/install/owl_description:/home/vardan/Introduction-to-Robotics/Module2/ros2_ws/install/owl_robot:/home/vardan/RAKSH-Autonomous-Pesticide-Spraying-Robot/ros2_ws/install/raksh_description:/home/vardan/RAKSH-Autonomous-Pesticide-Spraying-Robot/ros2_ws/install/disease_detection:/home/vardan/Introduction-to-Robotics/Module1/ros2_wk/install/manipulator_simulation:/opt/ros/humble PYTHONPATH=/home/vardan/OWL_Sorting/ros2_ws/build/owl_description:/home/vardan/OWL_Sorting/ros2_ws/install/owl_description/lib/python3.10/site-packages:/home/vardan/OWL_Sorting/ros2_ws/build/owl_gazebo:/home/vardan/OWL_Sorting/ros2_ws/install/owl_gazebo/lib/python3.10/site-packages:/home/vardan/Introduction-to-Robotics/Module2/ros2_ws/build/owl_robot:/home/vardan/Introduction-to-Robotics/Module2/ros2_ws/install/owl_robot/lib/python3.10/site-packages:/home/vardan/RAKSH-Autonomous-Pesticide-Spraying-Robot/ros2_ws/build/raksh_description:/home/vardan/RAKSH-Autonomous-Pesticide-Spraying-Robot/ros2_ws/install/raksh_description/lib/python3.10/site-packages:/home/vardan/RAKSH-Autonomous-Pesticide-Spraying-Robot/ros2_ws/build/disease_detection:/home/vardan/RAKSH-Autonomous-Pesticide-Spraying-Robot/ros2_ws/install/disease_detection/lib/python3.10/site-packages:/home/vardan/Introduction-to-Robotics/Assignment1/ros2_wk/build/manipulator_simulation:/home/vardan/Introduction-to-Robotics/Module1/ros2_wk/install/manipulator_simulation/lib/python3.10/site-packages:/opt/ros/humble/lib/python3.10/site-packages:/opt/ros/humble/local/lib/python3.10/dist-packages /usr/bin/cmake --build /home/vardan/OWL_Sorting/ros2_ws/build/owl_moveit_config -- -j4 -l4
[4.089s] DEBUG:colcon.colcon_core.event_handler.log_command:Invoked command in '/home/vardan/OWL_Sorting/ros2_ws/build/owl_moveit_config' returned '0': AMENT_PREFIX_PATH=/home/vardan/OWL_Sorting/ros2_ws/install/owl_description:/home/vardan/OWL_Sorting/ros2_ws/install/owl_moveit_config:/home/vardan/OWL_Sorting/ros2_ws/install/owl_gazebo:/home/vardan/Introduction-to-Robotics/Module2/ros2_ws/install/moveit_pkgs:/home/vardan/Introduction-to-Robotics/Module2/ros2_ws/install/owl_robot:/home/vardan/RAKSH-Autonomous-Pesticide-Spraying-Robot/ros2_ws/install/raksh_description:/home/vardan/RAKSH-Autonomous-Pesticide-Spraying-Robot/ros2_ws/install/disease_detection:/home/vardan/Introduction-to-Robotics/Module1/ros2_wk/install/manipulator_simulation:/opt/ros/humble CMAKE_PREFIX_PATH=${CMAKE_PREFIX_PATH}:/home/vardan/OWL_Sorting/ros2_ws/install/owl_gazebo:/home/vardan/OWL_Sorting/ros2_ws/install/owl_description:/home/vardan/Introduction-to-Robotics/Module2/ros2_ws/install/owl_robot:/home/vardan/RAKSH-Autonomous-Pesticide-Spraying-Robot/ros2_ws/install/raksh_description:/home/vardan/RAKSH-Autonomous-Pesticide-Spraying-Robot/ros2_ws/install/disease_detection:/home/vardan/Introduction-to-Robotics/Module1/ros2_wk/install/manipulator_simulation:/opt/ros/humble PYTHONPATH=/home/vardan/OWL_Sorting/ros2_ws/build/owl_description:/home/vardan/OWL_Sorting/ros2_ws/install/owl_description/lib/python3.10/site-packages:/home/vardan/OWL_Sorting/ros2_ws/build/owl_gazebo:/home/vardan/OWL_Sorting/ros2_ws/install/owl_gazebo/lib/python3.10/site-packages:/home/vardan/Introduction-to-Robotics/Module2/ros2_ws/build/owl_robot:/home/vardan/Introduction-to-Robotics/Module2/ros2_ws/install/owl_robot/lib/python3.10/site-packages:/home/vardan/RAKSH-Autonomous-Pesticide-Spraying-Robot/ros2_ws/build/raksh_description:/home/vardan/RAKSH-Autonomous-Pesticide-Spraying-Robot/ros2_ws/install/raksh_description/lib/python3.10/site-packages:/home/vardan/RAKSH-Autonomous-Pesticide-Spraying-Robot/ros2_ws/build/disease_detection:/home/vardan/RAKSH-Autonomous-Pesticide-Spraying-Robot/ros2_ws/install/disease_detection/lib/python3.10/site-packages:/home/vardan/Introduction-to-Robotics/Assignment1/ros2_wk/build/manipulator_simulation:/home/vardan/Introduction-to-Robotics/Module1/ros2_wk/install/manipulator_simulation/lib/python3.10/site-packages:/opt/ros/humble/lib/python3.10/site-packages:/opt/ros/humble/local/lib/python3.10/dist-packages /usr/bin/cmake --build /home/vardan/OWL_Sorting/ros2_ws/build/owl_moveit_config -- -j4 -l4
[4.141s] DEBUG:colcon.colcon_core.event_handler.log_command:Invoking command in '/home/vardan/OWL_Sorting/ros2_ws/build/owl_moveit_config': AMENT_PREFIX_PATH=/home/vardan/OWL_Sorting/ros2_ws/install/owl_description:/home/vardan/OWL_Sorting/ros2_ws/install/owl_moveit_config:/home/vardan/OWL_Sorting/ros2_ws/install/owl_gazebo:/home/vardan/Introduction-to-Robotics/Module2/ros2_ws/install/moveit_pkgs:/home/vardan/Introduction-to-Robotics/Module2/ros2_ws/install/owl_robot:/home/vardan/RAKSH-Autonomous-Pesticide-Spraying-Robot/ros2_ws/install/raksh_description:/home/vardan/RAKSH-Autonomous-Pesticide-Spraying-Robot/ros2_ws/install/disease_detection:/home/vardan/Introduction-to-Robotics/Module1/ros2_wk/install/manipulator_simulation:/opt/ros/humble CMAKE_PREFIX_PATH=${CMAKE_PREFIX_PATH}:/home/vardan/OWL_Sorting/ros2_ws/install/owl_gazebo:/home/vardan/OWL_Sorting/ros2_ws/install/owl_description:/home/vardan/Introduction-to-Robotics/Module2/ros2_ws/install/owl_robot:/home/vardan/RAKSH-Autonomous-Pesticide-Spraying-Robot/ros2_ws/install/raksh_description:/home/vardan/RAKSH-Autonomous-Pesticide-Spraying-Robot/ros2_ws/install/disease_detection:/home/vardan/Introduction-to-Robotics/Module1/ros2_wk/install/manipulator_simulation:/opt/ros/humble PYTHONPATH=/home/vardan/OWL_Sorting/ros2_ws/build/owl_description:/home/vardan/OWL_Sorting/ros2_ws/install/owl_description/lib/python3.10/site-packages:/home/vardan/OWL_Sorting/ros2_ws/build/owl_gazebo:/home/vardan/OWL_Sorting/ros2_ws/install/owl_gazebo/lib/python3.10/site-packages:/home/vardan/Introduction-to-Robotics/Module2/ros2_ws/build/owl_robot:/home/vardan/Introduction-to-Robotics/Module2/ros2_ws/install/owl_robot/lib/python3.10/site-packages:/home/vardan/RAKSH-Autonomous-Pesticide-Spraying-Robot/ros2_ws/build/raksh_description:/home/vardan/RAKSH-Autonomous-Pesticide-Spraying-Robot/ros2_ws/install/raksh_description/lib/python3.10/site-packages:/home/vardan/RAKSH-Autonomous-Pesticide-Spraying-Robot/ros2_ws/build/disease_detection:/home/vardan/RAKSH-Autonomous-Pesticide-Spraying-Robot/ros2_ws/install/disease_detection/lib/python3.10/site-packages:/home/vardan/Introduction-to-Robotics/Assignment1/ros2_wk/build/manipulator_simulation:/home/vardan/Introduction-to-Robotics/Module1/ros2_wk/install/manipulator_simulation/lib/python3.10/site-packages:/opt/ros/humble/lib/python3.10/site-packages:/opt/ros/humble/local/lib/python3.10/dist-packages /usr/bin/cmake --install /home/vardan/OWL_Sorting/ros2_ws/build/owl_moveit_config
[4.202s] Level 1:colcon.colcon_core.environment:create_environment_scripts_only(owl_moveit_config)
[4.203s] Level 1:colcon.colcon_core.environment:checking '/home/vardan/OWL_Sorting/ros2_ws/install/owl_moveit_config' for CMake module files
[4.205s] Level 1:colcon.colcon_core.environment:checking '/home/vardan/OWL_Sorting/ros2_ws/install/owl_moveit_config' for CMake config files
[4.208s] DEBUG:colcon.colcon_core.event_handler.log_command:Invoked command in '/home/vardan/OWL_Sorting/ros2_ws/build/owl_moveit_config' returned '0': AMENT_PREFIX_PATH=/home/vardan/OWL_Sorting/ros2_ws/install/owl_description:/home/vardan/OWL_Sorting/ros2_ws/install/owl_moveit_config:/home/vardan/OWL_Sorting/ros2_ws/install/owl_gazebo:/home/vardan/Introduction-to-Robotics/Module2/ros2_ws/install/moveit_pkgs:/home/vardan/Introduction-to-Robotics/Module2/ros2_ws/install/owl_robot:/home/vardan/RAKSH-Autonomous-Pesticide-Spraying-Robot/ros2_ws/install/raksh_description:/home/vardan/RAKSH-Autonomous-Pesticide-Spraying-Robot/ros2_ws/install/disease_detection:/home/vardan/Introduction-to-Robotics/Module1/ros2_wk/install/manipulator_simulation:/opt/ros/humble CMAKE_PREFIX_PATH=${CMAKE_PREFIX_PATH}:/home/vardan/OWL_Sorting/ros2_ws/install/owl_gazebo:/home/vardan/OWL_Sorting/ros2_ws/install/owl_description:/home/vardan/Introduction-to-Robotics/Module2/ros2_ws/install/owl_robot:/home/vardan/RAKSH-Autonomous-Pesticide-Spraying-Robot/ros2_ws/install/raksh_description:/home/vardan/RAKSH-Autonomous-Pesticide-Spraying-Robot/ros2_ws/install/disease_detection:/home/vardan/Introduction-to-Robotics/Module1/ros2_wk/install/manipulator_simulation:/opt/ros/humble PYTHONPATH=/home/vardan/OWL_Sorting/ros2_ws/build/owl_description:/home/vardan/OWL_Sorting/ros2_ws/install/owl_description/lib/python3.10/site-packages:/home/vardan/OWL_Sorting/ros2_ws/build/owl_gazebo:/home/vardan/OWL_Sorting/ros2_ws/install/owl_gazebo/lib/python3.10/site-packages:/home/vardan/Introduction-to-Robotics/Module2/ros2_ws/build/owl_robot:/home/vardan/Introduction-to-Robotics/Module2/ros2_ws/install/owl_robot/lib/python3.10/site-packages:/home/vardan/RAKSH-Autonomous-Pesticide-Spraying-Robot/ros2_ws/build/raksh_description:/home/vardan/RAKSH-Autonomous-Pesticide-Spraying-Robot/ros2_ws/install/raksh_description/lib/python3.10/site-packages:/home/vardan/RAKSH-Autonomous-Pesticide-Spraying-Robot/ros2_ws/build/disease_detection:/home/vardan/RAKSH-Autonomous-Pesticide-Spraying-Robot/ros2_ws/install/disease_detection/lib/python3.10/site-packages:/home/vardan/Introduction-to-Robotics/Assignment1/ros2_wk/build/manipulator_simulation:/home/vardan/Introduction-to-Robotics/Module1/ros2_wk/install/manipulator_simulation/lib/python3.10/site-packages:/opt/ros/humble/lib/python3.10/site-packages:/opt/ros/humble/local/lib/python3.10/dist-packages /usr/bin/cmake --install /home/vardan/OWL_Sorting/ros2_ws/build/owl_moveit_config
[4.209s] Level 1:colcon.colcon_core.shell:create_environment_hook('owl_moveit_config', 'cmake_prefix_path')
[4.209s] INFO:colcon.colcon_core.shell:Creating environment hook '/home/vardan/OWL_Sorting/ros2_ws/install/owl_moveit_config/share/owl_moveit_config/hook/cmake_prefix_path.ps1'
[4.210s] INFO:colcon.colcon_core.shell:Creating environment descriptor '/home/vardan/OWL_Sorting/ros2_ws/install/owl_moveit_config/share/owl_moveit_config/hook/cmake_prefix_path.dsv'
[4.210s] INFO:colcon.colcon_core.shell:Creating environment hook '/home/vardan/OWL_Sorting/ros2_ws/install/owl_moveit_config/share/owl_moveit_config/hook/cmake_prefix_path.sh'
[4.212s] Level 1:colcon.colcon_core.environment:checking '/home/vardan/OWL_Sorting/ros2_ws/install/owl_moveit_config/bin'
[4.213s] Level 1:colcon.colcon_core.environment:checking '/home/vardan/OWL_Sorting/ros2_ws/install/owl_moveit_config/lib/pkgconfig/owl_moveit_config.pc'
[4.214s] Level 1:colcon.colcon_core.environment:checking '/home/vardan/OWL_Sorting/ros2_ws/install/owl_moveit_config/lib/python3.10/site-packages'
[4.215s] Level 1:colcon.colcon_core.environment:checking '/home/vardan/OWL_Sorting/ros2_ws/install/owl_moveit_config/bin'
[4.217s] INFO:colcon.colcon_core.shell:Creating package script '/home/vardan/OWL_Sorting/ros2_ws/install/owl_moveit_config/share/owl_moveit_config/package.ps1'
[4.219s] INFO:colcon.colcon_core.shell:Creating package descriptor '/home/vardan/OWL_Sorting/ros2_ws/install/owl_moveit_config/share/owl_moveit_config/package.dsv'
[4.220s] INFO:colcon.colcon_core.shell:Creating package script '/home/vardan/OWL_Sorting/ros2_ws/install/owl_moveit_config/share/owl_moveit_config/package.sh'
[4.221s] INFO:colcon.colcon_core.shell:Creating package script '/home/vardan/OWL_Sorting/ros2_ws/install/owl_moveit_config/share/owl_moveit_config/package.bash'
[4.222s] INFO:colcon.colcon_core.shell:Creating package script '/home/vardan/OWL_Sorting/ros2_ws/install/owl_moveit_config/share/owl_moveit_config/package.zsh'
[4.225s] Level 1:colcon.colcon_core.environment:create_file_with_runtime_dependencies(/home/vardan/OWL_Sorting/ros2_ws/install/owl_moveit_config/share/colcon-core/packages/owl_moveit_config)
[4.266s] Level 1:colcon.colcon_core.environment:create_environment_scripts_only(owl_moveit_config)
[4.268s] Level 1:colcon.colcon_core.environment:checking '/home/vardan/OWL_Sorting/ros2_ws/install/owl_moveit_config' for CMake module files
[4.270s] Level 1:colcon.colcon_core.environment:checking '/home/vardan/OWL_Sorting/ros2_ws/install/owl_moveit_config' for CMake config files
[4.271s] Level 1:colcon.colcon_core.shell:create_environment_hook('owl_moveit_config', 'cmake_prefix_path')
[4.271s] INFO:colcon.colcon_core.shell:Creating environment hook '/home/vardan/OWL_Sorting/ros2_ws/install/owl_moveit_config/share/owl_moveit_config/hook/cmake_prefix_path.ps1'
[4.273s] INFO:colcon.colcon_core.shell:Creating environment descriptor '/home/vardan/OWL_Sorting/ros2_ws/install/owl_moveit_config/share/owl_moveit_config/hook/cmake_prefix_path.dsv'
[4.275s] INFO:colcon.colcon_core.shell:Creating environment hook '/home/vardan/OWL_Sorting/ros2_ws/install/owl_moveit_config/share/owl_moveit_config/hook/cmake_prefix_path.sh'
[4.276s] Level 1:colcon.colcon_core.environment:checking '/home/vardan/OWL_Sorting/ros2_ws/install/owl_moveit_config/bin'
[4.277s] Level 1:colcon.colcon_core.environment:checking '/home/vardan/OWL_Sorting/ros2_ws/install/owl_moveit_config/lib/pkgconfig/owl_moveit_config.pc'
[4.277s] Level 1:colcon.colcon_core.environment:checking '/home/vardan/OWL_Sorting/ros2_ws/install/owl_moveit_config/lib/python3.10/site-packages'
[4.277s] Level 1:colcon.colcon_core.environment:checking '/home/vardan/OWL_Sorting/ros2_ws/install/owl_moveit_config/bin'
[4.278s] INFO:colcon.colcon_core.shell:Creating package script '/home/vardan/OWL_Sorting/ros2_ws/install/owl_moveit_config/share/owl_moveit_config/package.ps1'
[4.279s] INFO:colcon.colcon_core.shell:Creating package descriptor '/home/vardan/OWL_Sorting/ros2_ws/install/owl_moveit_config/share/owl_moveit_config/package.dsv'
[4.280s] INFO:colcon.colcon_core.shell:Creating package script '/home/vardan/OWL_Sorting/ros2_ws/install/owl_moveit_config/share/owl_moveit_config/package.sh'
[4.281s] INFO:colcon.colcon_core.shell:Creating package script '/home/vardan/OWL_Sorting/ros2_ws/install/owl_moveit_config/share/owl_moveit_config/package.bash'
[4.282s] INFO:colcon.colcon_core.shell:Creating package script '/home/vardan/OWL_Sorting/ros2_ws/install/owl_moveit_config/share/owl_moveit_config/package.zsh'
[4.283s] Level 1:colcon.colcon_core.environment:create_file_with_runtime_dependencies(/home/vardan/OWL_Sorting/ros2_ws/install/owl_moveit_config/share/colcon-core/packages/owl_moveit_config)
[4.713s] DEBUG:colcon.colcon_core.event_handler.log_command:Invoking command in '/home/vardan/OWL_Sorting/ros2_ws/build/owl_gazebo': AMENT_PREFIX_PATH=/home/vardan/OWL_Sorting/ros2_ws/install/owl_description:/home/vardan/OWL_Sorting/ros2_ws/install/owl_moveit_config:/home/vardan/OWL_Sorting/ros2_ws/install/owl_gazebo:/home/vardan/Introduction-to-Robotics/Module2/ros2_ws/install/moveit_pkgs:/home/vardan/Introduction-to-Robotics/Module2/ros2_ws/install/owl_robot:/home/vardan/RAKSH-Autonomous-Pesticide-Spraying-Robot/ros2_ws/install/raksh_description:/home/vardan/RAKSH-Autonomous-Pesticide-Spraying-Robot/ros2_ws/install/disease_detection:/home/vardan/Introduction-to-Robotics/Module1/ros2_wk/install/manipulator_simulation:/opt/ros/humble PYTHONPATH=/home/vardan/OWL_Sorting/ros2_ws/build/owl_gazebo/prefix_override:/usr/lib/python3/dist-packages/colcon_core/task/python/colcon_distutils_commands:/home/vardan/OWL_Sorting/ros2_ws/install/owl_gazebo/lib/python3.10/site-packages:/home/vardan/OWL_Sorting/ros2_ws/build/owl_description:/home/vardan/OWL_Sorting/ros2_ws/install/owl_description/lib/python3.10/site-packages:/home/vardan/OWL_Sorting/ros2_ws/build/owl_gazebo:/home/vardan/OWL_Sorting/ros2_ws/install/owl_gazebo/lib/python3.10/site-packages:/home/vardan/Introduction-to-Robotics/Module2/ros2_ws/build/owl_robot:/home/vardan/Introduction-to-Robotics/Module2/ros2_ws/install/owl_robot/lib/python3.10/site-packages:/home/vardan/RAKSH-Autonomous-Pesticide-Spraying-Robot/ros2_ws/build/raksh_description:/home/vardan/RAKSH-Autonomous-Pesticide-Spraying-Robot/ros2_ws/install/raksh_description/lib/python3.10/site-packages:/home/vardan/RAKSH-Autonomous-Pesticide-Spraying-Robot/ros2_ws/build/disease_detection:/home/vardan/RAKSH-Autonomous-Pesticide-Spraying-Robot/ros2_ws/install/disease_detection/lib/python3.10/site-packages:/home/vardan/Introduction-to-Robotics/Assignment1/ros2_wk/build/manipulator_simulation:/home/vardan/Introduction-to-Robotics/Module1/ros2_wk/install/manipulator_simulation/lib/python3.10/site-packages:/opt/ros/humble/lib/python3.10/site-packages:/opt/ros/humble/local/lib/python3.10/dist-packages /usr/bin/python3 -W ignore:setup.py install is deprecated setup.py develop --editable --build-directory /home/vardan/OWL_Sorting/ros2_ws/build/owl_gazebo/build --no-deps symlink_data
[5.381s] Level 1:colcon.colcon_core.shell:create_environment_hook('owl_gazebo', 'pythonpath_develop')
[5.382s] INFO:colcon.colcon_core.shell:Creating environment hook '/home/vardan/OWL_Sorting/ros2_ws/build/owl_gazebo/share/owl_gazebo/hook/pythonpath_develop.ps1'
[5.383s] DEBUG:colcon.colcon_core.event_handler.log_command:Invoked command in '/home/vardan/OWL_Sorting/ros2_ws/build/owl_gazebo' returned '0': AMENT_PREFIX_PATH=/home/vardan/OWL_Sorting/ros2_ws/install/owl_description:/home/vardan/OWL_Sorting/ros2_ws/install/owl_moveit_config:/home/vardan/OWL_Sorting/ros2_ws/install/owl_gazebo:/home/vardan/Introduction-to-Robotics/Module2/ros2_ws/install/moveit_pkgs:/home/vardan/Introduction-to-Robotics/Module2/ros2_ws/install/owl_robot:/home/vardan/RAKSH-Autonomous-Pesticide-Spraying-Robot/ros2_ws/install/raksh_description:/home/vardan/RAKSH-Autonomous-Pesticide-Spraying-Robot/ros2_ws/install/disease_detection:/home/vardan/Introduction-to-Robotics/Module1/ros2_wk/install/manipulator_simulation:/opt/ros/humble PYTHONPATH=/home/vardan/OWL_Sorting/ros2_ws/build/owl_gazebo/prefix_override:/usr/lib/python3/dist-packages/colcon_core/task/python/colcon_distutils_commands:/home/vardan/OWL_Sorting/ros2_ws/install/owl_gazebo/lib/python3.10/site-packages:/home/vardan/OWL_Sorting/ros2_ws/build/owl_description:/home/vardan/OWL_Sorting/ros2_ws/install/owl_description/lib/python3.10/site-packages:/home/vardan/OWL_Sorting/ros2_ws/build/owl_gazebo:/home/vardan/OWL_Sorting/ros2_ws/install/owl_gazebo/lib/python3.10/site-packages:/home/vardan/Introduction-to-Robotics/Module2/ros2_ws/build/owl_robot:/home/vardan/Introduction-to-Robotics/Module2/ros2_ws/install/owl_robot/lib/python3.10/site-packages:/home/vardan/RAKSH-Autonomous-Pesticide-Spraying-Robot/ros2_ws/build/raksh_description:/home/vardan/RAKSH-Autonomous-Pesticide-Spraying-Robot/ros2_ws/install/raksh_description/lib/python3.10/site-packages:/home/vardan/RAKSH-Autonomous-Pesticide-Spraying-Robot/ros2_ws/build/disease_detection:/home/vardan/RAKSH-Autonomous-Pesticide-Spraying-Robot/ros2_ws/install/disease_detection/lib/python3.10/site-packages:/home/vardan/Introduction-to-Robotics/Assignment1/ros2_wk/build/manipulator_simulation:/home/vardan/Introduction-to-Robotics/Module1/ros2_wk/install/manipulator_simulation/lib/python3.10/site-packages:/opt/ros/humble/lib/python3.10/site-packages:/opt/ros/humble/local/lib/python3.10/dist-packages /usr/bin/python3 -W ignore:setup.py install is deprecated setup.py develop --editable --build-directory /home/vardan/OWL_Sorting/ros2_ws/build/owl_gazebo/build --no-deps symlink_data
[5.384s] INFO:colcon.colcon_core.shell:Creating environment descriptor '/home/vardan/OWL_Sorting/ros2_ws/build/owl_gazebo/share/owl_gazebo/hook/pythonpath_develop.dsv'
[5.385s] INFO:colcon.colcon_core.shell:Creating environment hook '/home/vardan/OWL_Sorting/ros2_ws/build/owl_gazebo/share/owl_gazebo/hook/pythonpath_develop.sh'
[5.386s] Level 1:colcon.colcon_core.environment:checking '/home/vardan/OWL_Sorting/ros2_ws/install/owl_gazebo' for CMake module files
[5.386s] Level 1:colcon.colcon_core.environment:checking '/home/vardan/OWL_Sorting/ros2_ws/install/owl_gazebo' for CMake config files
[5.387s] Level 1:colcon.colcon_core.environment:checking '/home/vardan/OWL_Sorting/ros2_ws/install/owl_gazebo/lib'
[5.387s] Level 1:colcon.colcon_core.environment:checking '/home/vardan/OWL_Sorting/ros2_ws/install/owl_gazebo/bin'
[5.388s] Level 1:colcon.colcon_core.environment:checking '/home/vardan/OWL_Sorting/ros2_ws/install/owl_gazebo/lib/pkgconfig/owl_gazebo.pc'
[5.388s] Level 1:colcon.colcon_core.environment:checking '/home/vardan/OWL_Sorting/ros2_ws/install/owl_gazebo/lib/python3.10/site-packages'
[5.389s] Level 1:colcon.colcon_core.shell:create_environment_hook('owl_gazebo', 'pythonpath')
[5.390s] INFO:colcon.colcon_core.shell:Creating environment hook '/home/vardan/OWL_Sorting/ros2_ws/install/owl_gazebo/share/owl_gazebo/hook/pythonpath.ps1'
[5.391s] INFO:colcon.colcon_core.shell:Creating environment descriptor '/home/vardan/OWL_Sorting/ros2_ws/install/owl_gazebo/share/owl_gazebo/hook/pythonpath.dsv'
[5.391s] INFO:colcon.colcon_core.shell:Creating environment hook '/home/vardan/OWL_Sorting/ros2_ws/install/owl_gazebo/share/owl_gazebo/hook/pythonpath.sh'
[5.393s] Level 1:colcon.colcon_core.environment:checking '/home/vardan/OWL_Sorting/ros2_ws/install/owl_gazebo/bin'
[5.393s] Level 1:colcon.colcon_core.environment:create_environment_scripts_only(owl_gazebo)
[5.394s] INFO:colcon.colcon_core.shell:Creating package script '/home/vardan/OWL_Sorting/ros2_ws/install/owl_gazebo/share/owl_gazebo/package.ps1'
[5.395s] INFO:colcon.colcon_core.shell:Creating package descriptor '/home/vardan/OWL_Sorting/ros2_ws/install/owl_gazebo/share/owl_gazebo/package.dsv'
[5.396s] INFO:colcon.colcon_core.shell:Creating package script '/home/vardan/OWL_Sorting/ros2_ws/install/owl_gazebo/share/owl_gazebo/package.sh'
[5.396s] INFO:colcon.colcon_core.shell:Creating package script '/home/vardan/OWL_Sorting/ros2_ws/install/owl_gazebo/share/owl_gazebo/package.bash'
[5.397s] INFO:colcon.colcon_core.shell:Creating package script '/home/vardan/OWL_Sorting/ros2_ws/install/owl_gazebo/share/owl_gazebo/package.zsh'
[5.398s] Level 1:colcon.colcon_core.environment:create_file_with_runtime_dependencies(/home/vardan/OWL_Sorting/ros2_ws/install/owl_gazebo/share/colcon-core/packages/owl_gazebo)
[5.398s] DEBUG:colcon.colcon_parallel_executor.executor.parallel:closing loop
[5.399s] DEBUG:colcon.colcon_parallel_executor.executor.parallel:loop closed
[5.399s] DEBUG:colcon.colcon_parallel_executor.executor.parallel:run_until_complete finished with '0'
[5.399s] DEBUG:colcon.colcon_core.event_reactor:joining thread
[5.451s] INFO:colcon.colcon_core.plugin_system:Skipping extension 'colcon_notification.desktop_notification.notify_send': Could not find 'notify-send'
[5.451s] INFO:colcon.colcon_core.plugin_system:Skipping extension 'colcon_notification.desktop_notification.terminal_notifier': Not used on non-Darwin systems
[5.451s] INFO:colcon.colcon_core.plugin_system:Skipping extension 'colcon_notification.desktop_notification.win32': Not used on non-Windows systems
[5.451s] INFO:colcon.colcon_notification.desktop_notification:Sending desktop notification using 'notify2'
[5.456s] DEBUG:colcon.colcon_notification.desktop_notification.notify2:Failed to initialize notify2: org.freedesktop.DBus.Error.ServiceUnknown: The name org.freedesktop.Notifications was not provided by any .service files
[5.457s] DEBUG:colcon.colcon_core.event_reactor:joined thread
[5.457s] INFO:colcon.colcon_core.shell:Creating prefix script '/home/vardan/OWL_Sorting/ros2_ws/install/local_setup.ps1'
[5.458s] INFO:colcon.colcon_core.shell:Creating prefix util module '/home/vardan/OWL_Sorting/ros2_ws/install/_local_setup_util_ps1.py'
[5.460s] INFO:colcon.colcon_core.shell:Creating prefix chain script '/home/vardan/OWL_Sorting/ros2_ws/install/setup.ps1'
[5.462s] INFO:colcon.colcon_core.shell:Creating prefix script '/home/vardan/OWL_Sorting/ros2_ws/install/local_setup.sh'
[5.463s] INFO:colcon.colcon_core.shell:Creating prefix util module '/home/vardan/OWL_Sorting/ros2_ws/install/_local_setup_util_sh.py'
[5.464s] INFO:colcon.colcon_core.shell:Creating prefix chain script '/home/vardan/OWL_Sorting/ros2_ws/install/setup.sh'
[5.466s] INFO:colcon.colcon_core.shell:Creating prefix script '/home/vardan/OWL_Sorting/ros2_ws/install/local_setup.bash'
[5.467s] INFO:colcon.colcon_core.shell:Creating prefix chain script '/home/vardan/OWL_Sorting/ros2_ws/install/setup.bash'
[5.468s] INFO:colcon.colcon_core.shell:Creating prefix script '/home/vardan/OWL_Sorting/ros2_ws/install/local_setup.zsh'
[5.470s] INFO:colcon.colcon_core.shell:Creating prefix chain script '/home/vardan/OWL_Sorting/ros2_ws/install/setup.zsh'
