running develop
running egg_info
creating owl_cv.egg-info
writing owl_cv.egg-info/PKG-INFO
writing dependency_links to owl_cv.egg-info/dependency_links.txt
writing entry points to owl_cv.egg-info/entry_points.txt
writing requirements to owl_cv.egg-info/requires.txt
writing top-level names to owl_cv.egg-info/top_level.txt
writing manifest file 'owl_cv.egg-info/SOURCES.txt'
reading manifest file 'owl_cv.egg-info/SOURCES.txt'
writing manifest file 'owl_cv.egg-info/SOURCES.txt'
running build_ext
Creating /home/vardan/OWL_Sorting/ros2_ws/install/owl_cv/lib/python3.10/site-packages/owl-cv.egg-link (link to .)

Installed /home/vardan/OWL_Sorting/ros2_ws/build/owl_cv
running symlink_data
creating /home/vardan/OWL_Sorting/ros2_ws/install/owl_cv/share/ament_index
creating /home/vardan/OWL_Sorting/ros2_ws/install/owl_cv/share/ament_index/resource_index
creating /home/vardan/OWL_Sorting/ros2_ws/install/owl_cv/share/ament_index/resource_index/packages
symbolically linking /home/vardan/OWL_Sorting/ros2_ws/build/owl_cv/resource/owl_cv -> /home/vardan/OWL_Sorting/ros2_ws/install/owl_cv/share/ament_index/resource_index/packages
symbolically linking /home/vardan/OWL_Sorting/ros2_ws/build/owl_cv/package.xml -> /home/vardan/OWL_Sorting/ros2_ws/install/owl_cv/share/owl_cv
