[1.606s] Invoking command in '/home/vardan/OWL_Sorting/ros2_ws/build/owl_gazebo': PYTHONPATH=/home/vardan/OWL_Sorting/ros2_ws/build/owl_gazebo/prefix_override:/usr/lib/python3/dist-packages/colcon_core/task/python/colcon_distutils_commands:/home/vardan/OWL_Sorting/ros2_ws/install/owl_gazebo/lib/python3.10/site-packages:${PYTHONPATH} /usr/bin/python3 -W ignore:setup.py install is deprecated setup.py develop --editable --build-directory /home/vardan/OWL_Sorting/ros2_ws/build/owl_gazebo/build --no-deps symlink_data
[2.082s] running develop
[2.083s] /usr/lib/python3/dist-packages/setuptools/command/easy_install.py:158: EasyInstallDeprecationWarning: easy_install command is deprecated. Use build and pip and other standards-based tools.
[2.083s]   warnings.warn(
[2.394s] running egg_info
[2.394s] creating owl_gazebo.egg-info
[2.396s] writing owl_gazebo.egg-info/PKG-INFO
[2.396s] writing dependency_links to owl_gazebo.egg-info/dependency_links.txt
[2.396s] writing entry points to owl_gazebo.egg-info/entry_points.txt
[2.397s] writing requirements to owl_gazebo.egg-info/requires.txt
[2.397s] writing top-level names to owl_gazebo.egg-info/top_level.txt
[2.397s] writing manifest file 'owl_gazebo.egg-info/SOURCES.txt'
[2.402s] reading manifest file 'owl_gazebo.egg-info/SOURCES.txt'
[2.402s] writing manifest file 'owl_gazebo.egg-info/SOURCES.txt'
[2.404s] running build_ext
[2.405s] Creating /home/vardan/OWL_Sorting/ros2_ws/install/owl_gazebo/lib/python3.10/site-packages/owl-gazebo.egg-link (link to .)
[2.406s] 
[2.406s] Installed /home/vardan/OWL_Sorting/ros2_ws/build/owl_gazebo
[2.407s] running symlink_data
[2.407s] creating /home/vardan/OWL_Sorting/ros2_ws/install/owl_gazebo/share/ament_index
[2.407s] creating /home/vardan/OWL_Sorting/ros2_ws/install/owl_gazebo/share/ament_index/resource_index
[2.407s] creating /home/vardan/OWL_Sorting/ros2_ws/install/owl_gazebo/share/ament_index/resource_index/packages
[2.408s] symbolically linking /home/vardan/OWL_Sorting/ros2_ws/build/owl_gazebo/resource/owl_gazebo -> /home/vardan/OWL_Sorting/ros2_ws/install/owl_gazebo/share/ament_index/resource_index/packages
[2.408s] symbolically linking /home/vardan/OWL_Sorting/ros2_ws/build/owl_gazebo/package.xml -> /home/vardan/OWL_Sorting/ros2_ws/install/owl_gazebo/share/owl_gazebo
[2.474s] Invoked command in '/home/vardan/OWL_Sorting/ros2_ws/build/owl_gazebo' returned '0': PYTHONPATH=/home/vardan/OWL_Sorting/ros2_ws/build/owl_gazebo/prefix_override:/usr/lib/python3/dist-packages/colcon_core/task/python/colcon_distutils_commands:/home/vardan/OWL_Sorting/ros2_ws/install/owl_gazebo/lib/python3.10/site-packages:${PYTHONPATH} /usr/bin/python3 -W ignore:setup.py install is deprecated setup.py develop --editable --build-directory /home/vardan/OWL_Sorting/ros2_ws/build/owl_gazebo/build --no-deps symlink_data
