[1.132s] Invoking command in '/home/vardan/OWL_Sorting/ros2_ws/build/owl_description': PYTHONPATH=/home/vardan/OWL_Sorting/ros2_ws/build/owl_description/prefix_override:/usr/lib/python3/dist-packages/colcon_core/task/python/colcon_distutils_commands:/home/vardan/OWL_Sorting/ros2_ws/install/owl_description/lib/python3.10/site-packages:${PYTHONPATH} /usr/bin/python3 -W ignore:setup.py install is deprecated setup.py develop --editable --build-directory /home/vardan/OWL_Sorting/ros2_ws/build/owl_description/build --no-deps symlink_data
[1.563s] running develop
[1.563s] /usr/lib/python3/dist-packages/setuptools/command/easy_install.py:158: EasyInstallDeprecationWarning: easy_install command is deprecated. Use build and pip and other standards-based tools.
[1.563s]   warnings.warn(
[1.841s] running egg_info
[1.841s] writing owl_description.egg-info/PKG-INFO
[1.841s] writing dependency_links to owl_description.egg-info/dependency_links.txt
[1.842s] writing entry points to owl_description.egg-info/entry_points.txt
[1.842s] writing requirements to owl_description.egg-info/requires.txt
[1.842s] writing top-level names to owl_description.egg-info/top_level.txt
[1.846s] reading manifest file 'owl_description.egg-info/SOURCES.txt'
[1.847s] writing manifest file 'owl_description.egg-info/SOURCES.txt'
[1.851s] running build_ext
[1.852s] Creating /home/vardan/OWL_Sorting/ros2_ws/install/owl_description/lib/python3.10/site-packages/owl-description.egg-link (link to .)
[1.853s] 
[1.854s] Installed /home/vardan/OWL_Sorting/ros2_ws/build/owl_description
[1.854s] running symlink_data
[1.854s] creating /home/vardan/OWL_Sorting/ros2_ws/install/owl_description/share/owl_description/urdf
[1.855s] symbolically linking /home/vardan/OWL_Sorting/ros2_ws/build/owl_description/urdf/robot.xacro -> /home/vardan/OWL_Sorting/ros2_ws/install/owl_description/share/owl_description/urdf
[1.855s] symbolically linking /home/vardan/OWL_Sorting/ros2_ws/build/owl_description/urdf/robot_active.urdf -> /home/vardan/OWL_Sorting/ros2_ws/install/owl_description/share/owl_description/urdf
[1.856s] symbolically linking /home/vardan/OWL_Sorting/ros2_ws/build/owl_description/urdf/robot.urdf -> /home/vardan/OWL_Sorting/ros2_ws/install/owl_description/share/owl_description/urdf
[1.857s] creating /home/vardan/OWL_Sorting/ros2_ws/install/owl_description/share/owl_description/meshes
[1.857s] symbolically linking /home/vardan/OWL_Sorting/ros2_ws/build/owl_description/meshes/base_link.STL -> /home/vardan/OWL_Sorting/ros2_ws/install/owl_description/share/owl_description/meshes
[1.858s] symbolically linking /home/vardan/OWL_Sorting/ros2_ws/build/owl_description/meshes/link2.STL -> /home/vardan/OWL_Sorting/ros2_ws/install/owl_description/share/owl_description/meshes
[1.858s] symbolically linking /home/vardan/OWL_Sorting/ros2_ws/build/owl_description/meshes/link1.STL -> /home/vardan/OWL_Sorting/ros2_ws/install/owl_description/share/owl_description/meshes
[1.859s] symbolically linking /home/vardan/OWL_Sorting/ros2_ws/build/owl_description/meshes/w2w3_link.STL -> /home/vardan/OWL_Sorting/ros2_ws/install/owl_description/share/owl_description/meshes
[1.859s] symbolically linking /home/vardan/OWL_Sorting/ros2_ws/build/owl_description/meshes/shoulder_link.STL -> /home/vardan/OWL_Sorting/ros2_ws/install/owl_description/share/owl_description/meshes
[1.860s] symbolically linking /home/vardan/OWL_Sorting/ros2_ws/build/owl_description/meshes/end_effector_link.STL -> /home/vardan/OWL_Sorting/ros2_ws/install/owl_description/share/owl_description/meshes
[1.861s] symbolically linking /home/vardan/OWL_Sorting/ros2_ws/build/owl_description/meshes/elbow_link.STL -> /home/vardan/OWL_Sorting/ros2_ws/install/owl_description/share/owl_description/meshes
[1.861s] creating /home/vardan/OWL_Sorting/ros2_ws/install/owl_description/share/owl_description/launch
[1.901s] Invoked command in '/home/vardan/OWL_Sorting/ros2_ws/build/owl_description' returned '0': PYTHONPATH=/home/vardan/OWL_Sorting/ros2_ws/build/owl_description/prefix_override:/usr/lib/python3/dist-packages/colcon_core/task/python/colcon_distutils_commands:/home/vardan/OWL_Sorting/ros2_ws/install/owl_description/lib/python3.10/site-packages:${PYTHONPATH} /usr/bin/python3 -W ignore:setup.py install is deprecated setup.py develop --editable --build-directory /home/vardan/OWL_Sorting/ros2_ws/build/owl_description/build --no-deps symlink_data
