[1.297s] Invoking command in '/home/vardan/OWL_Sorting/ros2_ws/build/owl_description': PYTHONPATH=/home/vardan/OWL_Sorting/ros2_ws/build/owl_description/prefix_override:/usr/lib/python3/dist-packages/colcon_core/task/python/colcon_distutils_commands:/home/vardan/OWL_Sorting/ros2_ws/install/owl_description/lib/python3.10/site-packages:${PYTHONPATH} /usr/bin/python3 -W ignore:setup.py install is deprecated setup.py develop --editable --build-directory /home/vardan/OWL_Sorting/ros2_ws/build/owl_description/build --no-deps symlink_data
[2.042s] running develop
[2.042s] /usr/lib/python3/dist-packages/setuptools/command/easy_install.py:158: EasyInstallDeprecationWarning: easy_install command is deprecated. Use build and pip and other standards-based tools.
[2.042s]   warnings.warn(
[2.315s] running egg_info
[2.316s] creating owl_description.egg-info
[2.316s] writing owl_description.egg-info/PKG-INFO
[2.316s] writing dependency_links to owl_description.egg-info/dependency_links.txt
[2.316s] writing entry points to owl_description.egg-info/entry_points.txt
[2.316s] writing requirements to owl_description.egg-info/requires.txt
[2.317s] writing top-level names to owl_description.egg-info/top_level.txt
[2.317s] writing manifest file 'owl_description.egg-info/SOURCES.txt'
[2.323s] reading manifest file 'owl_description.egg-info/SOURCES.txt'
[2.325s] writing manifest file 'owl_description.egg-info/SOURCES.txt'
[2.329s] running build_ext
[2.329s] Creating /home/vardan/OWL_Sorting/ros2_ws/install/owl_description/lib/python3.10/site-packages/owl-description.egg-link (link to .)
[2.332s] 
[2.332s] Installed /home/vardan/OWL_Sorting/ros2_ws/build/owl_description
[2.332s] running symlink_data
[2.332s] symbolically linking /home/vardan/OWL_Sorting/ros2_ws/build/owl_description/urdf/owl.xacro -> /home/vardan/OWL_Sorting/ros2_ws/install/owl_description/share/owl_description/urdf
[2.401s] Invoked command in '/home/vardan/OWL_Sorting/ros2_ws/build/owl_description' returned '0': PYTHONPATH=/home/vardan/OWL_Sorting/ros2_ws/build/owl_description/prefix_override:/usr/lib/python3/dist-packages/colcon_core/task/python/colcon_distutils_commands:/home/vardan/OWL_Sorting/ros2_ws/install/owl_description/lib/python3.10/site-packages:${PYTHONPATH} /usr/bin/python3 -W ignore:setup.py install is deprecated setup.py develop --editable --build-directory /home/vardan/OWL_Sorting/ros2_ws/build/owl_description/build --no-deps symlink_data
