[0.286s] DEBUG:colcon:Command line arguments: ['/usr/bin/colcon', 'build', '--symlink-install']
[0.286s] DEBUG:colcon:Parsed command line arguments: Namespace(log_base=None, log_level=None, verb_name='build', build_base='build', install_base='install', merge_install=False, symlink_install=True, test_result_base=None, continue_on_error=False, executor='parallel', parallel_workers=4, event_handlers=None, ignore_user_meta=False, metas=['./colcon.meta'], base_paths=['.'], packages_ignore=None, packages_ignore_regex=None, paths=None, packages_up_to=None, packages_up_to_regex=None, packages_above=None, packages_above_and_dependencies=None, packages_above_depth=None, packages_select_by_dep=None, packages_skip_by_dep=None, packages_skip_up_to=None, packages_select_build_failed=False, packages_skip_build_finished=False, packages_select_test_failures=False, packages_skip_test_passed=False, packages_select=None, packages_skip=None, packages_select_regex=None, packages_skip_regex=None, packages_start=None, packages_end=None, allow_overriding=[], cmake_args=None, cmake_target=None, cmake_target_skip_unavailable=False, cmake_clean_cache=False, cmake_clean_first=False, cmake_force_configure=False, ament_cmake_args=None, catkin_cmake_args=None, catkin_skip_building_tests=False, verb_parser=<colcon_defaults.argument_parser.defaults.DefaultArgumentsDecorator object at 0x7f79c671a290>, verb_extension=<colcon_core.verb.build.BuildVerb object at 0x7f79c6719d80>, main=<bound method BuildVerb.main of <colcon_core.verb.build.BuildVerb object at 0x7f79c6719d80>>)
[0.675s] Level 1:colcon.colcon_core.package_discovery:discover_packages(colcon_meta) check parameters
[0.675s] Level 1:colcon.colcon_core.package_discovery:discover_packages(recursive) check parameters
[0.675s] Level 1:colcon.colcon_core.package_discovery:discover_packages(ignore) check parameters
[0.675s] Level 1:colcon.colcon_core.package_discovery:discover_packages(path) check parameters
[0.675s] Level 1:colcon.colcon_core.package_discovery:discover_packages(colcon_meta) discover
[0.675s] Level 1:colcon.colcon_core.package_discovery:discover_packages(recursive) discover
[0.675s] INFO:colcon.colcon_core.package_discovery:Crawling recursively for packages in '/home/vardan/OWL_Sorting/ros2_ws'
[0.675s] Level 1:colcon.colcon_core.package_identification:_identify(.) by extensions ['ignore', 'ignore_ament_install']
[0.675s] Level 1:colcon.colcon_core.package_identification:_identify(.) by extension 'ignore'
[0.676s] Level 1:colcon.colcon_core.package_identification:_identify(.) by extension 'ignore_ament_install'
[0.676s] Level 1:colcon.colcon_core.package_identification:_identify(.) by extensions ['colcon_pkg']
[0.676s] Level 1:colcon.colcon_core.package_identification:_identify(.) by extension 'colcon_pkg'
[0.676s] Level 1:colcon.colcon_core.package_identification:_identify(.) by extensions ['colcon_meta']
[0.676s] Level 1:colcon.colcon_core.package_identification:_identify(.) by extension 'colcon_meta'
[0.676s] Level 1:colcon.colcon_core.package_identification:_identify(.) by extensions ['ros']
[0.676s] Level 1:colcon.colcon_core.package_identification:_identify(.) by extension 'ros'
[0.690s] Level 1:colcon.colcon_core.package_identification:_identify(.) by extensions ['cmake', 'python']
[0.690s] Level 1:colcon.colcon_core.package_identification:_identify(.) by extension 'cmake'
[0.690s] Level 1:colcon.colcon_core.package_identification:_identify(.) by extension 'python'
[0.690s] Level 1:colcon.colcon_core.package_identification:_identify(.) by extensions ['python_setup_py']
[0.690s] Level 1:colcon.colcon_core.package_identification:_identify(.) by extension 'python_setup_py'
[0.691s] Level 1:colcon.colcon_core.package_identification:_identify(build) by extensions ['ignore', 'ignore_ament_install']
[0.691s] Level 1:colcon.colcon_core.package_identification:_identify(build) by extension 'ignore'
[0.691s] Level 1:colcon.colcon_core.package_identification:_identify(build) ignored
[0.691s] Level 1:colcon.colcon_core.package_identification:_identify(install) by extensions ['ignore', 'ignore_ament_install']
[0.691s] Level 1:colcon.colcon_core.package_identification:_identify(install) by extension 'ignore'
[0.691s] Level 1:colcon.colcon_core.package_identification:_identify(install) ignored
[0.691s] Level 1:colcon.colcon_core.package_identification:_identify(log) by extensions ['ignore', 'ignore_ament_install']
[0.692s] Level 1:colcon.colcon_core.package_identification:_identify(log) by extension 'ignore'
[0.692s] Level 1:colcon.colcon_core.package_identification:_identify(log) ignored
[0.692s] Level 1:colcon.colcon_core.package_identification:_identify(src) by extensions ['ignore', 'ignore_ament_install']
[0.692s] Level 1:colcon.colcon_core.package_identification:_identify(src) by extension 'ignore'
[0.692s] Level 1:colcon.colcon_core.package_identification:_identify(src) by extension 'ignore_ament_install'
[0.692s] Level 1:colcon.colcon_core.package_identification:_identify(src) by extensions ['colcon_pkg']
[0.692s] Level 1:colcon.colcon_core.package_identification:_identify(src) by extension 'colcon_pkg'
[0.692s] Level 1:colcon.colcon_core.package_identification:_identify(src) by extensions ['colcon_meta']
[0.692s] Level 1:colcon.colcon_core.package_identification:_identify(src) by extension 'colcon_meta'
[0.692s] Level 1:colcon.colcon_core.package_identification:_identify(src) by extensions ['ros']
[0.692s] Level 1:colcon.colcon_core.package_identification:_identify(src) by extension 'ros'
[0.692s] Level 1:colcon.colcon_core.package_identification:_identify(src) by extensions ['cmake', 'python']
[0.693s] Level 1:colcon.colcon_core.package_identification:_identify(src) by extension 'cmake'
[0.693s] Level 1:colcon.colcon_core.package_identification:_identify(src) by extension 'python'
[0.693s] Level 1:colcon.colcon_core.package_identification:_identify(src) by extensions ['python_setup_py']
[0.693s] Level 1:colcon.colcon_core.package_identification:_identify(src) by extension 'python_setup_py'
[0.693s] Level 1:colcon.colcon_core.package_identification:_identify(src/owl_cv) by extensions ['ignore', 'ignore_ament_install']
[0.693s] Level 1:colcon.colcon_core.package_identification:_identify(src/owl_cv) by extension 'ignore'
[0.693s] Level 1:colcon.colcon_core.package_identification:_identify(src/owl_cv) by extension 'ignore_ament_install'
[0.693s] Level 1:colcon.colcon_core.package_identification:_identify(src/owl_cv) by extensions ['colcon_pkg']
[0.693s] Level 1:colcon.colcon_core.package_identification:_identify(src/owl_cv) by extension 'colcon_pkg'
[0.693s] Level 1:colcon.colcon_core.package_identification:_identify(src/owl_cv) by extensions ['colcon_meta']
[0.693s] Level 1:colcon.colcon_core.package_identification:_identify(src/owl_cv) by extension 'colcon_meta'
[0.693s] Level 1:colcon.colcon_core.package_identification:_identify(src/owl_cv) by extensions ['ros']
[0.693s] Level 1:colcon.colcon_core.package_identification:_identify(src/owl_cv) by extension 'ros'
[0.698s] DEBUG:colcon.colcon_core.package_identification:Package 'src/owl_cv' with type 'ros.ament_python' and name 'owl_cv'
[0.698s] Level 1:colcon.colcon_core.package_identification:_identify(src/owl_description) by extensions ['ignore', 'ignore_ament_install']
[0.699s] Level 1:colcon.colcon_core.package_identification:_identify(src/owl_description) by extension 'ignore'
[0.699s] Level 1:colcon.colcon_core.package_identification:_identify(src/owl_description) by extension 'ignore_ament_install'
[0.699s] Level 1:colcon.colcon_core.package_identification:_identify(src/owl_description) by extensions ['colcon_pkg']
[0.699s] Level 1:colcon.colcon_core.package_identification:_identify(src/owl_description) by extension 'colcon_pkg'
[0.699s] Level 1:colcon.colcon_core.package_identification:_identify(src/owl_description) by extensions ['colcon_meta']
[0.699s] Level 1:colcon.colcon_core.package_identification:_identify(src/owl_description) by extension 'colcon_meta'
[0.699s] Level 1:colcon.colcon_core.package_identification:_identify(src/owl_description) by extensions ['ros']
[0.699s] Level 1:colcon.colcon_core.package_identification:_identify(src/owl_description) by extension 'ros'
[0.701s] DEBUG:colcon.colcon_core.package_identification:Package 'src/owl_description' with type 'ros.ament_python' and name 'owl_description'
[0.701s] Level 1:colcon.colcon_core.package_identification:_identify(src/owl_gazebo) by extensions ['ignore', 'ignore_ament_install']
[0.701s] Level 1:colcon.colcon_core.package_identification:_identify(src/owl_gazebo) by extension 'ignore'
[0.701s] Level 1:colcon.colcon_core.package_identification:_identify(src/owl_gazebo) by extension 'ignore_ament_install'
[0.702s] Level 1:colcon.colcon_core.package_identification:_identify(src/owl_gazebo) by extensions ['colcon_pkg']
[0.702s] Level 1:colcon.colcon_core.package_identification:_identify(src/owl_gazebo) by extension 'colcon_pkg'
[0.702s] Level 1:colcon.colcon_core.package_identification:_identify(src/owl_gazebo) by extensions ['colcon_meta']
[0.702s] Level 1:colcon.colcon_core.package_identification:_identify(src/owl_gazebo) by extension 'colcon_meta'
[0.702s] Level 1:colcon.colcon_core.package_identification:_identify(src/owl_gazebo) by extensions ['ros']
[0.702s] Level 1:colcon.colcon_core.package_identification:_identify(src/owl_gazebo) by extension 'ros'
[0.704s] DEBUG:colcon.colcon_core.package_identification:Package 'src/owl_gazebo' with type 'ros.ament_python' and name 'owl_gazebo'
[0.704s] Level 1:colcon.colcon_core.package_identification:_identify(src/owl_moveit_config) by extensions ['ignore', 'ignore_ament_install']
[0.704s] Level 1:colcon.colcon_core.package_identification:_identify(src/owl_moveit_config) by extension 'ignore'
[0.704s] Level 1:colcon.colcon_core.package_identification:_identify(src/owl_moveit_config) by extension 'ignore_ament_install'
[0.704s] Level 1:colcon.colcon_core.package_identification:_identify(src/owl_moveit_config) by extensions ['colcon_pkg']
[0.704s] Level 1:colcon.colcon_core.package_identification:_identify(src/owl_moveit_config) by extension 'colcon_pkg'
[0.704s] Level 1:colcon.colcon_core.package_identification:_identify(src/owl_moveit_config) by extensions ['colcon_meta']
[0.704s] Level 1:colcon.colcon_core.package_identification:_identify(src/owl_moveit_config) by extension 'colcon_meta'
[0.704s] Level 1:colcon.colcon_core.package_identification:_identify(src/owl_moveit_config) by extensions ['ros']
[0.705s] Level 1:colcon.colcon_core.package_identification:_identify(src/owl_moveit_config) by extension 'ros'
[0.706s] DEBUG:colcon.colcon_core.package_identification:Package 'src/owl_moveit_config' with type 'ros.ament_cmake' and name 'owl_moveit_config'
[0.707s] Level 1:colcon.colcon_core.package_discovery:discover_packages(recursive) using defaults
[0.707s] Level 1:colcon.colcon_core.package_discovery:discover_packages(ignore) discover
[0.707s] Level 1:colcon.colcon_core.package_discovery:discover_packages(ignore) using defaults
[0.707s] Level 1:colcon.colcon_core.package_discovery:discover_packages(path) discover
[0.707s] Level 1:colcon.colcon_core.package_discovery:discover_packages(path) using defaults
[0.748s] Level 1:colcon.colcon_core.package_discovery:discover_packages(prefix_path) check parameters
[0.748s] Level 1:colcon.colcon_core.package_discovery:discover_packages(prefix_path) discover
[0.757s] DEBUG:colcon.colcon_installed_package_information.package_discovery:Found 3 installed packages in /home/vardan/OWL_Sorting/ros2_ws/install
[0.758s] DEBUG:colcon.colcon_installed_package_information.package_discovery:Found 2 installed packages in /home/vardan/RAKSH-Autonomous-Pesticide-Spraying-Robot/ros2_ws/install
[0.758s] DEBUG:colcon.colcon_installed_package_information.package_discovery:Found 1 installed packages in /home/vardan/Introduction-to-Robotics/Module1/ros2_wk/install
[0.759s] DEBUG:colcon.colcon_installed_package_information.package_discovery:Found 2 installed packages in /home/vardan/Introduction-to-Robotics/Module2/ros2_ws/install
[0.761s] DEBUG:colcon.colcon_installed_package_information.package_discovery:Found 352 installed packages in /opt/ros/humble
[0.764s] Level 1:colcon.colcon_core.package_discovery:discover_packages(prefix_path) using defaults
[0.835s] Level 5:colcon.colcon_core.verb:set package 'owl_cv' build argument 'cmake_args' from command line to 'None'
[0.835s] Level 5:colcon.colcon_core.verb:set package 'owl_cv' build argument 'cmake_target' from command line to 'None'
[0.835s] Level 5:colcon.colcon_core.verb:set package 'owl_cv' build argument 'cmake_target_skip_unavailable' from command line to 'False'
[0.835s] Level 5:colcon.colcon_core.verb:set package 'owl_cv' build argument 'cmake_clean_cache' from command line to 'False'
[0.835s] Level 5:colcon.colcon_core.verb:set package 'owl_cv' build argument 'cmake_clean_first' from command line to 'False'
[0.835s] Level 5:colcon.colcon_core.verb:set package 'owl_cv' build argument 'cmake_force_configure' from command line to 'False'
[0.835s] Level 5:colcon.colcon_core.verb:set package 'owl_cv' build argument 'ament_cmake_args' from command line to 'None'
[0.835s] Level 5:colcon.colcon_core.verb:set package 'owl_cv' build argument 'catkin_cmake_args' from command line to 'None'
[0.835s] Level 5:colcon.colcon_core.verb:set package 'owl_cv' build argument 'catkin_skip_building_tests' from command line to 'False'
[0.836s] DEBUG:colcon.colcon_core.verb:Building package 'owl_cv' with the following arguments: {'ament_cmake_args': None, 'build_base': '/home/vardan/OWL_Sorting/ros2_ws/build/owl_cv', 'catkin_cmake_args': None, 'catkin_skip_building_tests': False, 'cmake_args': None, 'cmake_clean_cache': False, 'cmake_clean_first': False, 'cmake_force_configure': False, 'cmake_target': None, 'cmake_target_skip_unavailable': False, 'install_base': '/home/vardan/OWL_Sorting/ros2_ws/install/owl_cv', 'merge_install': False, 'path': '/home/vardan/OWL_Sorting/ros2_ws/src/owl_cv', 'symlink_install': True, 'test_result_base': None}
[0.836s] Level 5:colcon.colcon_core.verb:set package 'owl_description' build argument 'cmake_args' from command line to 'None'
[0.836s] Level 5:colcon.colcon_core.verb:set package 'owl_description' build argument 'cmake_target' from command line to 'None'
[0.836s] Level 5:colcon.colcon_core.verb:set package 'owl_description' build argument 'cmake_target_skip_unavailable' from command line to 'False'
[0.836s] Level 5:colcon.colcon_core.verb:set package 'owl_description' build argument 'cmake_clean_cache' from command line to 'False'
[0.836s] Level 5:colcon.colcon_core.verb:set package 'owl_description' build argument 'cmake_clean_first' from command line to 'False'
[0.836s] Level 5:colcon.colcon_core.verb:set package 'owl_description' build argument 'cmake_force_configure' from command line to 'False'
[0.836s] Level 5:colcon.colcon_core.verb:set package 'owl_description' build argument 'ament_cmake_args' from command line to 'None'
[0.836s] Level 5:colcon.colcon_core.verb:set package 'owl_description' build argument 'catkin_cmake_args' from command line to 'None'
[0.836s] Level 5:colcon.colcon_core.verb:set package 'owl_description' build argument 'catkin_skip_building_tests' from command line to 'False'
[0.836s] DEBUG:colcon.colcon_core.verb:Building package 'owl_description' with the following arguments: {'ament_cmake_args': None, 'build_base': '/home/vardan/OWL_Sorting/ros2_ws/build/owl_description', 'catkin_cmake_args': None, 'catkin_skip_building_tests': False, 'cmake_args': None, 'cmake_clean_cache': False, 'cmake_clean_first': False, 'cmake_force_configure': False, 'cmake_target': None, 'cmake_target_skip_unavailable': False, 'install_base': '/home/vardan/OWL_Sorting/ros2_ws/install/owl_description', 'merge_install': False, 'path': '/home/vardan/OWL_Sorting/ros2_ws/src/owl_description', 'symlink_install': True, 'test_result_base': None}
[0.837s] Level 5:colcon.colcon_core.verb:set package 'owl_gazebo' build argument 'cmake_args' from command line to 'None'
[0.837s] Level 5:colcon.colcon_core.verb:set package 'owl_gazebo' build argument 'cmake_target' from command line to 'None'
[0.837s] Level 5:colcon.colcon_core.verb:set package 'owl_gazebo' build argument 'cmake_target_skip_unavailable' from command line to 'False'
[0.837s] Level 5:colcon.colcon_core.verb:set package 'owl_gazebo' build argument 'cmake_clean_cache' from command line to 'False'
[0.837s] Level 5:colcon.colcon_core.verb:set package 'owl_gazebo' build argument 'cmake_clean_first' from command line to 'False'
[0.837s] Level 5:colcon.colcon_core.verb:set package 'owl_gazebo' build argument 'cmake_force_configure' from command line to 'False'
[0.837s] Level 5:colcon.colcon_core.verb:set package 'owl_gazebo' build argument 'ament_cmake_args' from command line to 'None'
[0.837s] Level 5:colcon.colcon_core.verb:set package 'owl_gazebo' build argument 'catkin_cmake_args' from command line to 'None'
[0.837s] Level 5:colcon.colcon_core.verb:set package 'owl_gazebo' build argument 'catkin_skip_building_tests' from command line to 'False'
[0.837s] DEBUG:colcon.colcon_core.verb:Building package 'owl_gazebo' with the following arguments: {'ament_cmake_args': None, 'build_base': '/home/vardan/OWL_Sorting/ros2_ws/build/owl_gazebo', 'catkin_cmake_args': None, 'catkin_skip_building_tests': False, 'cmake_args': None, 'cmake_clean_cache': False, 'cmake_clean_first': False, 'cmake_force_configure': False, 'cmake_target': None, 'cmake_target_skip_unavailable': False, 'install_base': '/home/vardan/OWL_Sorting/ros2_ws/install/owl_gazebo', 'merge_install': False, 'path': '/home/vardan/OWL_Sorting/ros2_ws/src/owl_gazebo', 'symlink_install': True, 'test_result_base': None}
[0.838s] Level 5:colcon.colcon_core.verb:set package 'owl_moveit_config' build argument 'cmake_args' from command line to 'None'
[0.838s] Level 5:colcon.colcon_core.verb:set package 'owl_moveit_config' build argument 'cmake_target' from command line to 'None'
[0.838s] Level 5:colcon.colcon_core.verb:set package 'owl_moveit_config' build argument 'cmake_target_skip_unavailable' from command line to 'False'
[0.838s] Level 5:colcon.colcon_core.verb:set package 'owl_moveit_config' build argument 'cmake_clean_cache' from command line to 'False'
[0.838s] Level 5:colcon.colcon_core.verb:set package 'owl_moveit_config' build argument 'cmake_clean_first' from command line to 'False'
[0.838s] Level 5:colcon.colcon_core.verb:set package 'owl_moveit_config' build argument 'cmake_force_configure' from command line to 'False'
[0.838s] Level 5:colcon.colcon_core.verb:set package 'owl_moveit_config' build argument 'ament_cmake_args' from command line to 'None'
[0.838s] Level 5:colcon.colcon_core.verb:set package 'owl_moveit_config' build argument 'catkin_cmake_args' from command line to 'None'
[0.838s] Level 5:colcon.colcon_core.verb:set package 'owl_moveit_config' build argument 'catkin_skip_building_tests' from command line to 'False'
[0.838s] DEBUG:colcon.colcon_core.verb:Building package 'owl_moveit_config' with the following arguments: {'ament_cmake_args': None, 'build_base': '/home/vardan/OWL_Sorting/ros2_ws/build/owl_moveit_config', 'catkin_cmake_args': None, 'catkin_skip_building_tests': False, 'cmake_args': None, 'cmake_clean_cache': False, 'cmake_clean_first': False, 'cmake_force_configure': False, 'cmake_target': None, 'cmake_target_skip_unavailable': False, 'install_base': '/home/vardan/OWL_Sorting/ros2_ws/install/owl_moveit_config', 'merge_install': False, 'path': '/home/vardan/OWL_Sorting/ros2_ws/src/owl_moveit_config', 'symlink_install': True, 'test_result_base': None}
[0.838s] INFO:colcon.colcon_core.executor:Executing jobs using 'parallel' executor
[0.840s] DEBUG:colcon.colcon_parallel_executor.executor.parallel:run_until_complete
[0.840s] INFO:colcon.colcon_ros.task.ament_python.build:Building ROS package in '/home/vardan/OWL_Sorting/ros2_ws/src/owl_description' with build type 'ament_python'
[0.841s] Level 1:colcon.colcon_core.shell:create_environment_hook('owl_description', 'ament_prefix_path')
[0.850s] INFO:colcon.colcon_core.plugin_system:Skipping extension 'colcon_core.shell.bat': Not used on non-Windows systems
[0.851s] INFO:colcon.colcon_core.shell:Creating environment hook '/home/vardan/OWL_Sorting/ros2_ws/install/owl_description/share/owl_description/hook/ament_prefix_path.ps1'
[0.853s] INFO:colcon.colcon_core.shell:Creating environment descriptor '/home/vardan/OWL_Sorting/ros2_ws/install/owl_description/share/owl_description/hook/ament_prefix_path.dsv'
[0.855s] INFO:colcon.colcon_core.shell:Creating environment hook '/home/vardan/OWL_Sorting/ros2_ws/install/owl_description/share/owl_description/hook/ament_prefix_path.sh'
[0.862s] INFO:colcon.colcon_core.shell:Skip shell extension 'powershell' for command environment: Not usable outside of PowerShell
[0.862s] DEBUG:colcon.colcon_core.shell:Skip shell extension 'dsv' for command environment
[0.872s] INFO:colcon.colcon_ros.task.ament_python.build:Building ROS package in '/home/vardan/OWL_Sorting/ros2_ws/src/owl_cv' with build type 'ament_python'
[0.873s] Level 1:colcon.colcon_core.shell:create_environment_hook('owl_cv', 'ament_prefix_path')
[0.874s] INFO:colcon.colcon_core.shell:Creating environment hook '/home/vardan/OWL_Sorting/ros2_ws/install/owl_cv/share/owl_cv/hook/ament_prefix_path.ps1'
[0.876s] INFO:colcon.colcon_core.shell:Creating environment descriptor '/home/vardan/OWL_Sorting/ros2_ws/install/owl_cv/share/owl_cv/hook/ament_prefix_path.dsv'
[0.877s] INFO:colcon.colcon_core.shell:Creating environment hook '/home/vardan/OWL_Sorting/ros2_ws/install/owl_cv/share/owl_cv/hook/ament_prefix_path.sh'
[0.878s] INFO:colcon.colcon_core.shell:Skip shell extension 'powershell' for command environment: Not usable outside of PowerShell
[0.878s] DEBUG:colcon.colcon_core.shell:Skip shell extension 'dsv' for command environment
[1.301s] INFO:colcon.colcon_core.task.python.build:Building Python package in '/home/vardan/OWL_Sorting/ros2_ws/src/owl_description'
[1.301s] INFO:colcon.colcon_core.shell:Skip shell extension 'powershell' for command environment: Not usable outside of PowerShell
[1.301s] DEBUG:colcon.colcon_core.shell:Skip shell extension 'dsv' for command environment
[1.708s] INFO:colcon.colcon_core.task.python.build:Building Python package in '/home/vardan/OWL_Sorting/ros2_ws/src/owl_cv'
[1.709s] INFO:colcon.colcon_core.shell:Skip shell extension 'powershell' for command environment: Not usable outside of PowerShell
[1.709s] DEBUG:colcon.colcon_core.shell:Skip shell extension 'dsv' for command environment
[2.829s] DEBUG:colcon.colcon_core.event_handler.log_command:Invoking command in '/home/vardan/OWL_Sorting/ros2_ws/build/owl_description': PYTHONPATH=/home/vardan/OWL_Sorting/ros2_ws/build/owl_description/prefix_override:/usr/lib/python3/dist-packages/colcon_core/task/python/colcon_distutils_commands:/home/vardan/OWL_Sorting/ros2_ws/install/owl_description/lib/python3.10/site-packages:${PYTHONPATH} /usr/bin/python3 -W ignore:setup.py install is deprecated setup.py develop --editable --build-directory /home/vardan/OWL_Sorting/ros2_ws/build/owl_description/build --no-deps symlink_data
[2.836s] DEBUG:colcon.colcon_core.event_handler.log_command:Invoking command in '/home/vardan/OWL_Sorting/ros2_ws/build/owl_cv': PYTHONPATH=/home/vardan/OWL_Sorting/ros2_ws/build/owl_cv/prefix_override:/usr/lib/python3/dist-packages/colcon_core/task/python/colcon_distutils_commands:/home/vardan/OWL_Sorting/ros2_ws/install/owl_cv/lib/python3.10/site-packages:${PYTHONPATH} /usr/bin/python3 -W ignore:setup.py install is deprecated setup.py develop --editable --build-directory /home/vardan/OWL_Sorting/ros2_ws/build/owl_cv/build --no-deps symlink_data
[3.711s] Level 1:colcon.colcon_core.shell:create_environment_hook('owl_cv', 'pythonpath_develop')
[3.711s] INFO:colcon.colcon_core.shell:Creating environment hook '/home/vardan/OWL_Sorting/ros2_ws/build/owl_cv/share/owl_cv/hook/pythonpath_develop.ps1'
[3.712s] DEBUG:colcon.colcon_core.event_handler.log_command:Invoked command in '/home/vardan/OWL_Sorting/ros2_ws/build/owl_cv' returned '0': PYTHONPATH=/home/vardan/OWL_Sorting/ros2_ws/build/owl_cv/prefix_override:/usr/lib/python3/dist-packages/colcon_core/task/python/colcon_distutils_commands:/home/vardan/OWL_Sorting/ros2_ws/install/owl_cv/lib/python3.10/site-packages:${PYTHONPATH} /usr/bin/python3 -W ignore:setup.py install is deprecated setup.py develop --editable --build-directory /home/vardan/OWL_Sorting/ros2_ws/build/owl_cv/build --no-deps symlink_data
[3.713s] INFO:colcon.colcon_core.shell:Creating environment descriptor '/home/vardan/OWL_Sorting/ros2_ws/build/owl_cv/share/owl_cv/hook/pythonpath_develop.dsv'
[3.714s] INFO:colcon.colcon_core.shell:Creating environment hook '/home/vardan/OWL_Sorting/ros2_ws/build/owl_cv/share/owl_cv/hook/pythonpath_develop.sh'
[3.724s] Level 1:colcon.colcon_core.environment:checking '/home/vardan/OWL_Sorting/ros2_ws/install/owl_cv' for CMake module files
[3.725s] Level 1:colcon.colcon_core.environment:checking '/home/vardan/OWL_Sorting/ros2_ws/install/owl_cv' for CMake config files
[3.726s] Level 1:colcon.colcon_core.environment:checking '/home/vardan/OWL_Sorting/ros2_ws/install/owl_cv/lib'
[3.726s] Level 1:colcon.colcon_core.environment:checking '/home/vardan/OWL_Sorting/ros2_ws/install/owl_cv/bin'
[3.726s] Level 1:colcon.colcon_core.environment:checking '/home/vardan/OWL_Sorting/ros2_ws/install/owl_cv/lib/pkgconfig/owl_cv.pc'
[3.726s] Level 1:colcon.colcon_core.environment:checking '/home/vardan/OWL_Sorting/ros2_ws/install/owl_cv/lib/python3.10/site-packages'
[3.727s] Level 1:colcon.colcon_core.shell:create_environment_hook('owl_cv', 'pythonpath')
[3.727s] INFO:colcon.colcon_core.shell:Creating environment hook '/home/vardan/OWL_Sorting/ros2_ws/install/owl_cv/share/owl_cv/hook/pythonpath.ps1'
[3.727s] INFO:colcon.colcon_core.shell:Creating environment descriptor '/home/vardan/OWL_Sorting/ros2_ws/install/owl_cv/share/owl_cv/hook/pythonpath.dsv'
[3.728s] INFO:colcon.colcon_core.shell:Creating environment hook '/home/vardan/OWL_Sorting/ros2_ws/install/owl_cv/share/owl_cv/hook/pythonpath.sh'
[3.729s] Level 1:colcon.colcon_core.environment:checking '/home/vardan/OWL_Sorting/ros2_ws/install/owl_cv/bin'
[3.729s] Level 1:colcon.colcon_core.environment:create_environment_scripts_only(owl_cv)
[3.729s] INFO:colcon.colcon_core.shell:Creating package script '/home/vardan/OWL_Sorting/ros2_ws/install/owl_cv/share/owl_cv/package.ps1'
[3.731s] INFO:colcon.colcon_core.shell:Creating package descriptor '/home/vardan/OWL_Sorting/ros2_ws/install/owl_cv/share/owl_cv/package.dsv'
[3.732s] INFO:colcon.colcon_core.shell:Creating package script '/home/vardan/OWL_Sorting/ros2_ws/install/owl_cv/share/owl_cv/package.sh'
[3.734s] INFO:colcon.colcon_core.shell:Creating package script '/home/vardan/OWL_Sorting/ros2_ws/install/owl_cv/share/owl_cv/package.bash'
[3.735s] INFO:colcon.colcon_core.shell:Creating package script '/home/vardan/OWL_Sorting/ros2_ws/install/owl_cv/share/owl_cv/package.zsh'
[3.737s] Level 1:colcon.colcon_core.environment:create_file_with_runtime_dependencies(/home/vardan/OWL_Sorting/ros2_ws/install/owl_cv/share/colcon-core/packages/owl_cv)
[3.738s] Level 1:colcon.colcon_core.shell:create_environment_hook('owl_description', 'pythonpath_develop')
[3.738s] INFO:colcon.colcon_core.shell:Creating environment hook '/home/vardan/OWL_Sorting/ros2_ws/build/owl_description/share/owl_description/hook/pythonpath_develop.ps1'
[3.740s] INFO:colcon.colcon_core.shell:Creating environment descriptor '/home/vardan/OWL_Sorting/ros2_ws/build/owl_description/share/owl_description/hook/pythonpath_develop.dsv'
[3.741s] DEBUG:colcon.colcon_core.event_handler.log_command:Invoked command in '/home/vardan/OWL_Sorting/ros2_ws/build/owl_description' returned '0': PYTHONPATH=/home/vardan/OWL_Sorting/ros2_ws/build/owl_description/prefix_override:/usr/lib/python3/dist-packages/colcon_core/task/python/colcon_distutils_commands:/home/vardan/OWL_Sorting/ros2_ws/install/owl_description/lib/python3.10/site-packages:${PYTHONPATH} /usr/bin/python3 -W ignore:setup.py install is deprecated setup.py develop --editable --build-directory /home/vardan/OWL_Sorting/ros2_ws/build/owl_description/build --no-deps symlink_data
[3.741s] INFO:colcon.colcon_core.shell:Creating environment hook '/home/vardan/OWL_Sorting/ros2_ws/build/owl_description/share/owl_description/hook/pythonpath_develop.sh'
[3.742s] Level 1:colcon.colcon_core.environment:checking '/home/vardan/OWL_Sorting/ros2_ws/install/owl_description' for CMake module files
[3.743s] Level 1:colcon.colcon_core.environment:checking '/home/vardan/OWL_Sorting/ros2_ws/install/owl_description' for CMake config files
[3.743s] Level 1:colcon.colcon_core.environment:checking '/home/vardan/OWL_Sorting/ros2_ws/install/owl_description/lib'
[3.744s] Level 1:colcon.colcon_core.environment:checking '/home/vardan/OWL_Sorting/ros2_ws/install/owl_description/bin'
[3.744s] Level 1:colcon.colcon_core.environment:checking '/home/vardan/OWL_Sorting/ros2_ws/install/owl_description/lib/pkgconfig/owl_description.pc'
[3.744s] Level 1:colcon.colcon_core.environment:checking '/home/vardan/OWL_Sorting/ros2_ws/install/owl_description/lib/python3.10/site-packages'
[3.744s] Level 1:colcon.colcon_core.shell:create_environment_hook('owl_description', 'pythonpath')
[3.745s] INFO:colcon.colcon_core.shell:Creating environment hook '/home/vardan/OWL_Sorting/ros2_ws/install/owl_description/share/owl_description/hook/pythonpath.ps1'
[3.745s] INFO:colcon.colcon_core.shell:Creating environment descriptor '/home/vardan/OWL_Sorting/ros2_ws/install/owl_description/share/owl_description/hook/pythonpath.dsv'
[3.746s] INFO:colcon.colcon_core.shell:Creating environment hook '/home/vardan/OWL_Sorting/ros2_ws/install/owl_description/share/owl_description/hook/pythonpath.sh'
[3.747s] Level 1:colcon.colcon_core.environment:checking '/home/vardan/OWL_Sorting/ros2_ws/install/owl_description/bin'
[3.747s] Level 1:colcon.colcon_core.environment:create_environment_scripts_only(owl_description)
[3.748s] INFO:colcon.colcon_core.shell:Creating package script '/home/vardan/OWL_Sorting/ros2_ws/install/owl_description/share/owl_description/package.ps1'
[3.749s] INFO:colcon.colcon_core.shell:Creating package descriptor '/home/vardan/OWL_Sorting/ros2_ws/install/owl_description/share/owl_description/package.dsv'
[3.750s] INFO:colcon.colcon_core.shell:Creating package script '/home/vardan/OWL_Sorting/ros2_ws/install/owl_description/share/owl_description/package.sh'
[3.752s] INFO:colcon.colcon_core.shell:Creating package script '/home/vardan/OWL_Sorting/ros2_ws/install/owl_description/share/owl_description/package.bash'
[3.753s] INFO:colcon.colcon_core.shell:Creating package script '/home/vardan/OWL_Sorting/ros2_ws/install/owl_description/share/owl_description/package.zsh'
[3.754s] Level 1:colcon.colcon_core.environment:create_file_with_runtime_dependencies(/home/vardan/OWL_Sorting/ros2_ws/install/owl_description/share/colcon-core/packages/owl_description)
[3.755s] INFO:colcon.colcon_ros.task.ament_python.build:Building ROS package in '/home/vardan/OWL_Sorting/ros2_ws/src/owl_gazebo' with build type 'ament_python'
[3.756s] Level 1:colcon.colcon_core.shell:create_environment_hook('owl_gazebo', 'ament_prefix_path')
[3.757s] INFO:colcon.colcon_core.shell:Creating environment hook '/home/vardan/OWL_Sorting/ros2_ws/install/owl_gazebo/share/owl_gazebo/hook/ament_prefix_path.ps1'
[3.761s] INFO:colcon.colcon_core.shell:Creating environment descriptor '/home/vardan/OWL_Sorting/ros2_ws/install/owl_gazebo/share/owl_gazebo/hook/ament_prefix_path.dsv'
[3.767s] INFO:colcon.colcon_core.shell:Creating environment hook '/home/vardan/OWL_Sorting/ros2_ws/install/owl_gazebo/share/owl_gazebo/hook/ament_prefix_path.sh'
[3.770s] INFO:colcon.colcon_core.shell:Skip shell extension 'powershell' for command environment: Not usable outside of PowerShell
[3.770s] DEBUG:colcon.colcon_core.shell:Skip shell extension 'dsv' for command environment
[3.786s] INFO:colcon.colcon_ros.task.ament_cmake.build:Building ROS package in '/home/vardan/OWL_Sorting/ros2_ws/src/owl_moveit_config' with build type 'ament_cmake'
[3.787s] INFO:colcon.colcon_cmake.task.cmake.build:Building CMake package in '/home/vardan/OWL_Sorting/ros2_ws/src/owl_moveit_config'
[3.790s] INFO:colcon.colcon_core.shell:Skip shell extension 'powershell' for command environment: Not usable outside of PowerShell
[3.790s] DEBUG:colcon.colcon_core.shell:Skip shell extension 'dsv' for command environment
[4.316s] INFO:colcon.colcon_core.task.python.build:Building Python package in '/home/vardan/OWL_Sorting/ros2_ws/src/owl_gazebo'
[4.317s] INFO:colcon.colcon_core.shell:Skip shell extension 'powershell' for command environment: Not usable outside of PowerShell
[4.317s] DEBUG:colcon.colcon_core.shell:Skip shell extension 'dsv' for command environment
[4.334s] DEBUG:colcon.colcon_core.event_handler.log_command:Invoking command in '/home/vardan/OWL_Sorting/ros2_ws/build/owl_moveit_config': AMENT_PREFIX_PATH=/home/vardan/OWL_Sorting/ros2_ws/install/owl_description:/home/vardan/OWL_Sorting/ros2_ws/install/owl_moveit_config:/home/vardan/OWL_Sorting/ros2_ws/install/owl_gazebo:/home/vardan/Introduction-to-Robotics/Module2/ros2_ws/install/moveit_pkgs:/home/vardan/Introduction-to-Robotics/Module2/ros2_ws/install/owl_robot:/home/vardan/RAKSH-Autonomous-Pesticide-Spraying-Robot/ros2_ws/install/raksh_description:/home/vardan/RAKSH-Autonomous-Pesticide-Spraying-Robot/ros2_ws/install/disease_detection:/home/vardan/Introduction-to-Robotics/Module1/ros2_wk/install/manipulator_simulation:/opt/ros/humble CMAKE_PREFIX_PATH=${CMAKE_PREFIX_PATH}:/home/vardan/OWL_Sorting/ros2_ws/install/owl_gazebo:/home/vardan/OWL_Sorting/ros2_ws/install/owl_description:/home/vardan/Introduction-to-Robotics/Module2/ros2_ws/install/owl_robot:/home/vardan/RAKSH-Autonomous-Pesticide-Spraying-Robot/ros2_ws/install/raksh_description:/home/vardan/RAKSH-Autonomous-Pesticide-Spraying-Robot/ros2_ws/install/disease_detection:/home/vardan/Introduction-to-Robotics/Module1/ros2_wk/install/manipulator_simulation:/opt/ros/humble PYTHONPATH=/home/vardan/OWL_Sorting/ros2_ws/build/owl_description:/home/vardan/OWL_Sorting/ros2_ws/install/owl_description/lib/python3.10/site-packages:/home/vardan/OWL_Sorting/ros2_ws/build/owl_gazebo:/home/vardan/OWL_Sorting/ros2_ws/install/owl_gazebo/lib/python3.10/site-packages:/home/vardan/Introduction-to-Robotics/Module2/ros2_ws/build/owl_robot:/home/vardan/Introduction-to-Robotics/Module2/ros2_ws/install/owl_robot/lib/python3.10/site-packages:/home/vardan/RAKSH-Autonomous-Pesticide-Spraying-Robot/ros2_ws/build/raksh_description:/home/vardan/RAKSH-Autonomous-Pesticide-Spraying-Robot/ros2_ws/install/raksh_description/lib/python3.10/site-packages:/home/vardan/RAKSH-Autonomous-Pesticide-Spraying-Robot/ros2_ws/build/disease_detection:/home/vardan/RAKSH-Autonomous-Pesticide-Spraying-Robot/ros2_ws/install/disease_detection/lib/python3.10/site-packages:/home/vardan/Introduction-to-Robotics/Assignment1/ros2_wk/build/manipulator_simulation:/home/vardan/Introduction-to-Robotics/Module1/ros2_wk/install/manipulator_simulation/lib/python3.10/site-packages:/opt/ros/humble/lib/python3.10/site-packages:/opt/ros/humble/local/lib/python3.10/dist-packages /usr/bin/cmake --build /home/vardan/OWL_Sorting/ros2_ws/build/owl_moveit_config -- -j4 -l4
[4.460s] DEBUG:colcon.colcon_core.event_handler.log_command:Invoked command in '/home/vardan/OWL_Sorting/ros2_ws/build/owl_moveit_config' returned '0': AMENT_PREFIX_PATH=/home/vardan/OWL_Sorting/ros2_ws/install/owl_description:/home/vardan/OWL_Sorting/ros2_ws/install/owl_moveit_config:/home/vardan/OWL_Sorting/ros2_ws/install/owl_gazebo:/home/vardan/Introduction-to-Robotics/Module2/ros2_ws/install/moveit_pkgs:/home/vardan/Introduction-to-Robotics/Module2/ros2_ws/install/owl_robot:/home/vardan/RAKSH-Autonomous-Pesticide-Spraying-Robot/ros2_ws/install/raksh_description:/home/vardan/RAKSH-Autonomous-Pesticide-Spraying-Robot/ros2_ws/install/disease_detection:/home/vardan/Introduction-to-Robotics/Module1/ros2_wk/install/manipulator_simulation:/opt/ros/humble CMAKE_PREFIX_PATH=${CMAKE_PREFIX_PATH}:/home/vardan/OWL_Sorting/ros2_ws/install/owl_gazebo:/home/vardan/OWL_Sorting/ros2_ws/install/owl_description:/home/vardan/Introduction-to-Robotics/Module2/ros2_ws/install/owl_robot:/home/vardan/RAKSH-Autonomous-Pesticide-Spraying-Robot/ros2_ws/install/raksh_description:/home/vardan/RAKSH-Autonomous-Pesticide-Spraying-Robot/ros2_ws/install/disease_detection:/home/vardan/Introduction-to-Robotics/Module1/ros2_wk/install/manipulator_simulation:/opt/ros/humble PYTHONPATH=/home/vardan/OWL_Sorting/ros2_ws/build/owl_description:/home/vardan/OWL_Sorting/ros2_ws/install/owl_description/lib/python3.10/site-packages:/home/vardan/OWL_Sorting/ros2_ws/build/owl_gazebo:/home/vardan/OWL_Sorting/ros2_ws/install/owl_gazebo/lib/python3.10/site-packages:/home/vardan/Introduction-to-Robotics/Module2/ros2_ws/build/owl_robot:/home/vardan/Introduction-to-Robotics/Module2/ros2_ws/install/owl_robot/lib/python3.10/site-packages:/home/vardan/RAKSH-Autonomous-Pesticide-Spraying-Robot/ros2_ws/build/raksh_description:/home/vardan/RAKSH-Autonomous-Pesticide-Spraying-Robot/ros2_ws/install/raksh_description/lib/python3.10/site-packages:/home/vardan/RAKSH-Autonomous-Pesticide-Spraying-Robot/ros2_ws/build/disease_detection:/home/vardan/RAKSH-Autonomous-Pesticide-Spraying-Robot/ros2_ws/install/disease_detection/lib/python3.10/site-packages:/home/vardan/Introduction-to-Robotics/Assignment1/ros2_wk/build/manipulator_simulation:/home/vardan/Introduction-to-Robotics/Module1/ros2_wk/install/manipulator_simulation/lib/python3.10/site-packages:/opt/ros/humble/lib/python3.10/site-packages:/opt/ros/humble/local/lib/python3.10/dist-packages /usr/bin/cmake --build /home/vardan/OWL_Sorting/ros2_ws/build/owl_moveit_config -- -j4 -l4
[4.519s] DEBUG:colcon.colcon_core.event_handler.log_command:Invoking command in '/home/vardan/OWL_Sorting/ros2_ws/build/owl_moveit_config': AMENT_PREFIX_PATH=/home/vardan/OWL_Sorting/ros2_ws/install/owl_description:/home/vardan/OWL_Sorting/ros2_ws/install/owl_moveit_config:/home/vardan/OWL_Sorting/ros2_ws/install/owl_gazebo:/home/vardan/Introduction-to-Robotics/Module2/ros2_ws/install/moveit_pkgs:/home/vardan/Introduction-to-Robotics/Module2/ros2_ws/install/owl_robot:/home/vardan/RAKSH-Autonomous-Pesticide-Spraying-Robot/ros2_ws/install/raksh_description:/home/vardan/RAKSH-Autonomous-Pesticide-Spraying-Robot/ros2_ws/install/disease_detection:/home/vardan/Introduction-to-Robotics/Module1/ros2_wk/install/manipulator_simulation:/opt/ros/humble CMAKE_PREFIX_PATH=${CMAKE_PREFIX_PATH}:/home/vardan/OWL_Sorting/ros2_ws/install/owl_gazebo:/home/vardan/OWL_Sorting/ros2_ws/install/owl_description:/home/vardan/Introduction-to-Robotics/Module2/ros2_ws/install/owl_robot:/home/vardan/RAKSH-Autonomous-Pesticide-Spraying-Robot/ros2_ws/install/raksh_description:/home/vardan/RAKSH-Autonomous-Pesticide-Spraying-Robot/ros2_ws/install/disease_detection:/home/vardan/Introduction-to-Robotics/Module1/ros2_wk/install/manipulator_simulation:/opt/ros/humble PYTHONPATH=/home/vardan/OWL_Sorting/ros2_ws/build/owl_description:/home/vardan/OWL_Sorting/ros2_ws/install/owl_description/lib/python3.10/site-packages:/home/vardan/OWL_Sorting/ros2_ws/build/owl_gazebo:/home/vardan/OWL_Sorting/ros2_ws/install/owl_gazebo/lib/python3.10/site-packages:/home/vardan/Introduction-to-Robotics/Module2/ros2_ws/build/owl_robot:/home/vardan/Introduction-to-Robotics/Module2/ros2_ws/install/owl_robot/lib/python3.10/site-packages:/home/vardan/RAKSH-Autonomous-Pesticide-Spraying-Robot/ros2_ws/build/raksh_description:/home/vardan/RAKSH-Autonomous-Pesticide-Spraying-Robot/ros2_ws/install/raksh_description/lib/python3.10/site-packages:/home/vardan/RAKSH-Autonomous-Pesticide-Spraying-Robot/ros2_ws/build/disease_detection:/home/vardan/RAKSH-Autonomous-Pesticide-Spraying-Robot/ros2_ws/install/disease_detection/lib/python3.10/site-packages:/home/vardan/Introduction-to-Robotics/Assignment1/ros2_wk/build/manipulator_simulation:/home/vardan/Introduction-to-Robotics/Module1/ros2_wk/install/manipulator_simulation/lib/python3.10/site-packages:/opt/ros/humble/lib/python3.10/site-packages:/opt/ros/humble/local/lib/python3.10/dist-packages /usr/bin/cmake --install /home/vardan/OWL_Sorting/ros2_ws/build/owl_moveit_config
[4.566s] Level 1:colcon.colcon_core.environment:create_environment_scripts_only(owl_moveit_config)
[4.566s] Level 1:colcon.colcon_core.environment:checking '/home/vardan/OWL_Sorting/ros2_ws/install/owl_moveit_config' for CMake module files
[4.567s] DEBUG:colcon.colcon_core.event_handler.log_command:Invoked command in '/home/vardan/OWL_Sorting/ros2_ws/build/owl_moveit_config' returned '0': AMENT_PREFIX_PATH=/home/vardan/OWL_Sorting/ros2_ws/install/owl_description:/home/vardan/OWL_Sorting/ros2_ws/install/owl_moveit_config:/home/vardan/OWL_Sorting/ros2_ws/install/owl_gazebo:/home/vardan/Introduction-to-Robotics/Module2/ros2_ws/install/moveit_pkgs:/home/vardan/Introduction-to-Robotics/Module2/ros2_ws/install/owl_robot:/home/vardan/RAKSH-Autonomous-Pesticide-Spraying-Robot/ros2_ws/install/raksh_description:/home/vardan/RAKSH-Autonomous-Pesticide-Spraying-Robot/ros2_ws/install/disease_detection:/home/vardan/Introduction-to-Robotics/Module1/ros2_wk/install/manipulator_simulation:/opt/ros/humble CMAKE_PREFIX_PATH=${CMAKE_PREFIX_PATH}:/home/vardan/OWL_Sorting/ros2_ws/install/owl_gazebo:/home/vardan/OWL_Sorting/ros2_ws/install/owl_description:/home/vardan/Introduction-to-Robotics/Module2/ros2_ws/install/owl_robot:/home/vardan/RAKSH-Autonomous-Pesticide-Spraying-Robot/ros2_ws/install/raksh_description:/home/vardan/RAKSH-Autonomous-Pesticide-Spraying-Robot/ros2_ws/install/disease_detection:/home/vardan/Introduction-to-Robotics/Module1/ros2_wk/install/manipulator_simulation:/opt/ros/humble PYTHONPATH=/home/vardan/OWL_Sorting/ros2_ws/build/owl_description:/home/vardan/OWL_Sorting/ros2_ws/install/owl_description/lib/python3.10/site-packages:/home/vardan/OWL_Sorting/ros2_ws/build/owl_gazebo:/home/vardan/OWL_Sorting/ros2_ws/install/owl_gazebo/lib/python3.10/site-packages:/home/vardan/Introduction-to-Robotics/Module2/ros2_ws/build/owl_robot:/home/vardan/Introduction-to-Robotics/Module2/ros2_ws/install/owl_robot/lib/python3.10/site-packages:/home/vardan/RAKSH-Autonomous-Pesticide-Spraying-Robot/ros2_ws/build/raksh_description:/home/vardan/RAKSH-Autonomous-Pesticide-Spraying-Robot/ros2_ws/install/raksh_description/lib/python3.10/site-packages:/home/vardan/RAKSH-Autonomous-Pesticide-Spraying-Robot/ros2_ws/build/disease_detection:/home/vardan/RAKSH-Autonomous-Pesticide-Spraying-Robot/ros2_ws/install/disease_detection/lib/python3.10/site-packages:/home/vardan/Introduction-to-Robotics/Assignment1/ros2_wk/build/manipulator_simulation:/home/vardan/Introduction-to-Robotics/Module1/ros2_wk/install/manipulator_simulation/lib/python3.10/site-packages:/opt/ros/humble/lib/python3.10/site-packages:/opt/ros/humble/local/lib/python3.10/dist-packages /usr/bin/cmake --install /home/vardan/OWL_Sorting/ros2_ws/build/owl_moveit_config
[4.568s] Level 1:colcon.colcon_core.environment:checking '/home/vardan/OWL_Sorting/ros2_ws/install/owl_moveit_config' for CMake config files
[4.568s] Level 1:colcon.colcon_core.shell:create_environment_hook('owl_moveit_config', 'cmake_prefix_path')
[4.569s] INFO:colcon.colcon_core.shell:Creating environment hook '/home/vardan/OWL_Sorting/ros2_ws/install/owl_moveit_config/share/owl_moveit_config/hook/cmake_prefix_path.ps1'
[4.571s] INFO:colcon.colcon_core.shell:Creating environment descriptor '/home/vardan/OWL_Sorting/ros2_ws/install/owl_moveit_config/share/owl_moveit_config/hook/cmake_prefix_path.dsv'
[4.571s] INFO:colcon.colcon_core.shell:Creating environment hook '/home/vardan/OWL_Sorting/ros2_ws/install/owl_moveit_config/share/owl_moveit_config/hook/cmake_prefix_path.sh'
[4.573s] Level 1:colcon.colcon_core.environment:checking '/home/vardan/OWL_Sorting/ros2_ws/install/owl_moveit_config/bin'
[4.573s] Level 1:colcon.colcon_core.environment:checking '/home/vardan/OWL_Sorting/ros2_ws/install/owl_moveit_config/lib/pkgconfig/owl_moveit_config.pc'
[4.574s] Level 1:colcon.colcon_core.environment:checking '/home/vardan/OWL_Sorting/ros2_ws/install/owl_moveit_config/lib/python3.10/site-packages'
[4.574s] Level 1:colcon.colcon_core.environment:checking '/home/vardan/OWL_Sorting/ros2_ws/install/owl_moveit_config/bin'
[4.575s] INFO:colcon.colcon_core.shell:Creating package script '/home/vardan/OWL_Sorting/ros2_ws/install/owl_moveit_config/share/owl_moveit_config/package.ps1'
[4.576s] INFO:colcon.colcon_core.shell:Creating package descriptor '/home/vardan/OWL_Sorting/ros2_ws/install/owl_moveit_config/share/owl_moveit_config/package.dsv'
[4.576s] INFO:colcon.colcon_core.shell:Creating package script '/home/vardan/OWL_Sorting/ros2_ws/install/owl_moveit_config/share/owl_moveit_config/package.sh'
[4.577s] INFO:colcon.colcon_core.shell:Creating package script '/home/vardan/OWL_Sorting/ros2_ws/install/owl_moveit_config/share/owl_moveit_config/package.bash'
[4.577s] INFO:colcon.colcon_core.shell:Creating package script '/home/vardan/OWL_Sorting/ros2_ws/install/owl_moveit_config/share/owl_moveit_config/package.zsh'
[4.578s] Level 1:colcon.colcon_core.environment:create_file_with_runtime_dependencies(/home/vardan/OWL_Sorting/ros2_ws/install/owl_moveit_config/share/colcon-core/packages/owl_moveit_config)
[4.612s] Level 1:colcon.colcon_core.environment:create_environment_scripts_only(owl_moveit_config)
[4.613s] Level 1:colcon.colcon_core.environment:checking '/home/vardan/OWL_Sorting/ros2_ws/install/owl_moveit_config' for CMake module files
[4.613s] Level 1:colcon.colcon_core.environment:checking '/home/vardan/OWL_Sorting/ros2_ws/install/owl_moveit_config' for CMake config files
[4.614s] Level 1:colcon.colcon_core.shell:create_environment_hook('owl_moveit_config', 'cmake_prefix_path')
[4.614s] INFO:colcon.colcon_core.shell:Creating environment hook '/home/vardan/OWL_Sorting/ros2_ws/install/owl_moveit_config/share/owl_moveit_config/hook/cmake_prefix_path.ps1'
[4.615s] INFO:colcon.colcon_core.shell:Creating environment descriptor '/home/vardan/OWL_Sorting/ros2_ws/install/owl_moveit_config/share/owl_moveit_config/hook/cmake_prefix_path.dsv'
[4.617s] INFO:colcon.colcon_core.shell:Creating environment hook '/home/vardan/OWL_Sorting/ros2_ws/install/owl_moveit_config/share/owl_moveit_config/hook/cmake_prefix_path.sh'
[4.619s] Level 1:colcon.colcon_core.environment:checking '/home/vardan/OWL_Sorting/ros2_ws/install/owl_moveit_config/bin'
[4.620s] Level 1:colcon.colcon_core.environment:checking '/home/vardan/OWL_Sorting/ros2_ws/install/owl_moveit_config/lib/pkgconfig/owl_moveit_config.pc'
[4.620s] Level 1:colcon.colcon_core.environment:checking '/home/vardan/OWL_Sorting/ros2_ws/install/owl_moveit_config/lib/python3.10/site-packages'
[4.621s] Level 1:colcon.colcon_core.environment:checking '/home/vardan/OWL_Sorting/ros2_ws/install/owl_moveit_config/bin'
[4.621s] INFO:colcon.colcon_core.shell:Creating package script '/home/vardan/OWL_Sorting/ros2_ws/install/owl_moveit_config/share/owl_moveit_config/package.ps1'
[4.622s] INFO:colcon.colcon_core.shell:Creating package descriptor '/home/vardan/OWL_Sorting/ros2_ws/install/owl_moveit_config/share/owl_moveit_config/package.dsv'
[4.623s] INFO:colcon.colcon_core.shell:Creating package script '/home/vardan/OWL_Sorting/ros2_ws/install/owl_moveit_config/share/owl_moveit_config/package.sh'
[4.624s] INFO:colcon.colcon_core.shell:Creating package script '/home/vardan/OWL_Sorting/ros2_ws/install/owl_moveit_config/share/owl_moveit_config/package.bash'
[4.625s] INFO:colcon.colcon_core.shell:Creating package script '/home/vardan/OWL_Sorting/ros2_ws/install/owl_moveit_config/share/owl_moveit_config/package.zsh'
[4.626s] Level 1:colcon.colcon_core.environment:create_file_with_runtime_dependencies(/home/vardan/OWL_Sorting/ros2_ws/install/owl_moveit_config/share/colcon-core/packages/owl_moveit_config)
[5.079s] DEBUG:colcon.colcon_core.event_handler.log_command:Invoking command in '/home/vardan/OWL_Sorting/ros2_ws/build/owl_gazebo': AMENT_PREFIX_PATH=/home/vardan/OWL_Sorting/ros2_ws/install/owl_description:/home/vardan/OWL_Sorting/ros2_ws/install/owl_moveit_config:/home/vardan/OWL_Sorting/ros2_ws/install/owl_gazebo:/home/vardan/Introduction-to-Robotics/Module2/ros2_ws/install/moveit_pkgs:/home/vardan/Introduction-to-Robotics/Module2/ros2_ws/install/owl_robot:/home/vardan/RAKSH-Autonomous-Pesticide-Spraying-Robot/ros2_ws/install/raksh_description:/home/vardan/RAKSH-Autonomous-Pesticide-Spraying-Robot/ros2_ws/install/disease_detection:/home/vardan/Introduction-to-Robotics/Module1/ros2_wk/install/manipulator_simulation:/opt/ros/humble PYTHONPATH=/home/vardan/OWL_Sorting/ros2_ws/build/owl_gazebo/prefix_override:/usr/lib/python3/dist-packages/colcon_core/task/python/colcon_distutils_commands:/home/vardan/OWL_Sorting/ros2_ws/install/owl_gazebo/lib/python3.10/site-packages:/home/vardan/OWL_Sorting/ros2_ws/build/owl_description:/home/vardan/OWL_Sorting/ros2_ws/install/owl_description/lib/python3.10/site-packages:/home/vardan/OWL_Sorting/ros2_ws/build/owl_gazebo:/home/vardan/OWL_Sorting/ros2_ws/install/owl_gazebo/lib/python3.10/site-packages:/home/vardan/Introduction-to-Robotics/Module2/ros2_ws/build/owl_robot:/home/vardan/Introduction-to-Robotics/Module2/ros2_ws/install/owl_robot/lib/python3.10/site-packages:/home/vardan/RAKSH-Autonomous-Pesticide-Spraying-Robot/ros2_ws/build/raksh_description:/home/vardan/RAKSH-Autonomous-Pesticide-Spraying-Robot/ros2_ws/install/raksh_description/lib/python3.10/site-packages:/home/vardan/RAKSH-Autonomous-Pesticide-Spraying-Robot/ros2_ws/build/disease_detection:/home/vardan/RAKSH-Autonomous-Pesticide-Spraying-Robot/ros2_ws/install/disease_detection/lib/python3.10/site-packages:/home/vardan/Introduction-to-Robotics/Assignment1/ros2_wk/build/manipulator_simulation:/home/vardan/Introduction-to-Robotics/Module1/ros2_wk/install/manipulator_simulation/lib/python3.10/site-packages:/opt/ros/humble/lib/python3.10/site-packages:/opt/ros/humble/local/lib/python3.10/dist-packages /usr/bin/python3 -W ignore:setup.py install is deprecated setup.py develop --editable --build-directory /home/vardan/OWL_Sorting/ros2_ws/build/owl_gazebo/build --no-deps symlink_data
[5.789s] Level 1:colcon.colcon_core.shell:create_environment_hook('owl_gazebo', 'pythonpath_develop')
[5.789s] INFO:colcon.colcon_core.shell:Creating environment hook '/home/vardan/OWL_Sorting/ros2_ws/build/owl_gazebo/share/owl_gazebo/hook/pythonpath_develop.ps1'
[5.790s] DEBUG:colcon.colcon_core.event_handler.log_command:Invoked command in '/home/vardan/OWL_Sorting/ros2_ws/build/owl_gazebo' returned '0': AMENT_PREFIX_PATH=/home/vardan/OWL_Sorting/ros2_ws/install/owl_description:/home/vardan/OWL_Sorting/ros2_ws/install/owl_moveit_config:/home/vardan/OWL_Sorting/ros2_ws/install/owl_gazebo:/home/vardan/Introduction-to-Robotics/Module2/ros2_ws/install/moveit_pkgs:/home/vardan/Introduction-to-Robotics/Module2/ros2_ws/install/owl_robot:/home/vardan/RAKSH-Autonomous-Pesticide-Spraying-Robot/ros2_ws/install/raksh_description:/home/vardan/RAKSH-Autonomous-Pesticide-Spraying-Robot/ros2_ws/install/disease_detection:/home/vardan/Introduction-to-Robotics/Module1/ros2_wk/install/manipulator_simulation:/opt/ros/humble PYTHONPATH=/home/vardan/OWL_Sorting/ros2_ws/build/owl_gazebo/prefix_override:/usr/lib/python3/dist-packages/colcon_core/task/python/colcon_distutils_commands:/home/vardan/OWL_Sorting/ros2_ws/install/owl_gazebo/lib/python3.10/site-packages:/home/vardan/OWL_Sorting/ros2_ws/build/owl_description:/home/vardan/OWL_Sorting/ros2_ws/install/owl_description/lib/python3.10/site-packages:/home/vardan/OWL_Sorting/ros2_ws/build/owl_gazebo:/home/vardan/OWL_Sorting/ros2_ws/install/owl_gazebo/lib/python3.10/site-packages:/home/vardan/Introduction-to-Robotics/Module2/ros2_ws/build/owl_robot:/home/vardan/Introduction-to-Robotics/Module2/ros2_ws/install/owl_robot/lib/python3.10/site-packages:/home/vardan/RAKSH-Autonomous-Pesticide-Spraying-Robot/ros2_ws/build/raksh_description:/home/vardan/RAKSH-Autonomous-Pesticide-Spraying-Robot/ros2_ws/install/raksh_description/lib/python3.10/site-packages:/home/vardan/RAKSH-Autonomous-Pesticide-Spraying-Robot/ros2_ws/build/disease_detection:/home/vardan/RAKSH-Autonomous-Pesticide-Spraying-Robot/ros2_ws/install/disease_detection/lib/python3.10/site-packages:/home/vardan/Introduction-to-Robotics/Assignment1/ros2_wk/build/manipulator_simulation:/home/vardan/Introduction-to-Robotics/Module1/ros2_wk/install/manipulator_simulation/lib/python3.10/site-packages:/opt/ros/humble/lib/python3.10/site-packages:/opt/ros/humble/local/lib/python3.10/dist-packages /usr/bin/python3 -W ignore:setup.py install is deprecated setup.py develop --editable --build-directory /home/vardan/OWL_Sorting/ros2_ws/build/owl_gazebo/build --no-deps symlink_data
[5.792s] INFO:colcon.colcon_core.shell:Creating environment descriptor '/home/vardan/OWL_Sorting/ros2_ws/build/owl_gazebo/share/owl_gazebo/hook/pythonpath_develop.dsv'
[5.793s] INFO:colcon.colcon_core.shell:Creating environment hook '/home/vardan/OWL_Sorting/ros2_ws/build/owl_gazebo/share/owl_gazebo/hook/pythonpath_develop.sh'
[5.795s] Level 1:colcon.colcon_core.environment:checking '/home/vardan/OWL_Sorting/ros2_ws/install/owl_gazebo' for CMake module files
[5.796s] Level 1:colcon.colcon_core.environment:checking '/home/vardan/OWL_Sorting/ros2_ws/install/owl_gazebo' for CMake config files
[5.797s] Level 1:colcon.colcon_core.environment:checking '/home/vardan/OWL_Sorting/ros2_ws/install/owl_gazebo/lib'
[5.797s] Level 1:colcon.colcon_core.environment:checking '/home/vardan/OWL_Sorting/ros2_ws/install/owl_gazebo/bin'
[5.798s] Level 1:colcon.colcon_core.environment:checking '/home/vardan/OWL_Sorting/ros2_ws/install/owl_gazebo/lib/pkgconfig/owl_gazebo.pc'
[5.798s] Level 1:colcon.colcon_core.environment:checking '/home/vardan/OWL_Sorting/ros2_ws/install/owl_gazebo/lib/python3.10/site-packages'
[5.798s] Level 1:colcon.colcon_core.shell:create_environment_hook('owl_gazebo', 'pythonpath')
[5.799s] INFO:colcon.colcon_core.shell:Creating environment hook '/home/vardan/OWL_Sorting/ros2_ws/install/owl_gazebo/share/owl_gazebo/hook/pythonpath.ps1'
[5.800s] INFO:colcon.colcon_core.shell:Creating environment descriptor '/home/vardan/OWL_Sorting/ros2_ws/install/owl_gazebo/share/owl_gazebo/hook/pythonpath.dsv'
[5.800s] INFO:colcon.colcon_core.shell:Creating environment hook '/home/vardan/OWL_Sorting/ros2_ws/install/owl_gazebo/share/owl_gazebo/hook/pythonpath.sh'
[5.801s] Level 1:colcon.colcon_core.environment:checking '/home/vardan/OWL_Sorting/ros2_ws/install/owl_gazebo/bin'
[5.802s] Level 1:colcon.colcon_core.environment:create_environment_scripts_only(owl_gazebo)
[5.802s] INFO:colcon.colcon_core.shell:Creating package script '/home/vardan/OWL_Sorting/ros2_ws/install/owl_gazebo/share/owl_gazebo/package.ps1'
[5.803s] INFO:colcon.colcon_core.shell:Creating package descriptor '/home/vardan/OWL_Sorting/ros2_ws/install/owl_gazebo/share/owl_gazebo/package.dsv'
[5.804s] INFO:colcon.colcon_core.shell:Creating package script '/home/vardan/OWL_Sorting/ros2_ws/install/owl_gazebo/share/owl_gazebo/package.sh'
[5.805s] INFO:colcon.colcon_core.shell:Creating package script '/home/vardan/OWL_Sorting/ros2_ws/install/owl_gazebo/share/owl_gazebo/package.bash'
[5.805s] INFO:colcon.colcon_core.shell:Creating package script '/home/vardan/OWL_Sorting/ros2_ws/install/owl_gazebo/share/owl_gazebo/package.zsh'
[5.806s] Level 1:colcon.colcon_core.environment:create_file_with_runtime_dependencies(/home/vardan/OWL_Sorting/ros2_ws/install/owl_gazebo/share/colcon-core/packages/owl_gazebo)
[5.807s] DEBUG:colcon.colcon_parallel_executor.executor.parallel:closing loop
[5.808s] DEBUG:colcon.colcon_parallel_executor.executor.parallel:loop closed
[5.808s] DEBUG:colcon.colcon_parallel_executor.executor.parallel:run_until_complete finished with '0'
[5.808s] DEBUG:colcon.colcon_core.event_reactor:joining thread
[5.859s] INFO:colcon.colcon_core.plugin_system:Skipping extension 'colcon_notification.desktop_notification.notify_send': Could not find 'notify-send'
[5.859s] INFO:colcon.colcon_core.plugin_system:Skipping extension 'colcon_notification.desktop_notification.terminal_notifier': Not used on non-Darwin systems
[5.859s] INFO:colcon.colcon_core.plugin_system:Skipping extension 'colcon_notification.desktop_notification.win32': Not used on non-Windows systems
[5.860s] INFO:colcon.colcon_notification.desktop_notification:Sending desktop notification using 'notify2'
[5.861s] DEBUG:colcon.colcon_notification.desktop_notification.notify2:Failed to initialize notify2: org.freedesktop.DBus.Error.ServiceUnknown: The name org.freedesktop.Notifications was not provided by any .service files
[5.862s] DEBUG:colcon.colcon_core.event_reactor:joined thread
[5.862s] INFO:colcon.colcon_core.shell:Creating prefix script '/home/vardan/OWL_Sorting/ros2_ws/install/local_setup.ps1'
[5.864s] INFO:colcon.colcon_core.shell:Creating prefix util module '/home/vardan/OWL_Sorting/ros2_ws/install/_local_setup_util_ps1.py'
[5.867s] INFO:colcon.colcon_core.shell:Creating prefix chain script '/home/vardan/OWL_Sorting/ros2_ws/install/setup.ps1'
[5.870s] INFO:colcon.colcon_core.shell:Creating prefix script '/home/vardan/OWL_Sorting/ros2_ws/install/local_setup.sh'
[5.872s] INFO:colcon.colcon_core.shell:Creating prefix util module '/home/vardan/OWL_Sorting/ros2_ws/install/_local_setup_util_sh.py'
[5.873s] INFO:colcon.colcon_core.shell:Creating prefix chain script '/home/vardan/OWL_Sorting/ros2_ws/install/setup.sh'
[5.877s] INFO:colcon.colcon_core.shell:Creating prefix script '/home/vardan/OWL_Sorting/ros2_ws/install/local_setup.bash'
[5.878s] INFO:colcon.colcon_core.shell:Creating prefix chain script '/home/vardan/OWL_Sorting/ros2_ws/install/setup.bash'
[5.881s] INFO:colcon.colcon_core.shell:Creating prefix script '/home/vardan/OWL_Sorting/ros2_ws/install/local_setup.zsh'
[5.884s] INFO:colcon.colcon_core.shell:Creating prefix chain script '/home/vardan/OWL_Sorting/ros2_ws/install/setup.zsh'
