[0.202s] DEBUG:colcon:Command line arguments: ['/usr/bin/colcon', 'build', '--symlink-install']
[0.202s] DEBUG:colcon:Parsed command line arguments: Namespace(log_base=None, log_level=None, verb_name='build', build_base='build', install_base='install', merge_install=False, symlink_install=True, test_result_base=None, continue_on_error=False, executor='parallel', parallel_workers=4, event_handlers=None, ignore_user_meta=False, metas=['./colcon.meta'], base_paths=['.'], packages_ignore=None, packages_ignore_regex=None, paths=None, packages_up_to=None, packages_up_to_regex=None, packages_above=None, packages_above_and_dependencies=None, packages_above_depth=None, packages_select_by_dep=None, packages_skip_by_dep=None, packages_skip_up_to=None, packages_select_build_failed=False, packages_skip_build_finished=False, packages_select_test_failures=False, packages_skip_test_passed=False, packages_select=None, packages_skip=None, packages_select_regex=None, packages_skip_regex=None, packages_start=None, packages_end=None, allow_overriding=[], cmake_args=None, cmake_target=None, cmake_target_skip_unavailable=False, cmake_clean_cache=False, cmake_clean_first=False, cmake_force_configure=False, ament_cmake_args=None, catkin_cmake_args=None, catkin_skip_building_tests=False, verb_parser=<colcon_defaults.argument_parser.defaults.DefaultArgumentsDecorator object at 0x7f3db7c21630>, verb_extension=<colcon_core.verb.build.BuildVerb object at 0x7f3db7c21120>, main=<bound method BuildVerb.main of <colcon_core.verb.build.BuildVerb object at 0x7f3db7c21120>>)
[0.405s] Level 1:colcon.colcon_core.package_discovery:discover_packages(colcon_meta) check parameters
[0.405s] Level 1:colcon.colcon_core.package_discovery:discover_packages(recursive) check parameters
[0.406s] Level 1:colcon.colcon_core.package_discovery:discover_packages(ignore) check parameters
[0.406s] Level 1:colcon.colcon_core.package_discovery:discover_packages(path) check parameters
[0.406s] Level 1:colcon.colcon_core.package_discovery:discover_packages(colcon_meta) discover
[0.406s] Level 1:colcon.colcon_core.package_discovery:discover_packages(recursive) discover
[0.406s] INFO:colcon.colcon_core.package_discovery:Crawling recursively for packages in '/home/vardan/OWL_Sorting/ros2_ws'
[0.406s] Level 1:colcon.colcon_core.package_identification:_identify(.) by extensions ['ignore', 'ignore_ament_install']
[0.406s] Level 1:colcon.colcon_core.package_identification:_identify(.) by extension 'ignore'
[0.406s] Level 1:colcon.colcon_core.package_identification:_identify(.) by extension 'ignore_ament_install'
[0.406s] Level 1:colcon.colcon_core.package_identification:_identify(.) by extensions ['colcon_pkg']
[0.406s] Level 1:colcon.colcon_core.package_identification:_identify(.) by extension 'colcon_pkg'
[0.406s] Level 1:colcon.colcon_core.package_identification:_identify(.) by extensions ['colcon_meta']
[0.406s] Level 1:colcon.colcon_core.package_identification:_identify(.) by extension 'colcon_meta'
[0.406s] Level 1:colcon.colcon_core.package_identification:_identify(.) by extensions ['ros']
[0.406s] Level 1:colcon.colcon_core.package_identification:_identify(.) by extension 'ros'
[0.424s] Level 1:colcon.colcon_core.package_identification:_identify(.) by extensions ['cmake', 'python']
[0.424s] Level 1:colcon.colcon_core.package_identification:_identify(.) by extension 'cmake'
[0.425s] Level 1:colcon.colcon_core.package_identification:_identify(.) by extension 'python'
[0.426s] Level 1:colcon.colcon_core.package_identification:_identify(.) by extensions ['python_setup_py']
[0.426s] Level 1:colcon.colcon_core.package_identification:_identify(.) by extension 'python_setup_py'
[0.426s] Level 1:colcon.colcon_core.package_identification:_identify(build) by extensions ['ignore', 'ignore_ament_install']
[0.426s] Level 1:colcon.colcon_core.package_identification:_identify(build) by extension 'ignore'
[0.427s] Level 1:colcon.colcon_core.package_identification:_identify(build) ignored
[0.427s] Level 1:colcon.colcon_core.package_identification:_identify(install) by extensions ['ignore', 'ignore_ament_install']
[0.427s] Level 1:colcon.colcon_core.package_identification:_identify(install) by extension 'ignore'
[0.427s] Level 1:colcon.colcon_core.package_identification:_identify(install) ignored
[0.428s] Level 1:colcon.colcon_core.package_identification:_identify(log) by extensions ['ignore', 'ignore_ament_install']
[0.428s] Level 1:colcon.colcon_core.package_identification:_identify(log) by extension 'ignore'
[0.428s] Level 1:colcon.colcon_core.package_identification:_identify(log) ignored
[0.428s] Level 1:colcon.colcon_core.package_identification:_identify(src) by extensions ['ignore', 'ignore_ament_install']
[0.428s] Level 1:colcon.colcon_core.package_identification:_identify(src) by extension 'ignore'
[0.429s] Level 1:colcon.colcon_core.package_identification:_identify(src) by extension 'ignore_ament_install'
[0.429s] Level 1:colcon.colcon_core.package_identification:_identify(src) by extensions ['colcon_pkg']
[0.429s] Level 1:colcon.colcon_core.package_identification:_identify(src) by extension 'colcon_pkg'
[0.429s] Level 1:colcon.colcon_core.package_identification:_identify(src) by extensions ['colcon_meta']
[0.429s] Level 1:colcon.colcon_core.package_identification:_identify(src) by extension 'colcon_meta'
[0.429s] Level 1:colcon.colcon_core.package_identification:_identify(src) by extensions ['ros']
[0.429s] Level 1:colcon.colcon_core.package_identification:_identify(src) by extension 'ros'
[0.429s] Level 1:colcon.colcon_core.package_identification:_identify(src) by extensions ['cmake', 'python']
[0.429s] Level 1:colcon.colcon_core.package_identification:_identify(src) by extension 'cmake'
[0.429s] Level 1:colcon.colcon_core.package_identification:_identify(src) by extension 'python'
[0.429s] Level 1:colcon.colcon_core.package_identification:_identify(src) by extensions ['python_setup_py']
[0.429s] Level 1:colcon.colcon_core.package_identification:_identify(src) by extension 'python_setup_py'
[0.429s] Level 1:colcon.colcon_core.package_identification:_identify(src/owl_description) by extensions ['ignore', 'ignore_ament_install']
[0.429s] Level 1:colcon.colcon_core.package_identification:_identify(src/owl_description) by extension 'ignore'
[0.429s] Level 1:colcon.colcon_core.package_identification:_identify(src/owl_description) by extension 'ignore_ament_install'
[0.429s] Level 1:colcon.colcon_core.package_identification:_identify(src/owl_description) by extensions ['colcon_pkg']
[0.430s] Level 1:colcon.colcon_core.package_identification:_identify(src/owl_description) by extension 'colcon_pkg'
[0.430s] Level 1:colcon.colcon_core.package_identification:_identify(src/owl_description) by extensions ['colcon_meta']
[0.430s] Level 1:colcon.colcon_core.package_identification:_identify(src/owl_description) by extension 'colcon_meta'
[0.430s] Level 1:colcon.colcon_core.package_identification:_identify(src/owl_description) by extensions ['ros']
[0.430s] Level 1:colcon.colcon_core.package_identification:_identify(src/owl_description) by extension 'ros'
[0.436s] DEBUG:colcon.colcon_core.package_identification:Package 'src/owl_description' with type 'ros.ament_python' and name 'owl_description'
[0.436s] Level 1:colcon.colcon_core.package_discovery:discover_packages(recursive) using defaults
[0.436s] Level 1:colcon.colcon_core.package_discovery:discover_packages(ignore) discover
[0.436s] Level 1:colcon.colcon_core.package_discovery:discover_packages(ignore) using defaults
[0.436s] Level 1:colcon.colcon_core.package_discovery:discover_packages(path) discover
[0.436s] Level 1:colcon.colcon_core.package_discovery:discover_packages(path) using defaults
[0.463s] Level 1:colcon.colcon_core.package_discovery:discover_packages(prefix_path) check parameters
[0.463s] Level 1:colcon.colcon_core.package_discovery:discover_packages(prefix_path) discover
[0.465s] DEBUG:colcon.colcon_installed_package_information.package_discovery:Found 2 installed packages in /home/vardan/RAKSH-Autonomous-Pesticide-Spraying-Robot/ros2_ws/install
[0.466s] DEBUG:colcon.colcon_installed_package_information.package_discovery:Found 1 installed packages in /home/vardan/Introduction-to-Robotics/Module1/ros2_wk/install
[0.466s] DEBUG:colcon.colcon_installed_package_information.package_discovery:Found 2 installed packages in /home/vardan/Introduction-to-Robotics/Module2/ros2_ws/install
[0.468s] DEBUG:colcon.colcon_installed_package_information.package_discovery:Found 345 installed packages in /opt/ros/humble
[0.470s] Level 1:colcon.colcon_core.package_discovery:discover_packages(prefix_path) using defaults
[0.561s] Level 5:colcon.colcon_core.verb:set package 'owl_description' build argument 'cmake_args' from command line to 'None'
[0.561s] Level 5:colcon.colcon_core.verb:set package 'owl_description' build argument 'cmake_target' from command line to 'None'
[0.561s] Level 5:colcon.colcon_core.verb:set package 'owl_description' build argument 'cmake_target_skip_unavailable' from command line to 'False'
[0.561s] Level 5:colcon.colcon_core.verb:set package 'owl_description' build argument 'cmake_clean_cache' from command line to 'False'
[0.561s] Level 5:colcon.colcon_core.verb:set package 'owl_description' build argument 'cmake_clean_first' from command line to 'False'
[0.561s] Level 5:colcon.colcon_core.verb:set package 'owl_description' build argument 'cmake_force_configure' from command line to 'False'
[0.561s] Level 5:colcon.colcon_core.verb:set package 'owl_description' build argument 'ament_cmake_args' from command line to 'None'
[0.561s] Level 5:colcon.colcon_core.verb:set package 'owl_description' build argument 'catkin_cmake_args' from command line to 'None'
[0.561s] Level 5:colcon.colcon_core.verb:set package 'owl_description' build argument 'catkin_skip_building_tests' from command line to 'False'
[0.561s] DEBUG:colcon.colcon_core.verb:Building package 'owl_description' with the following arguments: {'ament_cmake_args': None, 'build_base': '/home/vardan/OWL_Sorting/ros2_ws/build/owl_description', 'catkin_cmake_args': None, 'catkin_skip_building_tests': False, 'cmake_args': None, 'cmake_clean_cache': False, 'cmake_clean_first': False, 'cmake_force_configure': False, 'cmake_target': None, 'cmake_target_skip_unavailable': False, 'install_base': '/home/vardan/OWL_Sorting/ros2_ws/install/owl_description', 'merge_install': False, 'path': '/home/vardan/OWL_Sorting/ros2_ws/src/owl_description', 'symlink_install': True, 'test_result_base': None}
[0.562s] INFO:colcon.colcon_core.executor:Executing jobs using 'parallel' executor
[0.563s] DEBUG:colcon.colcon_parallel_executor.executor.parallel:run_until_complete
[0.564s] INFO:colcon.colcon_ros.task.ament_python.build:Building ROS package in '/home/vardan/OWL_Sorting/ros2_ws/src/owl_description' with build type 'ament_python'
[0.565s] Level 1:colcon.colcon_core.shell:create_environment_hook('owl_description', 'ament_prefix_path')
[0.567s] INFO:colcon.colcon_core.plugin_system:Skipping extension 'colcon_core.shell.bat': Not used on non-Windows systems
[0.567s] INFO:colcon.colcon_core.shell:Creating environment hook '/home/vardan/OWL_Sorting/ros2_ws/install/owl_description/share/owl_description/hook/ament_prefix_path.ps1'
[0.570s] INFO:colcon.colcon_core.shell:Creating environment descriptor '/home/vardan/OWL_Sorting/ros2_ws/install/owl_description/share/owl_description/hook/ament_prefix_path.dsv'
[0.577s] INFO:colcon.colcon_core.shell:Creating environment hook '/home/vardan/OWL_Sorting/ros2_ws/install/owl_description/share/owl_description/hook/ament_prefix_path.sh'
[0.580s] INFO:colcon.colcon_core.shell:Skip shell extension 'powershell' for command environment: Not usable outside of PowerShell
[0.580s] DEBUG:colcon.colcon_core.shell:Skip shell extension 'dsv' for command environment
[1.024s] INFO:colcon.colcon_core.task.python.build:Building Python package in '/home/vardan/OWL_Sorting/ros2_ws/src/owl_description'
[1.025s] INFO:colcon.colcon_core.shell:Skip shell extension 'powershell' for command environment: Not usable outside of PowerShell
[1.025s] DEBUG:colcon.colcon_core.shell:Skip shell extension 'dsv' for command environment
[2.085s] DEBUG:colcon.colcon_core.event_handler.log_command:Invoking command in '/home/vardan/OWL_Sorting/ros2_ws/build/owl_description': PYTHONPATH=/home/vardan/OWL_Sorting/ros2_ws/build/owl_description/prefix_override:/usr/lib/python3/dist-packages/colcon_core/task/python/colcon_distutils_commands:/home/vardan/OWL_Sorting/ros2_ws/install/owl_description/lib/python3.10/site-packages:${PYTHONPATH} /usr/bin/python3 -W ignore:setup.py install is deprecated setup.py develop --editable --build-directory /home/vardan/OWL_Sorting/ros2_ws/build/owl_description/build --no-deps symlink_data
[2.790s] Level 1:colcon.colcon_core.shell:create_environment_hook('owl_description', 'pythonpath_develop')
[2.791s] INFO:colcon.colcon_core.shell:Creating environment hook '/home/vardan/OWL_Sorting/ros2_ws/build/owl_description/share/owl_description/hook/pythonpath_develop.ps1'
[2.792s] DEBUG:colcon.colcon_core.event_handler.log_command:Invoked command in '/home/vardan/OWL_Sorting/ros2_ws/build/owl_description' returned '0': PYTHONPATH=/home/vardan/OWL_Sorting/ros2_ws/build/owl_description/prefix_override:/usr/lib/python3/dist-packages/colcon_core/task/python/colcon_distutils_commands:/home/vardan/OWL_Sorting/ros2_ws/install/owl_description/lib/python3.10/site-packages:${PYTHONPATH} /usr/bin/python3 -W ignore:setup.py install is deprecated setup.py develop --editable --build-directory /home/vardan/OWL_Sorting/ros2_ws/build/owl_description/build --no-deps symlink_data
[2.795s] INFO:colcon.colcon_core.shell:Creating environment descriptor '/home/vardan/OWL_Sorting/ros2_ws/build/owl_description/share/owl_description/hook/pythonpath_develop.dsv'
[2.796s] INFO:colcon.colcon_core.shell:Creating environment hook '/home/vardan/OWL_Sorting/ros2_ws/build/owl_description/share/owl_description/hook/pythonpath_develop.sh'
[2.824s] Level 1:colcon.colcon_core.environment:checking '/home/vardan/OWL_Sorting/ros2_ws/install/owl_description' for CMake module files
[2.824s] Level 1:colcon.colcon_core.environment:checking '/home/vardan/OWL_Sorting/ros2_ws/install/owl_description' for CMake config files
[2.825s] Level 1:colcon.colcon_core.environment:checking '/home/vardan/OWL_Sorting/ros2_ws/install/owl_description/lib'
[2.825s] Level 1:colcon.colcon_core.environment:checking '/home/vardan/OWL_Sorting/ros2_ws/install/owl_description/bin'
[2.825s] Level 1:colcon.colcon_core.environment:checking '/home/vardan/OWL_Sorting/ros2_ws/install/owl_description/lib/pkgconfig/owl_description.pc'
[2.826s] Level 1:colcon.colcon_core.environment:checking '/home/vardan/OWL_Sorting/ros2_ws/install/owl_description/lib/python3.10/site-packages'
[2.826s] Level 1:colcon.colcon_core.shell:create_environment_hook('owl_description', 'pythonpath')
[2.826s] INFO:colcon.colcon_core.shell:Creating environment hook '/home/vardan/OWL_Sorting/ros2_ws/install/owl_description/share/owl_description/hook/pythonpath.ps1'
[2.827s] INFO:colcon.colcon_core.shell:Creating environment descriptor '/home/vardan/OWL_Sorting/ros2_ws/install/owl_description/share/owl_description/hook/pythonpath.dsv'
[2.827s] INFO:colcon.colcon_core.shell:Creating environment hook '/home/vardan/OWL_Sorting/ros2_ws/install/owl_description/share/owl_description/hook/pythonpath.sh'
[2.828s] Level 1:colcon.colcon_core.environment:checking '/home/vardan/OWL_Sorting/ros2_ws/install/owl_description/bin'
[2.828s] Level 1:colcon.colcon_core.environment:create_environment_scripts_only(owl_description)
[2.828s] INFO:colcon.colcon_core.shell:Creating package script '/home/vardan/OWL_Sorting/ros2_ws/install/owl_description/share/owl_description/package.ps1'
[2.830s] INFO:colcon.colcon_core.shell:Creating package descriptor '/home/vardan/OWL_Sorting/ros2_ws/install/owl_description/share/owl_description/package.dsv'
[2.832s] INFO:colcon.colcon_core.shell:Creating package script '/home/vardan/OWL_Sorting/ros2_ws/install/owl_description/share/owl_description/package.sh'
[2.835s] INFO:colcon.colcon_core.shell:Creating package script '/home/vardan/OWL_Sorting/ros2_ws/install/owl_description/share/owl_description/package.bash'
[2.838s] INFO:colcon.colcon_core.shell:Creating package script '/home/vardan/OWL_Sorting/ros2_ws/install/owl_description/share/owl_description/package.zsh'
[2.840s] Level 1:colcon.colcon_core.environment:create_file_with_runtime_dependencies(/home/vardan/OWL_Sorting/ros2_ws/install/owl_description/share/colcon-core/packages/owl_description)
[2.841s] DEBUG:colcon.colcon_parallel_executor.executor.parallel:closing loop
[2.841s] DEBUG:colcon.colcon_parallel_executor.executor.parallel:loop closed
[2.841s] DEBUG:colcon.colcon_parallel_executor.executor.parallel:run_until_complete finished with '0'
[2.842s] DEBUG:colcon.colcon_core.event_reactor:joining thread
[2.881s] INFO:colcon.colcon_core.plugin_system:Skipping extension 'colcon_notification.desktop_notification.notify_send': Could not find 'notify-send'
[2.881s] INFO:colcon.colcon_core.plugin_system:Skipping extension 'colcon_notification.desktop_notification.terminal_notifier': Not used on non-Darwin systems
[2.881s] INFO:colcon.colcon_core.plugin_system:Skipping extension 'colcon_notification.desktop_notification.win32': Not used on non-Windows systems
[2.882s] INFO:colcon.colcon_notification.desktop_notification:Sending desktop notification using 'notify2'
[2.883s] DEBUG:colcon.colcon_notification.desktop_notification.notify2:Failed to initialize notify2: org.freedesktop.DBus.Error.ServiceUnknown: The name org.freedesktop.Notifications was not provided by any .service files
[2.883s] DEBUG:colcon.colcon_core.event_reactor:joined thread
[2.884s] INFO:colcon.colcon_core.shell:Creating prefix script '/home/vardan/OWL_Sorting/ros2_ws/install/local_setup.ps1'
[2.885s] INFO:colcon.colcon_core.shell:Creating prefix util module '/home/vardan/OWL_Sorting/ros2_ws/install/_local_setup_util_ps1.py'
[2.887s] INFO:colcon.colcon_core.shell:Creating prefix chain script '/home/vardan/OWL_Sorting/ros2_ws/install/setup.ps1'
[2.889s] INFO:colcon.colcon_core.shell:Creating prefix script '/home/vardan/OWL_Sorting/ros2_ws/install/local_setup.sh'
[2.890s] INFO:colcon.colcon_core.shell:Creating prefix util module '/home/vardan/OWL_Sorting/ros2_ws/install/_local_setup_util_sh.py'
[2.890s] INFO:colcon.colcon_core.shell:Creating prefix chain script '/home/vardan/OWL_Sorting/ros2_ws/install/setup.sh'
[2.892s] INFO:colcon.colcon_core.shell:Creating prefix script '/home/vardan/OWL_Sorting/ros2_ws/install/local_setup.bash'
[2.893s] INFO:colcon.colcon_core.shell:Creating prefix chain script '/home/vardan/OWL_Sorting/ros2_ws/install/setup.bash'
[2.895s] INFO:colcon.colcon_core.shell:Creating prefix script '/home/vardan/OWL_Sorting/ros2_ws/install/local_setup.zsh'
[2.896s] INFO:colcon.colcon_core.shell:Creating prefix chain script '/home/vardan/OWL_Sorting/ros2_ws/install/setup.zsh'
