[0.326s] DEBUG:colcon:Command line arguments: ['/usr/bin/colcon', 'build', '--symlink-install']
[0.326s] DEBUG:colcon:Parsed command line arguments: Namespace(log_base=None, log_level=None, verb_name='build', build_base='build', install_base='install', merge_install=False, symlink_install=True, test_result_base=None, continue_on_error=False, executor='parallel', parallel_workers=4, event_handlers=None, ignore_user_meta=False, metas=['./colcon.meta'], base_paths=['.'], packages_ignore=None, packages_ignore_regex=None, paths=None, packages_up_to=None, packages_up_to_regex=None, packages_above=None, packages_above_and_dependencies=None, packages_above_depth=None, packages_select_by_dep=None, packages_skip_by_dep=None, packages_skip_up_to=None, packages_select_build_failed=False, packages_skip_build_finished=False, packages_select_test_failures=False, packages_skip_test_passed=False, packages_select=None, packages_skip=None, packages_select_regex=None, packages_skip_regex=None, packages_start=None, packages_end=None, allow_overriding=[], cmake_args=None, cmake_target=None, cmake_target_skip_unavailable=False, cmake_clean_cache=False, cmake_clean_first=False, cmake_force_configure=False, ament_cmake_args=None, catkin_cmake_args=None, catkin_skip_building_tests=False, verb_parser=<colcon_defaults.argument_parser.defaults.DefaultArgumentsDecorator object at 0x7f6b660d2950>, verb_extension=<colcon_core.verb.build.BuildVerb object at 0x7f6b660d2440>, main=<bound method BuildVerb.main of <colcon_core.verb.build.BuildVerb object at 0x7f6b660d2440>>)
[0.890s] Level 1:colcon.colcon_core.package_discovery:discover_packages(colcon_meta) check parameters
[0.890s] Level 1:colcon.colcon_core.package_discovery:discover_packages(recursive) check parameters
[0.890s] Level 1:colcon.colcon_core.package_discovery:discover_packages(ignore) check parameters
[0.890s] Level 1:colcon.colcon_core.package_discovery:discover_packages(path) check parameters
[0.890s] Level 1:colcon.colcon_core.package_discovery:discover_packages(colcon_meta) discover
[0.890s] Level 1:colcon.colcon_core.package_discovery:discover_packages(recursive) discover
[0.890s] INFO:colcon.colcon_core.package_discovery:Crawling recursively for packages in '/home/vardan/OWL_Sorting/ros2_ws'
[0.891s] Level 1:colcon.colcon_core.package_identification:_identify(.) by extensions ['ignore', 'ignore_ament_install']
[0.891s] Level 1:colcon.colcon_core.package_identification:_identify(.) by extension 'ignore'
[0.891s] Level 1:colcon.colcon_core.package_identification:_identify(.) by extension 'ignore_ament_install'
[0.891s] Level 1:colcon.colcon_core.package_identification:_identify(.) by extensions ['colcon_pkg']
[0.891s] Level 1:colcon.colcon_core.package_identification:_identify(.) by extension 'colcon_pkg'
[0.891s] Level 1:colcon.colcon_core.package_identification:_identify(.) by extensions ['colcon_meta']
[0.891s] Level 1:colcon.colcon_core.package_identification:_identify(.) by extension 'colcon_meta'
[0.891s] Level 1:colcon.colcon_core.package_identification:_identify(.) by extensions ['ros']
[0.891s] Level 1:colcon.colcon_core.package_identification:_identify(.) by extension 'ros'
[0.909s] Level 1:colcon.colcon_core.package_identification:_identify(.) by extensions ['cmake', 'python']
[0.909s] Level 1:colcon.colcon_core.package_identification:_identify(.) by extension 'cmake'
[0.910s] Level 1:colcon.colcon_core.package_identification:_identify(.) by extension 'python'
[0.910s] Level 1:colcon.colcon_core.package_identification:_identify(.) by extensions ['python_setup_py']
[0.910s] Level 1:colcon.colcon_core.package_identification:_identify(.) by extension 'python_setup_py'
[0.910s] Level 1:colcon.colcon_core.package_identification:_identify(build) by extensions ['ignore', 'ignore_ament_install']
[0.910s] Level 1:colcon.colcon_core.package_identification:_identify(build) by extension 'ignore'
[0.910s] Level 1:colcon.colcon_core.package_identification:_identify(build) ignored
[0.910s] Level 1:colcon.colcon_core.package_identification:_identify(install) by extensions ['ignore', 'ignore_ament_install']
[0.910s] Level 1:colcon.colcon_core.package_identification:_identify(install) by extension 'ignore'
[0.910s] Level 1:colcon.colcon_core.package_identification:_identify(install) ignored
[0.911s] Level 1:colcon.colcon_core.package_identification:_identify(log) by extensions ['ignore', 'ignore_ament_install']
[0.911s] Level 1:colcon.colcon_core.package_identification:_identify(log) by extension 'ignore'
[0.911s] Level 1:colcon.colcon_core.package_identification:_identify(log) ignored
[0.911s] Level 1:colcon.colcon_core.package_identification:_identify(src) by extensions ['ignore', 'ignore_ament_install']
[0.912s] Level 1:colcon.colcon_core.package_identification:_identify(src) by extension 'ignore'
[0.912s] Level 1:colcon.colcon_core.package_identification:_identify(src) by extension 'ignore_ament_install'
[0.912s] Level 1:colcon.colcon_core.package_identification:_identify(src) by extensions ['colcon_pkg']
[0.912s] Level 1:colcon.colcon_core.package_identification:_identify(src) by extension 'colcon_pkg'
[0.912s] Level 1:colcon.colcon_core.package_identification:_identify(src) by extensions ['colcon_meta']
[0.912s] Level 1:colcon.colcon_core.package_identification:_identify(src) by extension 'colcon_meta'
[0.913s] Level 1:colcon.colcon_core.package_identification:_identify(src) by extensions ['ros']
[0.913s] Level 1:colcon.colcon_core.package_identification:_identify(src) by extension 'ros'
[0.913s] Level 1:colcon.colcon_core.package_identification:_identify(src) by extensions ['cmake', 'python']
[0.913s] Level 1:colcon.colcon_core.package_identification:_identify(src) by extension 'cmake'
[0.913s] Level 1:colcon.colcon_core.package_identification:_identify(src) by extension 'python'
[0.913s] Level 1:colcon.colcon_core.package_identification:_identify(src) by extensions ['python_setup_py']
[0.914s] Level 1:colcon.colcon_core.package_identification:_identify(src) by extension 'python_setup_py'
[0.914s] Level 1:colcon.colcon_core.package_identification:_identify(src/owl_description) by extensions ['ignore', 'ignore_ament_install']
[0.914s] Level 1:colcon.colcon_core.package_identification:_identify(src/owl_description) by extension 'ignore'
[0.914s] Level 1:colcon.colcon_core.package_identification:_identify(src/owl_description) by extension 'ignore_ament_install'
[0.915s] Level 1:colcon.colcon_core.package_identification:_identify(src/owl_description) by extensions ['colcon_pkg']
[0.915s] Level 1:colcon.colcon_core.package_identification:_identify(src/owl_description) by extension 'colcon_pkg'
[0.915s] Level 1:colcon.colcon_core.package_identification:_identify(src/owl_description) by extensions ['colcon_meta']
[0.915s] Level 1:colcon.colcon_core.package_identification:_identify(src/owl_description) by extension 'colcon_meta'
[0.915s] Level 1:colcon.colcon_core.package_identification:_identify(src/owl_description) by extensions ['ros']
[0.915s] Level 1:colcon.colcon_core.package_identification:_identify(src/owl_description) by extension 'ros'
[0.943s] DEBUG:colcon.colcon_core.package_identification:Package 'src/owl_description' with type 'ros.ament_python' and name 'owl_description'
[0.943s] Level 1:colcon.colcon_core.package_identification:_identify(src/owl_gazebo) by extensions ['ignore', 'ignore_ament_install']
[0.943s] Level 1:colcon.colcon_core.package_identification:_identify(src/owl_gazebo) by extension 'ignore'
[0.944s] Level 1:colcon.colcon_core.package_identification:_identify(src/owl_gazebo) by extension 'ignore_ament_install'
[0.944s] Level 1:colcon.colcon_core.package_identification:_identify(src/owl_gazebo) by extensions ['colcon_pkg']
[0.944s] Level 1:colcon.colcon_core.package_identification:_identify(src/owl_gazebo) by extension 'colcon_pkg'
[0.944s] Level 1:colcon.colcon_core.package_identification:_identify(src/owl_gazebo) by extensions ['colcon_meta']
[0.944s] Level 1:colcon.colcon_core.package_identification:_identify(src/owl_gazebo) by extension 'colcon_meta'
[0.944s] Level 1:colcon.colcon_core.package_identification:_identify(src/owl_gazebo) by extensions ['ros']
[0.944s] Level 1:colcon.colcon_core.package_identification:_identify(src/owl_gazebo) by extension 'ros'
[0.945s] DEBUG:colcon.colcon_core.package_identification:Package 'src/owl_gazebo' with type 'ros.ament_python' and name 'owl_gazebo'
[0.945s] Level 1:colcon.colcon_core.package_identification:_identify(src/owl_moveit_config) by extensions ['ignore', 'ignore_ament_install']
[0.945s] Level 1:colcon.colcon_core.package_identification:_identify(src/owl_moveit_config) by extension 'ignore'
[0.946s] Level 1:colcon.colcon_core.package_identification:_identify(src/owl_moveit_config) by extension 'ignore_ament_install'
[0.946s] Level 1:colcon.colcon_core.package_identification:_identify(src/owl_moveit_config) by extensions ['colcon_pkg']
[0.946s] Level 1:colcon.colcon_core.package_identification:_identify(src/owl_moveit_config) by extension 'colcon_pkg'
[0.946s] Level 1:colcon.colcon_core.package_identification:_identify(src/owl_moveit_config) by extensions ['colcon_meta']
[0.946s] Level 1:colcon.colcon_core.package_identification:_identify(src/owl_moveit_config) by extension 'colcon_meta'
[0.946s] Level 1:colcon.colcon_core.package_identification:_identify(src/owl_moveit_config) by extensions ['ros']
[0.946s] Level 1:colcon.colcon_core.package_identification:_identify(src/owl_moveit_config) by extension 'ros'
[0.947s] DEBUG:colcon.colcon_core.package_identification:Package 'src/owl_moveit_config' with type 'ros.ament_cmake' and name 'owl_moveit_config'
[0.947s] Level 1:colcon.colcon_core.package_discovery:discover_packages(recursive) using defaults
[0.947s] Level 1:colcon.colcon_core.package_discovery:discover_packages(ignore) discover
[0.948s] Level 1:colcon.colcon_core.package_discovery:discover_packages(ignore) using defaults
[0.948s] Level 1:colcon.colcon_core.package_discovery:discover_packages(path) discover
[0.948s] Level 1:colcon.colcon_core.package_discovery:discover_packages(path) using defaults
[1.018s] Level 1:colcon.colcon_core.package_discovery:discover_packages(prefix_path) check parameters
[1.018s] Level 1:colcon.colcon_core.package_discovery:discover_packages(prefix_path) discover
[1.025s] DEBUG:colcon.colcon_installed_package_information.package_discovery:Found 4 installed packages in /home/vardan/OWL_Sorting/ros2_ws/install
[1.025s] DEBUG:colcon.colcon_installed_package_information.package_discovery:Found 2 installed packages in /home/vardan/RAKSH-Autonomous-Pesticide-Spraying-Robot/ros2_ws/install
[1.026s] DEBUG:colcon.colcon_installed_package_information.package_discovery:Found 1 installed packages in /home/vardan/Introduction-to-Robotics/Module1/ros2_wk/install
[1.026s] DEBUG:colcon.colcon_installed_package_information.package_discovery:Found 2 installed packages in /home/vardan/Introduction-to-Robotics/Module2/ros2_ws/install
[1.028s] DEBUG:colcon.colcon_installed_package_information.package_discovery:Found 352 installed packages in /opt/ros/humble
[1.031s] Level 1:colcon.colcon_core.package_discovery:discover_packages(prefix_path) using defaults
[1.103s] WARNING:colcon.colcon_core.package_selection:Some selected packages are already built in one or more underlay workspaces:
	'owl_description' is in: /home/vardan/OWL_Sorting/ros2_ws/install/owl_description
If a package in a merged underlay workspace is overridden and it installs headers, then all packages in the overlay must sort their include directories by workspace order. Failure to do so may result in build failures or undefined behavior at run time.
If the overridden package is used by another package in any underlay, then the overriding package in the overlay must be API and ABI compatible or undefined behavior at run time may occur.

If you understand the risks and want to override a package anyways, add the following to the command line:
	--allow-overriding owl_description

This may be promoted to an error in a future release of colcon-override-check.
[1.105s] Level 5:colcon.colcon_core.verb:set package 'owl_description' build argument 'cmake_args' from command line to 'None'
[1.105s] Level 5:colcon.colcon_core.verb:set package 'owl_description' build argument 'cmake_target' from command line to 'None'
[1.105s] Level 5:colcon.colcon_core.verb:set package 'owl_description' build argument 'cmake_target_skip_unavailable' from command line to 'False'
[1.105s] Level 5:colcon.colcon_core.verb:set package 'owl_description' build argument 'cmake_clean_cache' from command line to 'False'
[1.105s] Level 5:colcon.colcon_core.verb:set package 'owl_description' build argument 'cmake_clean_first' from command line to 'False'
[1.105s] Level 5:colcon.colcon_core.verb:set package 'owl_description' build argument 'cmake_force_configure' from command line to 'False'
[1.105s] Level 5:colcon.colcon_core.verb:set package 'owl_description' build argument 'ament_cmake_args' from command line to 'None'
[1.105s] Level 5:colcon.colcon_core.verb:set package 'owl_description' build argument 'catkin_cmake_args' from command line to 'None'
[1.105s] Level 5:colcon.colcon_core.verb:set package 'owl_description' build argument 'catkin_skip_building_tests' from command line to 'False'
[1.105s] DEBUG:colcon.colcon_core.verb:Building package 'owl_description' with the following arguments: {'ament_cmake_args': None, 'build_base': '/home/vardan/OWL_Sorting/ros2_ws/build/owl_description', 'catkin_cmake_args': None, 'catkin_skip_building_tests': False, 'cmake_args': None, 'cmake_clean_cache': False, 'cmake_clean_first': False, 'cmake_force_configure': False, 'cmake_target': None, 'cmake_target_skip_unavailable': False, 'install_base': '/home/vardan/OWL_Sorting/ros2_ws/install/owl_description', 'merge_install': False, 'path': '/home/vardan/OWL_Sorting/ros2_ws/src/owl_description', 'symlink_install': True, 'test_result_base': None}
[1.106s] Level 5:colcon.colcon_core.verb:set package 'owl_gazebo' build argument 'cmake_args' from command line to 'None'
[1.106s] Level 5:colcon.colcon_core.verb:set package 'owl_gazebo' build argument 'cmake_target' from command line to 'None'
[1.106s] Level 5:colcon.colcon_core.verb:set package 'owl_gazebo' build argument 'cmake_target_skip_unavailable' from command line to 'False'
[1.106s] Level 5:colcon.colcon_core.verb:set package 'owl_gazebo' build argument 'cmake_clean_cache' from command line to 'False'
[1.106s] Level 5:colcon.colcon_core.verb:set package 'owl_gazebo' build argument 'cmake_clean_first' from command line to 'False'
[1.106s] Level 5:colcon.colcon_core.verb:set package 'owl_gazebo' build argument 'cmake_force_configure' from command line to 'False'
[1.106s] Level 5:colcon.colcon_core.verb:set package 'owl_gazebo' build argument 'ament_cmake_args' from command line to 'None'
[1.106s] Level 5:colcon.colcon_core.verb:set package 'owl_gazebo' build argument 'catkin_cmake_args' from command line to 'None'
[1.106s] Level 5:colcon.colcon_core.verb:set package 'owl_gazebo' build argument 'catkin_skip_building_tests' from command line to 'False'
[1.106s] DEBUG:colcon.colcon_core.verb:Building package 'owl_gazebo' with the following arguments: {'ament_cmake_args': None, 'build_base': '/home/vardan/OWL_Sorting/ros2_ws/build/owl_gazebo', 'catkin_cmake_args': None, 'catkin_skip_building_tests': False, 'cmake_args': None, 'cmake_clean_cache': False, 'cmake_clean_first': False, 'cmake_force_configure': False, 'cmake_target': None, 'cmake_target_skip_unavailable': False, 'install_base': '/home/vardan/OWL_Sorting/ros2_ws/install/owl_gazebo', 'merge_install': False, 'path': '/home/vardan/OWL_Sorting/ros2_ws/src/owl_gazebo', 'symlink_install': True, 'test_result_base': None}
[1.106s] Level 5:colcon.colcon_core.verb:set package 'owl_moveit_config' build argument 'cmake_args' from command line to 'None'
[1.106s] Level 5:colcon.colcon_core.verb:set package 'owl_moveit_config' build argument 'cmake_target' from command line to 'None'
[1.106s] Level 5:colcon.colcon_core.verb:set package 'owl_moveit_config' build argument 'cmake_target_skip_unavailable' from command line to 'False'
[1.106s] Level 5:colcon.colcon_core.verb:set package 'owl_moveit_config' build argument 'cmake_clean_cache' from command line to 'False'
[1.106s] Level 5:colcon.colcon_core.verb:set package 'owl_moveit_config' build argument 'cmake_clean_first' from command line to 'False'
[1.106s] Level 5:colcon.colcon_core.verb:set package 'owl_moveit_config' build argument 'cmake_force_configure' from command line to 'False'
[1.107s] Level 5:colcon.colcon_core.verb:set package 'owl_moveit_config' build argument 'ament_cmake_args' from command line to 'None'
[1.107s] Level 5:colcon.colcon_core.verb:set package 'owl_moveit_config' build argument 'catkin_cmake_args' from command line to 'None'
[1.107s] Level 5:colcon.colcon_core.verb:set package 'owl_moveit_config' build argument 'catkin_skip_building_tests' from command line to 'False'
[1.107s] DEBUG:colcon.colcon_core.verb:Building package 'owl_moveit_config' with the following arguments: {'ament_cmake_args': None, 'build_base': '/home/vardan/OWL_Sorting/ros2_ws/build/owl_moveit_config', 'catkin_cmake_args': None, 'catkin_skip_building_tests': False, 'cmake_args': None, 'cmake_clean_cache': False, 'cmake_clean_first': False, 'cmake_force_configure': False, 'cmake_target': None, 'cmake_target_skip_unavailable': False, 'install_base': '/home/vardan/OWL_Sorting/ros2_ws/install/owl_moveit_config', 'merge_install': False, 'path': '/home/vardan/OWL_Sorting/ros2_ws/src/owl_moveit_config', 'symlink_install': True, 'test_result_base': None}
[1.107s] INFO:colcon.colcon_core.executor:Executing jobs using 'parallel' executor
[1.109s] DEBUG:colcon.colcon_parallel_executor.executor.parallel:run_until_complete
[1.109s] INFO:colcon.colcon_ros.task.ament_python.build:Building ROS package in '/home/vardan/OWL_Sorting/ros2_ws/src/owl_description' with build type 'ament_python'
[1.109s] Level 1:colcon.colcon_core.shell:create_environment_hook('owl_description', 'ament_prefix_path')
[1.123s] INFO:colcon.colcon_core.plugin_system:Skipping extension 'colcon_core.shell.bat': Not used on non-Windows systems
[1.123s] INFO:colcon.colcon_core.shell:Creating environment hook '/home/vardan/OWL_Sorting/ros2_ws/install/owl_description/share/owl_description/hook/ament_prefix_path.ps1'
[1.125s] INFO:colcon.colcon_core.shell:Creating environment descriptor '/home/vardan/OWL_Sorting/ros2_ws/install/owl_description/share/owl_description/hook/ament_prefix_path.dsv'
[1.127s] INFO:colcon.colcon_core.shell:Creating environment hook '/home/vardan/OWL_Sorting/ros2_ws/install/owl_description/share/owl_description/hook/ament_prefix_path.sh'
[1.134s] INFO:colcon.colcon_core.shell:Skip shell extension 'powershell' for command environment: Not usable outside of PowerShell
[1.134s] DEBUG:colcon.colcon_core.shell:Skip shell extension 'dsv' for command environment
[1.516s] INFO:colcon.colcon_core.task.python.build:Building Python package in '/home/vardan/OWL_Sorting/ros2_ws/src/owl_description'
[1.516s] INFO:colcon.colcon_core.shell:Skip shell extension 'powershell' for command environment: Not usable outside of PowerShell
[1.516s] DEBUG:colcon.colcon_core.shell:Skip shell extension 'dsv' for command environment
[2.534s] DEBUG:colcon.colcon_core.event_handler.log_command:Invoking command in '/home/vardan/OWL_Sorting/ros2_ws/build/owl_description': PYTHONPATH=/home/vardan/OWL_Sorting/ros2_ws/build/owl_description/prefix_override:/usr/lib/python3/dist-packages/colcon_core/task/python/colcon_distutils_commands:/home/vardan/OWL_Sorting/ros2_ws/install/owl_description/lib/python3.10/site-packages:${PYTHONPATH} /usr/bin/python3 -W ignore:setup.py install is deprecated setup.py develop --editable --build-directory /home/vardan/OWL_Sorting/ros2_ws/build/owl_description/build --no-deps symlink_data
[3.202s] Level 1:colcon.colcon_core.shell:create_environment_hook('owl_description', 'pythonpath_develop')
[3.202s] INFO:colcon.colcon_core.shell:Creating environment hook '/home/vardan/OWL_Sorting/ros2_ws/build/owl_description/share/owl_description/hook/pythonpath_develop.ps1'
[3.203s] DEBUG:colcon.colcon_core.event_handler.log_command:Invoked command in '/home/vardan/OWL_Sorting/ros2_ws/build/owl_description' returned '0': PYTHONPATH=/home/vardan/OWL_Sorting/ros2_ws/build/owl_description/prefix_override:/usr/lib/python3/dist-packages/colcon_core/task/python/colcon_distutils_commands:/home/vardan/OWL_Sorting/ros2_ws/install/owl_description/lib/python3.10/site-packages:${PYTHONPATH} /usr/bin/python3 -W ignore:setup.py install is deprecated setup.py develop --editable --build-directory /home/vardan/OWL_Sorting/ros2_ws/build/owl_description/build --no-deps symlink_data
[3.203s] INFO:colcon.colcon_core.shell:Creating environment descriptor '/home/vardan/OWL_Sorting/ros2_ws/build/owl_description/share/owl_description/hook/pythonpath_develop.dsv'
[3.204s] INFO:colcon.colcon_core.shell:Creating environment hook '/home/vardan/OWL_Sorting/ros2_ws/build/owl_description/share/owl_description/hook/pythonpath_develop.sh'
[3.217s] Level 1:colcon.colcon_core.environment:checking '/home/vardan/OWL_Sorting/ros2_ws/install/owl_description' for CMake module files
[3.218s] Level 1:colcon.colcon_core.environment:checking '/home/vardan/OWL_Sorting/ros2_ws/install/owl_description' for CMake config files
[3.219s] Level 1:colcon.colcon_core.environment:checking '/home/vardan/OWL_Sorting/ros2_ws/install/owl_description/lib'
[3.219s] Level 1:colcon.colcon_core.environment:checking '/home/vardan/OWL_Sorting/ros2_ws/install/owl_description/bin'
[3.219s] Level 1:colcon.colcon_core.environment:checking '/home/vardan/OWL_Sorting/ros2_ws/install/owl_description/lib/pkgconfig/owl_description.pc'
[3.219s] Level 1:colcon.colcon_core.environment:checking '/home/vardan/OWL_Sorting/ros2_ws/install/owl_description/lib/python3.10/site-packages'
[3.220s] Level 1:colcon.colcon_core.shell:create_environment_hook('owl_description', 'pythonpath')
[3.220s] INFO:colcon.colcon_core.shell:Creating environment hook '/home/vardan/OWL_Sorting/ros2_ws/install/owl_description/share/owl_description/hook/pythonpath.ps1'
[3.220s] INFO:colcon.colcon_core.shell:Creating environment descriptor '/home/vardan/OWL_Sorting/ros2_ws/install/owl_description/share/owl_description/hook/pythonpath.dsv'
[3.221s] INFO:colcon.colcon_core.shell:Creating environment hook '/home/vardan/OWL_Sorting/ros2_ws/install/owl_description/share/owl_description/hook/pythonpath.sh'
[3.221s] Level 1:colcon.colcon_core.environment:checking '/home/vardan/OWL_Sorting/ros2_ws/install/owl_description/bin'
[3.222s] Level 1:colcon.colcon_core.environment:create_environment_scripts_only(owl_description)
[3.222s] INFO:colcon.colcon_core.shell:Creating package script '/home/vardan/OWL_Sorting/ros2_ws/install/owl_description/share/owl_description/package.ps1'
[3.224s] INFO:colcon.colcon_core.shell:Creating package descriptor '/home/vardan/OWL_Sorting/ros2_ws/install/owl_description/share/owl_description/package.dsv'
[3.227s] INFO:colcon.colcon_core.shell:Creating package script '/home/vardan/OWL_Sorting/ros2_ws/install/owl_description/share/owl_description/package.sh'
[3.231s] INFO:colcon.colcon_core.shell:Creating package script '/home/vardan/OWL_Sorting/ros2_ws/install/owl_description/share/owl_description/package.bash'
[3.234s] INFO:colcon.colcon_core.shell:Creating package script '/home/vardan/OWL_Sorting/ros2_ws/install/owl_description/share/owl_description/package.zsh'
[3.236s] Level 1:colcon.colcon_core.environment:create_file_with_runtime_dependencies(/home/vardan/OWL_Sorting/ros2_ws/install/owl_description/share/colcon-core/packages/owl_description)
[3.238s] INFO:colcon.colcon_ros.task.ament_python.build:Building ROS package in '/home/vardan/OWL_Sorting/ros2_ws/src/owl_gazebo' with build type 'ament_python'
[3.238s] Level 1:colcon.colcon_core.shell:create_environment_hook('owl_gazebo', 'ament_prefix_path')
[3.239s] INFO:colcon.colcon_core.shell:Creating environment hook '/home/vardan/OWL_Sorting/ros2_ws/install/owl_gazebo/share/owl_gazebo/hook/ament_prefix_path.ps1'
[3.242s] INFO:colcon.colcon_core.shell:Creating environment descriptor '/home/vardan/OWL_Sorting/ros2_ws/install/owl_gazebo/share/owl_gazebo/hook/ament_prefix_path.dsv'
[3.243s] INFO:colcon.colcon_core.shell:Creating environment hook '/home/vardan/OWL_Sorting/ros2_ws/install/owl_gazebo/share/owl_gazebo/hook/ament_prefix_path.sh'
[3.243s] INFO:colcon.colcon_core.shell:Skip shell extension 'powershell' for command environment: Not usable outside of PowerShell
[3.244s] DEBUG:colcon.colcon_core.shell:Skip shell extension 'dsv' for command environment
[3.253s] INFO:colcon.colcon_ros.task.ament_cmake.build:Building ROS package in '/home/vardan/OWL_Sorting/ros2_ws/src/owl_moveit_config' with build type 'ament_cmake'
[3.253s] INFO:colcon.colcon_cmake.task.cmake.build:Building CMake package in '/home/vardan/OWL_Sorting/ros2_ws/src/owl_moveit_config'
[3.254s] INFO:colcon.colcon_core.shell:Skip shell extension 'powershell' for command environment: Not usable outside of PowerShell
[3.254s] DEBUG:colcon.colcon_core.shell:Skip shell extension 'dsv' for command environment
[3.372s] DEBUG:colcon.colcon_core.event_handler.log_command:Invoking command in '/home/vardan/OWL_Sorting/ros2_ws/build/owl_moveit_config': AMENT_PREFIX_PATH=/home/vardan/OWL_Sorting/ros2_ws/install/owl_description:/home/vardan/OWL_Sorting/ros2_ws/install/owl_moveit_config:/home/vardan/OWL_Sorting/ros2_ws/install/owl_gazebo:/home/vardan/OWL_Sorting/ros2_ws/install/owl_cv:/home/vardan/Introduction-to-Robotics/Module2/ros2_ws/install/moveit_pkgs:/home/vardan/Introduction-to-Robotics/Module2/ros2_ws/install/owl_robot:/home/vardan/RAKSH-Autonomous-Pesticide-Spraying-Robot/ros2_ws/install/raksh_description:/home/vardan/RAKSH-Autonomous-Pesticide-Spraying-Robot/ros2_ws/install/disease_detection:/home/vardan/Introduction-to-Robotics/Module1/ros2_wk/install/manipulator_simulation:/opt/ros/humble CMAKE_PREFIX_PATH=${CMAKE_PREFIX_PATH}:/home/vardan/OWL_Sorting/ros2_ws/install/owl_gazebo:/home/vardan/OWL_Sorting/ros2_ws/install/owl_cv:/home/vardan/OWL_Sorting/ros2_ws/install/owl_description:/home/vardan/Introduction-to-Robotics/Module2/ros2_ws/install/owl_robot:/home/vardan/RAKSH-Autonomous-Pesticide-Spraying-Robot/ros2_ws/install/raksh_description:/home/vardan/RAKSH-Autonomous-Pesticide-Spraying-Robot/ros2_ws/install/disease_detection:/home/vardan/Introduction-to-Robotics/Module1/ros2_wk/install/manipulator_simulation:/opt/ros/humble PYTHONPATH=/home/vardan/OWL_Sorting/ros2_ws/build/owl_description:/home/vardan/OWL_Sorting/ros2_ws/install/owl_description/lib/python3.10/site-packages:/home/vardan/OWL_Sorting/ros2_ws/build/owl_gazebo:/home/vardan/OWL_Sorting/ros2_ws/install/owl_gazebo/lib/python3.10/site-packages:/home/vardan/OWL_Sorting/ros2_ws/build/owl_cv:/home/vardan/OWL_Sorting/ros2_ws/install/owl_cv/lib/python3.10/site-packages:/home/vardan/Introduction-to-Robotics/Module2/ros2_ws/build/owl_robot:/home/vardan/Introduction-to-Robotics/Module2/ros2_ws/install/owl_robot/lib/python3.10/site-packages:/home/vardan/RAKSH-Autonomous-Pesticide-Spraying-Robot/ros2_ws/build/raksh_description:/home/vardan/RAKSH-Autonomous-Pesticide-Spraying-Robot/ros2_ws/install/raksh_description/lib/python3.10/site-packages:/home/vardan/RAKSH-Autonomous-Pesticide-Spraying-Robot/ros2_ws/build/disease_detection:/home/vardan/RAKSH-Autonomous-Pesticide-Spraying-Robot/ros2_ws/install/disease_detection/lib/python3.10/site-packages:/home/vardan/Introduction-to-Robotics/Assignment1/ros2_wk/build/manipulator_simulation:/home/vardan/Introduction-to-Robotics/Module1/ros2_wk/install/manipulator_simulation/lib/python3.10/site-packages:/opt/ros/humble/lib/python3.10/site-packages:/opt/ros/humble/local/lib/python3.10/dist-packages /usr/bin/cmake --build /home/vardan/OWL_Sorting/ros2_ws/build/owl_moveit_config -- -j4 -l4
[3.807s] INFO:colcon.colcon_core.task.python.build:Building Python package in '/home/vardan/OWL_Sorting/ros2_ws/src/owl_gazebo'
[3.808s] INFO:colcon.colcon_core.shell:Skip shell extension 'powershell' for command environment: Not usable outside of PowerShell
[3.808s] DEBUG:colcon.colcon_core.shell:Skip shell extension 'dsv' for command environment
[3.994s] DEBUG:colcon.colcon_core.event_handler.log_command:Invoked command in '/home/vardan/OWL_Sorting/ros2_ws/build/owl_moveit_config' returned '0': AMENT_PREFIX_PATH=/home/vardan/OWL_Sorting/ros2_ws/install/owl_description:/home/vardan/OWL_Sorting/ros2_ws/install/owl_moveit_config:/home/vardan/OWL_Sorting/ros2_ws/install/owl_gazebo:/home/vardan/OWL_Sorting/ros2_ws/install/owl_cv:/home/vardan/Introduction-to-Robotics/Module2/ros2_ws/install/moveit_pkgs:/home/vardan/Introduction-to-Robotics/Module2/ros2_ws/install/owl_robot:/home/vardan/RAKSH-Autonomous-Pesticide-Spraying-Robot/ros2_ws/install/raksh_description:/home/vardan/RAKSH-Autonomous-Pesticide-Spraying-Robot/ros2_ws/install/disease_detection:/home/vardan/Introduction-to-Robotics/Module1/ros2_wk/install/manipulator_simulation:/opt/ros/humble CMAKE_PREFIX_PATH=${CMAKE_PREFIX_PATH}:/home/vardan/OWL_Sorting/ros2_ws/install/owl_gazebo:/home/vardan/OWL_Sorting/ros2_ws/install/owl_cv:/home/vardan/OWL_Sorting/ros2_ws/install/owl_description:/home/vardan/Introduction-to-Robotics/Module2/ros2_ws/install/owl_robot:/home/vardan/RAKSH-Autonomous-Pesticide-Spraying-Robot/ros2_ws/install/raksh_description:/home/vardan/RAKSH-Autonomous-Pesticide-Spraying-Robot/ros2_ws/install/disease_detection:/home/vardan/Introduction-to-Robotics/Module1/ros2_wk/install/manipulator_simulation:/opt/ros/humble PYTHONPATH=/home/vardan/OWL_Sorting/ros2_ws/build/owl_description:/home/vardan/OWL_Sorting/ros2_ws/install/owl_description/lib/python3.10/site-packages:/home/vardan/OWL_Sorting/ros2_ws/build/owl_gazebo:/home/vardan/OWL_Sorting/ros2_ws/install/owl_gazebo/lib/python3.10/site-packages:/home/vardan/OWL_Sorting/ros2_ws/build/owl_cv:/home/vardan/OWL_Sorting/ros2_ws/install/owl_cv/lib/python3.10/site-packages:/home/vardan/Introduction-to-Robotics/Module2/ros2_ws/build/owl_robot:/home/vardan/Introduction-to-Robotics/Module2/ros2_ws/install/owl_robot/lib/python3.10/site-packages:/home/vardan/RAKSH-Autonomous-Pesticide-Spraying-Robot/ros2_ws/build/raksh_description:/home/vardan/RAKSH-Autonomous-Pesticide-Spraying-Robot/ros2_ws/install/raksh_description/lib/python3.10/site-packages:/home/vardan/RAKSH-Autonomous-Pesticide-Spraying-Robot/ros2_ws/build/disease_detection:/home/vardan/RAKSH-Autonomous-Pesticide-Spraying-Robot/ros2_ws/install/disease_detection/lib/python3.10/site-packages:/home/vardan/Introduction-to-Robotics/Assignment1/ros2_wk/build/manipulator_simulation:/home/vardan/Introduction-to-Robotics/Module1/ros2_wk/install/manipulator_simulation/lib/python3.10/site-packages:/opt/ros/humble/lib/python3.10/site-packages:/opt/ros/humble/local/lib/python3.10/dist-packages /usr/bin/cmake --build /home/vardan/OWL_Sorting/ros2_ws/build/owl_moveit_config -- -j4 -l4
[4.035s] DEBUG:colcon.colcon_core.event_handler.log_command:Invoking command in '/home/vardan/OWL_Sorting/ros2_ws/build/owl_moveit_config': AMENT_PREFIX_PATH=/home/vardan/OWL_Sorting/ros2_ws/install/owl_description:/home/vardan/OWL_Sorting/ros2_ws/install/owl_moveit_config:/home/vardan/OWL_Sorting/ros2_ws/install/owl_gazebo:/home/vardan/OWL_Sorting/ros2_ws/install/owl_cv:/home/vardan/Introduction-to-Robotics/Module2/ros2_ws/install/moveit_pkgs:/home/vardan/Introduction-to-Robotics/Module2/ros2_ws/install/owl_robot:/home/vardan/RAKSH-Autonomous-Pesticide-Spraying-Robot/ros2_ws/install/raksh_description:/home/vardan/RAKSH-Autonomous-Pesticide-Spraying-Robot/ros2_ws/install/disease_detection:/home/vardan/Introduction-to-Robotics/Module1/ros2_wk/install/manipulator_simulation:/opt/ros/humble CMAKE_PREFIX_PATH=${CMAKE_PREFIX_PATH}:/home/vardan/OWL_Sorting/ros2_ws/install/owl_gazebo:/home/vardan/OWL_Sorting/ros2_ws/install/owl_cv:/home/vardan/OWL_Sorting/ros2_ws/install/owl_description:/home/vardan/Introduction-to-Robotics/Module2/ros2_ws/install/owl_robot:/home/vardan/RAKSH-Autonomous-Pesticide-Spraying-Robot/ros2_ws/install/raksh_description:/home/vardan/RAKSH-Autonomous-Pesticide-Spraying-Robot/ros2_ws/install/disease_detection:/home/vardan/Introduction-to-Robotics/Module1/ros2_wk/install/manipulator_simulation:/opt/ros/humble PYTHONPATH=/home/vardan/OWL_Sorting/ros2_ws/build/owl_description:/home/vardan/OWL_Sorting/ros2_ws/install/owl_description/lib/python3.10/site-packages:/home/vardan/OWL_Sorting/ros2_ws/build/owl_gazebo:/home/vardan/OWL_Sorting/ros2_ws/install/owl_gazebo/lib/python3.10/site-packages:/home/vardan/OWL_Sorting/ros2_ws/build/owl_cv:/home/vardan/OWL_Sorting/ros2_ws/install/owl_cv/lib/python3.10/site-packages:/home/vardan/Introduction-to-Robotics/Module2/ros2_ws/build/owl_robot:/home/vardan/Introduction-to-Robotics/Module2/ros2_ws/install/owl_robot/lib/python3.10/site-packages:/home/vardan/RAKSH-Autonomous-Pesticide-Spraying-Robot/ros2_ws/build/raksh_description:/home/vardan/RAKSH-Autonomous-Pesticide-Spraying-Robot/ros2_ws/install/raksh_description/lib/python3.10/site-packages:/home/vardan/RAKSH-Autonomous-Pesticide-Spraying-Robot/ros2_ws/build/disease_detection:/home/vardan/RAKSH-Autonomous-Pesticide-Spraying-Robot/ros2_ws/install/disease_detection/lib/python3.10/site-packages:/home/vardan/Introduction-to-Robotics/Assignment1/ros2_wk/build/manipulator_simulation:/home/vardan/Introduction-to-Robotics/Module1/ros2_wk/install/manipulator_simulation/lib/python3.10/site-packages:/opt/ros/humble/lib/python3.10/site-packages:/opt/ros/humble/local/lib/python3.10/dist-packages /usr/bin/cmake --install /home/vardan/OWL_Sorting/ros2_ws/build/owl_moveit_config
[4.079s] Level 1:colcon.colcon_core.environment:create_environment_scripts_only(owl_moveit_config)
[4.079s] Level 1:colcon.colcon_core.environment:checking '/home/vardan/OWL_Sorting/ros2_ws/install/owl_moveit_config' for CMake module files
[4.080s] Level 1:colcon.colcon_core.environment:checking '/home/vardan/OWL_Sorting/ros2_ws/install/owl_moveit_config' for CMake config files
[4.080s] Level 1:colcon.colcon_core.shell:create_environment_hook('owl_moveit_config', 'cmake_prefix_path')
[4.081s] INFO:colcon.colcon_core.shell:Creating environment hook '/home/vardan/OWL_Sorting/ros2_ws/install/owl_moveit_config/share/owl_moveit_config/hook/cmake_prefix_path.ps1'
[4.081s] INFO:colcon.colcon_core.shell:Creating environment descriptor '/home/vardan/OWL_Sorting/ros2_ws/install/owl_moveit_config/share/owl_moveit_config/hook/cmake_prefix_path.dsv'
[4.081s] INFO:colcon.colcon_core.shell:Creating environment hook '/home/vardan/OWL_Sorting/ros2_ws/install/owl_moveit_config/share/owl_moveit_config/hook/cmake_prefix_path.sh'
[4.083s] Level 1:colcon.colcon_core.environment:checking '/home/vardan/OWL_Sorting/ros2_ws/install/owl_moveit_config/bin'
[4.083s] Level 1:colcon.colcon_core.environment:checking '/home/vardan/OWL_Sorting/ros2_ws/install/owl_moveit_config/lib/pkgconfig/owl_moveit_config.pc'
[4.083s] Level 1:colcon.colcon_core.environment:checking '/home/vardan/OWL_Sorting/ros2_ws/install/owl_moveit_config/lib/python3.10/site-packages'
[4.084s] Level 1:colcon.colcon_core.environment:checking '/home/vardan/OWL_Sorting/ros2_ws/install/owl_moveit_config/bin'
[4.084s] INFO:colcon.colcon_core.shell:Creating package script '/home/vardan/OWL_Sorting/ros2_ws/install/owl_moveit_config/share/owl_moveit_config/package.ps1'
[4.085s] INFO:colcon.colcon_core.shell:Creating package descriptor '/home/vardan/OWL_Sorting/ros2_ws/install/owl_moveit_config/share/owl_moveit_config/package.dsv'
[4.086s] INFO:colcon.colcon_core.shell:Creating package script '/home/vardan/OWL_Sorting/ros2_ws/install/owl_moveit_config/share/owl_moveit_config/package.sh'
[4.086s] INFO:colcon.colcon_core.shell:Creating package script '/home/vardan/OWL_Sorting/ros2_ws/install/owl_moveit_config/share/owl_moveit_config/package.bash'
[4.087s] INFO:colcon.colcon_core.shell:Creating package script '/home/vardan/OWL_Sorting/ros2_ws/install/owl_moveit_config/share/owl_moveit_config/package.zsh'
[4.089s] DEBUG:colcon.colcon_core.event_handler.log_command:Invoked command in '/home/vardan/OWL_Sorting/ros2_ws/build/owl_moveit_config' returned '0': AMENT_PREFIX_PATH=/home/vardan/OWL_Sorting/ros2_ws/install/owl_description:/home/vardan/OWL_Sorting/ros2_ws/install/owl_moveit_config:/home/vardan/OWL_Sorting/ros2_ws/install/owl_gazebo:/home/vardan/OWL_Sorting/ros2_ws/install/owl_cv:/home/vardan/Introduction-to-Robotics/Module2/ros2_ws/install/moveit_pkgs:/home/vardan/Introduction-to-Robotics/Module2/ros2_ws/install/owl_robot:/home/vardan/RAKSH-Autonomous-Pesticide-Spraying-Robot/ros2_ws/install/raksh_description:/home/vardan/RAKSH-Autonomous-Pesticide-Spraying-Robot/ros2_ws/install/disease_detection:/home/vardan/Introduction-to-Robotics/Module1/ros2_wk/install/manipulator_simulation:/opt/ros/humble CMAKE_PREFIX_PATH=${CMAKE_PREFIX_PATH}:/home/vardan/OWL_Sorting/ros2_ws/install/owl_gazebo:/home/vardan/OWL_Sorting/ros2_ws/install/owl_cv:/home/vardan/OWL_Sorting/ros2_ws/install/owl_description:/home/vardan/Introduction-to-Robotics/Module2/ros2_ws/install/owl_robot:/home/vardan/RAKSH-Autonomous-Pesticide-Spraying-Robot/ros2_ws/install/raksh_description:/home/vardan/RAKSH-Autonomous-Pesticide-Spraying-Robot/ros2_ws/install/disease_detection:/home/vardan/Introduction-to-Robotics/Module1/ros2_wk/install/manipulator_simulation:/opt/ros/humble PYTHONPATH=/home/vardan/OWL_Sorting/ros2_ws/build/owl_description:/home/vardan/OWL_Sorting/ros2_ws/install/owl_description/lib/python3.10/site-packages:/home/vardan/OWL_Sorting/ros2_ws/build/owl_gazebo:/home/vardan/OWL_Sorting/ros2_ws/install/owl_gazebo/lib/python3.10/site-packages:/home/vardan/OWL_Sorting/ros2_ws/build/owl_cv:/home/vardan/OWL_Sorting/ros2_ws/install/owl_cv/lib/python3.10/site-packages:/home/vardan/Introduction-to-Robotics/Module2/ros2_ws/build/owl_robot:/home/vardan/Introduction-to-Robotics/Module2/ros2_ws/install/owl_robot/lib/python3.10/site-packages:/home/vardan/RAKSH-Autonomous-Pesticide-Spraying-Robot/ros2_ws/build/raksh_description:/home/vardan/RAKSH-Autonomous-Pesticide-Spraying-Robot/ros2_ws/install/raksh_description/lib/python3.10/site-packages:/home/vardan/RAKSH-Autonomous-Pesticide-Spraying-Robot/ros2_ws/build/disease_detection:/home/vardan/RAKSH-Autonomous-Pesticide-Spraying-Robot/ros2_ws/install/disease_detection/lib/python3.10/site-packages:/home/vardan/Introduction-to-Robotics/Assignment1/ros2_wk/build/manipulator_simulation:/home/vardan/Introduction-to-Robotics/Module1/ros2_wk/install/manipulator_simulation/lib/python3.10/site-packages:/opt/ros/humble/lib/python3.10/site-packages:/opt/ros/humble/local/lib/python3.10/dist-packages /usr/bin/cmake --install /home/vardan/OWL_Sorting/ros2_ws/build/owl_moveit_config
[4.089s] Level 1:colcon.colcon_core.environment:create_file_with_runtime_dependencies(/home/vardan/OWL_Sorting/ros2_ws/install/owl_moveit_config/share/colcon-core/packages/owl_moveit_config)
[4.118s] Level 1:colcon.colcon_core.environment:create_environment_scripts_only(owl_moveit_config)
[4.119s] Level 1:colcon.colcon_core.environment:checking '/home/vardan/OWL_Sorting/ros2_ws/install/owl_moveit_config' for CMake module files
[4.120s] Level 1:colcon.colcon_core.environment:checking '/home/vardan/OWL_Sorting/ros2_ws/install/owl_moveit_config' for CMake config files
[4.121s] Level 1:colcon.colcon_core.shell:create_environment_hook('owl_moveit_config', 'cmake_prefix_path')
[4.121s] INFO:colcon.colcon_core.shell:Creating environment hook '/home/vardan/OWL_Sorting/ros2_ws/install/owl_moveit_config/share/owl_moveit_config/hook/cmake_prefix_path.ps1'
[4.122s] INFO:colcon.colcon_core.shell:Creating environment descriptor '/home/vardan/OWL_Sorting/ros2_ws/install/owl_moveit_config/share/owl_moveit_config/hook/cmake_prefix_path.dsv'
[4.123s] INFO:colcon.colcon_core.shell:Creating environment hook '/home/vardan/OWL_Sorting/ros2_ws/install/owl_moveit_config/share/owl_moveit_config/hook/cmake_prefix_path.sh'
[4.123s] Level 1:colcon.colcon_core.environment:checking '/home/vardan/OWL_Sorting/ros2_ws/install/owl_moveit_config/bin'
[4.124s] Level 1:colcon.colcon_core.environment:checking '/home/vardan/OWL_Sorting/ros2_ws/install/owl_moveit_config/lib/pkgconfig/owl_moveit_config.pc'
[4.124s] Level 1:colcon.colcon_core.environment:checking '/home/vardan/OWL_Sorting/ros2_ws/install/owl_moveit_config/lib/python3.10/site-packages'
[4.124s] Level 1:colcon.colcon_core.environment:checking '/home/vardan/OWL_Sorting/ros2_ws/install/owl_moveit_config/bin'
[4.125s] INFO:colcon.colcon_core.shell:Creating package script '/home/vardan/OWL_Sorting/ros2_ws/install/owl_moveit_config/share/owl_moveit_config/package.ps1'
[4.126s] INFO:colcon.colcon_core.shell:Creating package descriptor '/home/vardan/OWL_Sorting/ros2_ws/install/owl_moveit_config/share/owl_moveit_config/package.dsv'
[4.126s] INFO:colcon.colcon_core.shell:Creating package script '/home/vardan/OWL_Sorting/ros2_ws/install/owl_moveit_config/share/owl_moveit_config/package.sh'
[4.127s] INFO:colcon.colcon_core.shell:Creating package script '/home/vardan/OWL_Sorting/ros2_ws/install/owl_moveit_config/share/owl_moveit_config/package.bash'
[4.128s] INFO:colcon.colcon_core.shell:Creating package script '/home/vardan/OWL_Sorting/ros2_ws/install/owl_moveit_config/share/owl_moveit_config/package.zsh'
[4.129s] Level 1:colcon.colcon_core.environment:create_file_with_runtime_dependencies(/home/vardan/OWL_Sorting/ros2_ws/install/owl_moveit_config/share/colcon-core/packages/owl_moveit_config)
[4.525s] DEBUG:colcon.colcon_core.event_handler.log_command:Invoking command in '/home/vardan/OWL_Sorting/ros2_ws/build/owl_gazebo': AMENT_PREFIX_PATH=/home/vardan/OWL_Sorting/ros2_ws/install/owl_description:/home/vardan/OWL_Sorting/ros2_ws/install/owl_moveit_config:/home/vardan/OWL_Sorting/ros2_ws/install/owl_gazebo:/home/vardan/OWL_Sorting/ros2_ws/install/owl_cv:/home/vardan/Introduction-to-Robotics/Module2/ros2_ws/install/moveit_pkgs:/home/vardan/Introduction-to-Robotics/Module2/ros2_ws/install/owl_robot:/home/vardan/RAKSH-Autonomous-Pesticide-Spraying-Robot/ros2_ws/install/raksh_description:/home/vardan/RAKSH-Autonomous-Pesticide-Spraying-Robot/ros2_ws/install/disease_detection:/home/vardan/Introduction-to-Robotics/Module1/ros2_wk/install/manipulator_simulation:/opt/ros/humble PYTHONPATH=/home/vardan/OWL_Sorting/ros2_ws/build/owl_gazebo/prefix_override:/usr/lib/python3/dist-packages/colcon_core/task/python/colcon_distutils_commands:/home/vardan/OWL_Sorting/ros2_ws/install/owl_gazebo/lib/python3.10/site-packages:/home/vardan/OWL_Sorting/ros2_ws/build/owl_description:/home/vardan/OWL_Sorting/ros2_ws/install/owl_description/lib/python3.10/site-packages:/home/vardan/OWL_Sorting/ros2_ws/build/owl_gazebo:/home/vardan/OWL_Sorting/ros2_ws/install/owl_gazebo/lib/python3.10/site-packages:/home/vardan/OWL_Sorting/ros2_ws/build/owl_cv:/home/vardan/OWL_Sorting/ros2_ws/install/owl_cv/lib/python3.10/site-packages:/home/vardan/Introduction-to-Robotics/Module2/ros2_ws/build/owl_robot:/home/vardan/Introduction-to-Robotics/Module2/ros2_ws/install/owl_robot/lib/python3.10/site-packages:/home/vardan/RAKSH-Autonomous-Pesticide-Spraying-Robot/ros2_ws/build/raksh_description:/home/vardan/RAKSH-Autonomous-Pesticide-Spraying-Robot/ros2_ws/install/raksh_description/lib/python3.10/site-packages:/home/vardan/RAKSH-Autonomous-Pesticide-Spraying-Robot/ros2_ws/build/disease_detection:/home/vardan/RAKSH-Autonomous-Pesticide-Spraying-Robot/ros2_ws/install/disease_detection/lib/python3.10/site-packages:/home/vardan/Introduction-to-Robotics/Assignment1/ros2_wk/build/manipulator_simulation:/home/vardan/Introduction-to-Robotics/Module1/ros2_wk/install/manipulator_simulation/lib/python3.10/site-packages:/opt/ros/humble/lib/python3.10/site-packages:/opt/ros/humble/local/lib/python3.10/dist-packages /usr/bin/python3 -W ignore:setup.py install is deprecated setup.py develop --editable --build-directory /home/vardan/OWL_Sorting/ros2_ws/build/owl_gazebo/build --no-deps symlink_data
[5.190s] Level 1:colcon.colcon_core.shell:create_environment_hook('owl_gazebo', 'pythonpath_develop')
[5.190s] INFO:colcon.colcon_core.shell:Creating environment hook '/home/vardan/OWL_Sorting/ros2_ws/build/owl_gazebo/share/owl_gazebo/hook/pythonpath_develop.ps1'
[5.191s] DEBUG:colcon.colcon_core.event_handler.log_command:Invoked command in '/home/vardan/OWL_Sorting/ros2_ws/build/owl_gazebo' returned '0': AMENT_PREFIX_PATH=/home/vardan/OWL_Sorting/ros2_ws/install/owl_description:/home/vardan/OWL_Sorting/ros2_ws/install/owl_moveit_config:/home/vardan/OWL_Sorting/ros2_ws/install/owl_gazebo:/home/vardan/OWL_Sorting/ros2_ws/install/owl_cv:/home/vardan/Introduction-to-Robotics/Module2/ros2_ws/install/moveit_pkgs:/home/vardan/Introduction-to-Robotics/Module2/ros2_ws/install/owl_robot:/home/vardan/RAKSH-Autonomous-Pesticide-Spraying-Robot/ros2_ws/install/raksh_description:/home/vardan/RAKSH-Autonomous-Pesticide-Spraying-Robot/ros2_ws/install/disease_detection:/home/vardan/Introduction-to-Robotics/Module1/ros2_wk/install/manipulator_simulation:/opt/ros/humble PYTHONPATH=/home/vardan/OWL_Sorting/ros2_ws/build/owl_gazebo/prefix_override:/usr/lib/python3/dist-packages/colcon_core/task/python/colcon_distutils_commands:/home/vardan/OWL_Sorting/ros2_ws/install/owl_gazebo/lib/python3.10/site-packages:/home/vardan/OWL_Sorting/ros2_ws/build/owl_description:/home/vardan/OWL_Sorting/ros2_ws/install/owl_description/lib/python3.10/site-packages:/home/vardan/OWL_Sorting/ros2_ws/build/owl_gazebo:/home/vardan/OWL_Sorting/ros2_ws/install/owl_gazebo/lib/python3.10/site-packages:/home/vardan/OWL_Sorting/ros2_ws/build/owl_cv:/home/vardan/OWL_Sorting/ros2_ws/install/owl_cv/lib/python3.10/site-packages:/home/vardan/Introduction-to-Robotics/Module2/ros2_ws/build/owl_robot:/home/vardan/Introduction-to-Robotics/Module2/ros2_ws/install/owl_robot/lib/python3.10/site-packages:/home/vardan/RAKSH-Autonomous-Pesticide-Spraying-Robot/ros2_ws/build/raksh_description:/home/vardan/RAKSH-Autonomous-Pesticide-Spraying-Robot/ros2_ws/install/raksh_description/lib/python3.10/site-packages:/home/vardan/RAKSH-Autonomous-Pesticide-Spraying-Robot/ros2_ws/build/disease_detection:/home/vardan/RAKSH-Autonomous-Pesticide-Spraying-Robot/ros2_ws/install/disease_detection/lib/python3.10/site-packages:/home/vardan/Introduction-to-Robotics/Assignment1/ros2_wk/build/manipulator_simulation:/home/vardan/Introduction-to-Robotics/Module1/ros2_wk/install/manipulator_simulation/lib/python3.10/site-packages:/opt/ros/humble/lib/python3.10/site-packages:/opt/ros/humble/local/lib/python3.10/dist-packages /usr/bin/python3 -W ignore:setup.py install is deprecated setup.py develop --editable --build-directory /home/vardan/OWL_Sorting/ros2_ws/build/owl_gazebo/build --no-deps symlink_data
[5.192s] INFO:colcon.colcon_core.shell:Creating environment descriptor '/home/vardan/OWL_Sorting/ros2_ws/build/owl_gazebo/share/owl_gazebo/hook/pythonpath_develop.dsv'
[5.193s] INFO:colcon.colcon_core.shell:Creating environment hook '/home/vardan/OWL_Sorting/ros2_ws/build/owl_gazebo/share/owl_gazebo/hook/pythonpath_develop.sh'
[5.193s] Level 1:colcon.colcon_core.environment:checking '/home/vardan/OWL_Sorting/ros2_ws/install/owl_gazebo' for CMake module files
[5.194s] Level 1:colcon.colcon_core.environment:checking '/home/vardan/OWL_Sorting/ros2_ws/install/owl_gazebo' for CMake config files
[5.195s] Level 1:colcon.colcon_core.environment:checking '/home/vardan/OWL_Sorting/ros2_ws/install/owl_gazebo/lib'
[5.195s] Level 1:colcon.colcon_core.environment:checking '/home/vardan/OWL_Sorting/ros2_ws/install/owl_gazebo/bin'
[5.195s] Level 1:colcon.colcon_core.environment:checking '/home/vardan/OWL_Sorting/ros2_ws/install/owl_gazebo/lib/pkgconfig/owl_gazebo.pc'
[5.195s] Level 1:colcon.colcon_core.environment:checking '/home/vardan/OWL_Sorting/ros2_ws/install/owl_gazebo/lib/python3.10/site-packages'
[5.196s] Level 1:colcon.colcon_core.shell:create_environment_hook('owl_gazebo', 'pythonpath')
[5.196s] INFO:colcon.colcon_core.shell:Creating environment hook '/home/vardan/OWL_Sorting/ros2_ws/install/owl_gazebo/share/owl_gazebo/hook/pythonpath.ps1'
[5.196s] INFO:colcon.colcon_core.shell:Creating environment descriptor '/home/vardan/OWL_Sorting/ros2_ws/install/owl_gazebo/share/owl_gazebo/hook/pythonpath.dsv'
[5.197s] INFO:colcon.colcon_core.shell:Creating environment hook '/home/vardan/OWL_Sorting/ros2_ws/install/owl_gazebo/share/owl_gazebo/hook/pythonpath.sh'
[5.198s] Level 1:colcon.colcon_core.environment:checking '/home/vardan/OWL_Sorting/ros2_ws/install/owl_gazebo/bin'
[5.198s] Level 1:colcon.colcon_core.environment:create_environment_scripts_only(owl_gazebo)
[5.199s] INFO:colcon.colcon_core.shell:Creating package script '/home/vardan/OWL_Sorting/ros2_ws/install/owl_gazebo/share/owl_gazebo/package.ps1'
[5.199s] INFO:colcon.colcon_core.shell:Creating package descriptor '/home/vardan/OWL_Sorting/ros2_ws/install/owl_gazebo/share/owl_gazebo/package.dsv'
[5.200s] INFO:colcon.colcon_core.shell:Creating package script '/home/vardan/OWL_Sorting/ros2_ws/install/owl_gazebo/share/owl_gazebo/package.sh'
[5.201s] INFO:colcon.colcon_core.shell:Creating package script '/home/vardan/OWL_Sorting/ros2_ws/install/owl_gazebo/share/owl_gazebo/package.bash'
[5.201s] INFO:colcon.colcon_core.shell:Creating package script '/home/vardan/OWL_Sorting/ros2_ws/install/owl_gazebo/share/owl_gazebo/package.zsh'
[5.202s] Level 1:colcon.colcon_core.environment:create_file_with_runtime_dependencies(/home/vardan/OWL_Sorting/ros2_ws/install/owl_gazebo/share/colcon-core/packages/owl_gazebo)
[5.203s] DEBUG:colcon.colcon_parallel_executor.executor.parallel:closing loop
[5.203s] DEBUG:colcon.colcon_parallel_executor.executor.parallel:loop closed
[5.204s] DEBUG:colcon.colcon_parallel_executor.executor.parallel:run_until_complete finished with '0'
[5.204s] DEBUG:colcon.colcon_core.event_reactor:joining thread
[5.252s] INFO:colcon.colcon_core.plugin_system:Skipping extension 'colcon_notification.desktop_notification.notify_send': Could not find 'notify-send'
[5.252s] INFO:colcon.colcon_core.plugin_system:Skipping extension 'colcon_notification.desktop_notification.terminal_notifier': Not used on non-Darwin systems
[5.254s] INFO:colcon.colcon_core.plugin_system:Skipping extension 'colcon_notification.desktop_notification.win32': Not used on non-Windows systems
[5.254s] INFO:colcon.colcon_notification.desktop_notification:Sending desktop notification using 'notify2'
[5.256s] DEBUG:colcon.colcon_notification.desktop_notification.notify2:Failed to initialize notify2: org.freedesktop.DBus.Error.ServiceUnknown: The name org.freedesktop.Notifications was not provided by any .service files
[5.257s] DEBUG:colcon.colcon_core.event_reactor:joined thread
[5.257s] INFO:colcon.colcon_core.shell:Creating prefix script '/home/vardan/OWL_Sorting/ros2_ws/install/local_setup.ps1'
[5.259s] INFO:colcon.colcon_core.shell:Creating prefix util module '/home/vardan/OWL_Sorting/ros2_ws/install/_local_setup_util_ps1.py'
[5.262s] INFO:colcon.colcon_core.shell:Creating prefix chain script '/home/vardan/OWL_Sorting/ros2_ws/install/setup.ps1'
[5.265s] INFO:colcon.colcon_core.shell:Creating prefix script '/home/vardan/OWL_Sorting/ros2_ws/install/local_setup.sh'
[5.267s] INFO:colcon.colcon_core.shell:Creating prefix util module '/home/vardan/OWL_Sorting/ros2_ws/install/_local_setup_util_sh.py'
[5.268s] INFO:colcon.colcon_core.shell:Creating prefix chain script '/home/vardan/OWL_Sorting/ros2_ws/install/setup.sh'
[5.273s] INFO:colcon.colcon_core.shell:Creating prefix script '/home/vardan/OWL_Sorting/ros2_ws/install/local_setup.bash'
[5.275s] INFO:colcon.colcon_core.shell:Creating prefix chain script '/home/vardan/OWL_Sorting/ros2_ws/install/setup.bash'
[5.278s] INFO:colcon.colcon_core.shell:Creating prefix script '/home/vardan/OWL_Sorting/ros2_ws/install/local_setup.zsh'
[5.280s] INFO:colcon.colcon_core.shell:Creating prefix chain script '/home/vardan/OWL_Sorting/ros2_ws/install/setup.zsh'
