[0.677s] Invoking command in '/home/aaditya/OWL_Sorting/ros2_ws/build/owl_description': PYTHONPATH=/home/aaditya/OWL_Sorting/ros2_ws/build/owl_description/prefix_override:/usr/lib/python3/dist-packages/colcon_core/task/python/colcon_distutils_commands:/home/aaditya/OWL_Sorting/ros2_ws/install/owl_description/lib/python3.10/site-packages:${PYTHONPATH} /usr/bin/python3 -W ignore:setup.py install is deprecated setup.py develop --editable --build-directory /home/aaditya/OWL_Sorting/ros2_ws/build/owl_description/build --no-deps symlink_data
[0.906s] running develop
[0.907s] /usr/lib/python3/dist-packages/setuptools/command/easy_install.py:158: EasyInstallDeprecationWarning: easy_install command is deprecated. Use build and pip and other standards-based tools.
[0.907s]   warnings.warn(
[1.044s] running egg_info
[1.044s] creating owl_description.egg-info
[1.044s] writing owl_description.egg-info/PKG-INFO
[1.045s] writing dependency_links to owl_description.egg-info/dependency_links.txt
[1.045s] writing entry points to owl_description.egg-info/entry_points.txt
[1.045s] writing requirements to owl_description.egg-info/requires.txt
[1.045s] writing top-level names to owl_description.egg-info/top_level.txt
[1.045s] writing manifest file 'owl_description.egg-info/SOURCES.txt'
[1.047s] reading manifest file 'owl_description.egg-info/SOURCES.txt'
[1.047s] writing manifest file 'owl_description.egg-info/SOURCES.txt'
[1.050s] running build_ext
[1.050s] Creating /home/aaditya/OWL_Sorting/ros2_ws/install/owl_description/lib/python3.10/site-packages/owl-description.egg-link (link to .)
[1.051s] 
[1.051s] Installed /home/aaditya/OWL_Sorting/ros2_ws/build/owl_description
[1.051s] running symlink_data
[1.052s] creating /home/aaditya/OWL_Sorting/ros2_ws/install/owl_description/share/ament_index
[1.052s] creating /home/aaditya/OWL_Sorting/ros2_ws/install/owl_description/share/ament_index/resource_index
[1.052s] creating /home/aaditya/OWL_Sorting/ros2_ws/install/owl_description/share/ament_index/resource_index/packages
[1.052s] symbolically linking /home/aaditya/OWL_Sorting/ros2_ws/build/owl_description/resource/owl_description -> /home/aaditya/OWL_Sorting/ros2_ws/install/owl_description/share/ament_index/resource_index/packages
[1.052s] symbolically linking /home/aaditya/OWL_Sorting/ros2_ws/build/owl_description/package.xml -> /home/aaditya/OWL_Sorting/ros2_ws/install/owl_description/share/owl_description
[1.052s] creating /home/aaditya/OWL_Sorting/ros2_ws/install/owl_description/share/owl_description/urdf
[1.052s] symbolically linking /home/aaditya/OWL_Sorting/ros2_ws/build/owl_description/urdf/robot.xacro -> /home/aaditya/OWL_Sorting/ros2_ws/install/owl_description/share/owl_description/urdf
[1.052s] symbolically linking /home/aaditya/OWL_Sorting/ros2_ws/build/owl_description/urdf/robot.urdf -> /home/aaditya/OWL_Sorting/ros2_ws/install/owl_description/share/owl_description/urdf
[1.052s] symbolically linking /home/aaditya/OWL_Sorting/ros2_ws/build/owl_description/urdf/robot_active.urdf -> /home/aaditya/OWL_Sorting/ros2_ws/install/owl_description/share/owl_description/urdf
[1.053s] creating /home/aaditya/OWL_Sorting/ros2_ws/install/owl_description/share/owl_description/meshes
[1.053s] symbolically linking /home/aaditya/OWL_Sorting/ros2_ws/build/owl_description/meshes/end_effector_link.STL -> /home/aaditya/OWL_Sorting/ros2_ws/install/owl_description/share/owl_description/meshes
[1.053s] symbolically linking /home/aaditya/OWL_Sorting/ros2_ws/build/owl_description/meshes/shoulder_link.STL -> /home/aaditya/OWL_Sorting/ros2_ws/install/owl_description/share/owl_description/meshes
[1.053s] symbolically linking /home/aaditya/OWL_Sorting/ros2_ws/build/owl_description/meshes/link1.STL -> /home/aaditya/OWL_Sorting/ros2_ws/install/owl_description/share/owl_description/meshes
[1.053s] symbolically linking /home/aaditya/OWL_Sorting/ros2_ws/build/owl_description/meshes/w2w3_link.STL -> /home/aaditya/OWL_Sorting/ros2_ws/install/owl_description/share/owl_description/meshes
[1.053s] symbolically linking /home/aaditya/OWL_Sorting/ros2_ws/build/owl_description/meshes/base_link.STL -> /home/aaditya/OWL_Sorting/ros2_ws/install/owl_description/share/owl_description/meshes
[1.053s] symbolically linking /home/aaditya/OWL_Sorting/ros2_ws/build/owl_description/meshes/elbow_link.STL -> /home/aaditya/OWL_Sorting/ros2_ws/install/owl_description/share/owl_description/meshes
[1.054s] symbolically linking /home/aaditya/OWL_Sorting/ros2_ws/build/owl_description/meshes/link2.STL -> /home/aaditya/OWL_Sorting/ros2_ws/install/owl_description/share/owl_description/meshes
[1.054s] creating /home/aaditya/OWL_Sorting/ros2_ws/install/owl_description/share/owl_description/launch
[1.054s] symbolically linking /home/aaditya/OWL_Sorting/ros2_ws/build/owl_description/launch/rviz.launch.py -> /home/aaditya/OWL_Sorting/ros2_ws/install/owl_description/share/owl_description/launch
[1.054s] symbolically linking /home/aaditya/OWL_Sorting/ros2_ws/build/owl_description/launch/sim.launch.py -> /home/aaditya/OWL_Sorting/ros2_ws/install/owl_description/share/owl_description/launch
[1.087s] Invoked command in '/home/aaditya/OWL_Sorting/ros2_ws/build/owl_description' returned '0': PYTHONPATH=/home/aaditya/OWL_Sorting/ros2_ws/build/owl_description/prefix_override:/usr/lib/python3/dist-packages/colcon_core/task/python/colcon_distutils_commands:/home/aaditya/OWL_Sorting/ros2_ws/install/owl_description/lib/python3.10/site-packages:${PYTHONPATH} /usr/bin/python3 -W ignore:setup.py install is deprecated setup.py develop --editable --build-directory /home/aaditya/OWL_Sorting/ros2_ws/build/owl_description/build --no-deps symlink_data
