[0.365s] DEBUG:colcon:Command line arguments: ['/usr/bin/colcon', 'build', '--symlink-install']
[0.366s] DEBUG:colcon:Parsed command line arguments: Namespace(log_base=None, log_level=None, verb_name='build', build_base='build', install_base='install', merge_install=False, symlink_install=True, test_result_base=None, continue_on_error=False, executor='parallel', parallel_workers=4, event_handlers=None, ignore_user_meta=False, metas=['./colcon.meta'], base_paths=['.'], packages_ignore=None, packages_ignore_regex=None, paths=None, packages_up_to=None, packages_up_to_regex=None, packages_above=None, packages_above_and_dependencies=None, packages_above_depth=None, packages_select_by_dep=None, packages_skip_by_dep=None, packages_skip_up_to=None, packages_select_build_failed=False, packages_skip_build_finished=False, packages_select_test_failures=False, packages_skip_test_passed=False, packages_select=None, packages_skip=None, packages_select_regex=None, packages_skip_regex=None, packages_start=None, packages_end=None, allow_overriding=[], cmake_args=None, cmake_target=None, cmake_target_skip_unavailable=False, cmake_clean_cache=False, cmake_clean_first=False, cmake_force_configure=False, ament_cmake_args=None, catkin_cmake_args=None, catkin_skip_building_tests=False, verb_parser=<colcon_defaults.argument_parser.defaults.DefaultArgumentsDecorator object at 0x7f2c3b342920>, verb_extension=<colcon_core.verb.build.BuildVerb object at 0x7f2c3b342410>, main=<bound method BuildVerb.main of <colcon_core.verb.build.BuildVerb object at 0x7f2c3b342410>>)
[1.029s] Level 1:colcon.colcon_core.package_discovery:discover_packages(colcon_meta) check parameters
[1.030s] Level 1:colcon.colcon_core.package_discovery:discover_packages(recursive) check parameters
[1.030s] Level 1:colcon.colcon_core.package_discovery:discover_packages(ignore) check parameters
[1.030s] Level 1:colcon.colcon_core.package_discovery:discover_packages(path) check parameters
[1.030s] Level 1:colcon.colcon_core.package_discovery:discover_packages(colcon_meta) discover
[1.030s] Level 1:colcon.colcon_core.package_discovery:discover_packages(recursive) discover
[1.030s] INFO:colcon.colcon_core.package_discovery:Crawling recursively for packages in '/home/vardan/OWL_Sorting/ros2_ws'
[1.030s] Level 1:colcon.colcon_core.package_identification:_identify(.) by extensions ['ignore', 'ignore_ament_install']
[1.030s] Level 1:colcon.colcon_core.package_identification:_identify(.) by extension 'ignore'
[1.030s] Level 1:colcon.colcon_core.package_identification:_identify(.) by extension 'ignore_ament_install'
[1.030s] Level 1:colcon.colcon_core.package_identification:_identify(.) by extensions ['colcon_pkg']
[1.030s] Level 1:colcon.colcon_core.package_identification:_identify(.) by extension 'colcon_pkg'
[1.030s] Level 1:colcon.colcon_core.package_identification:_identify(.) by extensions ['colcon_meta']
[1.031s] Level 1:colcon.colcon_core.package_identification:_identify(.) by extension 'colcon_meta'
[1.031s] Level 1:colcon.colcon_core.package_identification:_identify(.) by extensions ['ros']
[1.031s] Level 1:colcon.colcon_core.package_identification:_identify(.) by extension 'ros'
[1.047s] Level 1:colcon.colcon_core.package_identification:_identify(.) by extensions ['cmake', 'python']
[1.048s] Level 1:colcon.colcon_core.package_identification:_identify(.) by extension 'cmake'
[1.048s] Level 1:colcon.colcon_core.package_identification:_identify(.) by extension 'python'
[1.049s] Level 1:colcon.colcon_core.package_identification:_identify(.) by extensions ['python_setup_py']
[1.049s] Level 1:colcon.colcon_core.package_identification:_identify(.) by extension 'python_setup_py'
[1.050s] Level 1:colcon.colcon_core.package_identification:_identify(build) by extensions ['ignore', 'ignore_ament_install']
[1.050s] Level 1:colcon.colcon_core.package_identification:_identify(build) by extension 'ignore'
[1.050s] Level 1:colcon.colcon_core.package_identification:_identify(build) ignored
[1.050s] Level 1:colcon.colcon_core.package_identification:_identify(install) by extensions ['ignore', 'ignore_ament_install']
[1.050s] Level 1:colcon.colcon_core.package_identification:_identify(install) by extension 'ignore'
[1.051s] Level 1:colcon.colcon_core.package_identification:_identify(install) ignored
[1.051s] Level 1:colcon.colcon_core.package_identification:_identify(log) by extensions ['ignore', 'ignore_ament_install']
[1.051s] Level 1:colcon.colcon_core.package_identification:_identify(log) by extension 'ignore'
[1.051s] Level 1:colcon.colcon_core.package_identification:_identify(log) ignored
[1.051s] Level 1:colcon.colcon_core.package_identification:_identify(src) by extensions ['ignore', 'ignore_ament_install']
[1.051s] Level 1:colcon.colcon_core.package_identification:_identify(src) by extension 'ignore'
[1.051s] Level 1:colcon.colcon_core.package_identification:_identify(src) by extension 'ignore_ament_install'
[1.051s] Level 1:colcon.colcon_core.package_identification:_identify(src) by extensions ['colcon_pkg']
[1.051s] Level 1:colcon.colcon_core.package_identification:_identify(src) by extension 'colcon_pkg'
[1.051s] Level 1:colcon.colcon_core.package_identification:_identify(src) by extensions ['colcon_meta']
[1.051s] Level 1:colcon.colcon_core.package_identification:_identify(src) by extension 'colcon_meta'
[1.051s] Level 1:colcon.colcon_core.package_identification:_identify(src) by extensions ['ros']
[1.052s] Level 1:colcon.colcon_core.package_identification:_identify(src) by extension 'ros'
[1.052s] Level 1:colcon.colcon_core.package_identification:_identify(src) by extensions ['cmake', 'python']
[1.052s] Level 1:colcon.colcon_core.package_identification:_identify(src) by extension 'cmake'
[1.052s] Level 1:colcon.colcon_core.package_identification:_identify(src) by extension 'python'
[1.052s] Level 1:colcon.colcon_core.package_identification:_identify(src) by extensions ['python_setup_py']
[1.052s] Level 1:colcon.colcon_core.package_identification:_identify(src) by extension 'python_setup_py'
[1.052s] Level 1:colcon.colcon_core.package_identification:_identify(src/owl_cv) by extensions ['ignore', 'ignore_ament_install']
[1.052s] Level 1:colcon.colcon_core.package_identification:_identify(src/owl_cv) by extension 'ignore'
[1.052s] Level 1:colcon.colcon_core.package_identification:_identify(src/owl_cv) by extension 'ignore_ament_install'
[1.052s] Level 1:colcon.colcon_core.package_identification:_identify(src/owl_cv) by extensions ['colcon_pkg']
[1.052s] Level 1:colcon.colcon_core.package_identification:_identify(src/owl_cv) by extension 'colcon_pkg'
[1.052s] Level 1:colcon.colcon_core.package_identification:_identify(src/owl_cv) by extensions ['colcon_meta']
[1.052s] Level 1:colcon.colcon_core.package_identification:_identify(src/owl_cv) by extension 'colcon_meta'
[1.052s] Level 1:colcon.colcon_core.package_identification:_identify(src/owl_cv) by extensions ['ros']
[1.052s] Level 1:colcon.colcon_core.package_identification:_identify(src/owl_cv) by extension 'ros'
[1.055s] DEBUG:colcon.colcon_core.package_identification:Package 'src/owl_cv' with type 'ros.ament_python' and name 'owl_cv'
[1.056s] Level 1:colcon.colcon_core.package_identification:_identify(src/owl_description) by extensions ['ignore', 'ignore_ament_install']
[1.056s] Level 1:colcon.colcon_core.package_identification:_identify(src/owl_description) by extension 'ignore'
[1.056s] Level 1:colcon.colcon_core.package_identification:_identify(src/owl_description) by extension 'ignore_ament_install'
[1.056s] Level 1:colcon.colcon_core.package_identification:_identify(src/owl_description) by extensions ['colcon_pkg']
[1.056s] Level 1:colcon.colcon_core.package_identification:_identify(src/owl_description) by extension 'colcon_pkg'
[1.056s] Level 1:colcon.colcon_core.package_identification:_identify(src/owl_description) by extensions ['colcon_meta']
[1.056s] Level 1:colcon.colcon_core.package_identification:_identify(src/owl_description) by extension 'colcon_meta'
[1.056s] Level 1:colcon.colcon_core.package_identification:_identify(src/owl_description) by extensions ['ros']
[1.056s] Level 1:colcon.colcon_core.package_identification:_identify(src/owl_description) by extension 'ros'
[1.057s] DEBUG:colcon.colcon_core.package_identification:Package 'src/owl_description' with type 'ros.ament_python' and name 'owl_description'
[1.058s] Level 1:colcon.colcon_core.package_identification:_identify(src/owl_gazebo) by extensions ['ignore', 'ignore_ament_install']
[1.058s] Level 1:colcon.colcon_core.package_identification:_identify(src/owl_gazebo) by extension 'ignore'
[1.059s] Level 1:colcon.colcon_core.package_identification:_identify(src/owl_gazebo) by extension 'ignore_ament_install'
[1.059s] Level 1:colcon.colcon_core.package_identification:_identify(src/owl_gazebo) by extensions ['colcon_pkg']
[1.060s] Level 1:colcon.colcon_core.package_identification:_identify(src/owl_gazebo) by extension 'colcon_pkg'
[1.060s] Level 1:colcon.colcon_core.package_identification:_identify(src/owl_gazebo) by extensions ['colcon_meta']
[1.060s] Level 1:colcon.colcon_core.package_identification:_identify(src/owl_gazebo) by extension 'colcon_meta'
[1.060s] Level 1:colcon.colcon_core.package_identification:_identify(src/owl_gazebo) by extensions ['ros']
[1.060s] Level 1:colcon.colcon_core.package_identification:_identify(src/owl_gazebo) by extension 'ros'
[1.061s] DEBUG:colcon.colcon_core.package_identification:Package 'src/owl_gazebo' with type 'ros.ament_python' and name 'owl_gazebo'
[1.062s] Level 1:colcon.colcon_core.package_identification:_identify(src/owl_moveit_config) by extensions ['ignore', 'ignore_ament_install']
[1.062s] Level 1:colcon.colcon_core.package_identification:_identify(src/owl_moveit_config) by extension 'ignore'
[1.062s] Level 1:colcon.colcon_core.package_identification:_identify(src/owl_moveit_config) by extension 'ignore_ament_install'
[1.062s] Level 1:colcon.colcon_core.package_identification:_identify(src/owl_moveit_config) by extensions ['colcon_pkg']
[1.062s] Level 1:colcon.colcon_core.package_identification:_identify(src/owl_moveit_config) by extension 'colcon_pkg'
[1.062s] Level 1:colcon.colcon_core.package_identification:_identify(src/owl_moveit_config) by extensions ['colcon_meta']
[1.062s] Level 1:colcon.colcon_core.package_identification:_identify(src/owl_moveit_config) by extension 'colcon_meta'
[1.062s] Level 1:colcon.colcon_core.package_identification:_identify(src/owl_moveit_config) by extensions ['ros']
[1.062s] Level 1:colcon.colcon_core.package_identification:_identify(src/owl_moveit_config) by extension 'ros'
[1.063s] DEBUG:colcon.colcon_core.package_identification:Package 'src/owl_moveit_config' with type 'ros.ament_cmake' and name 'owl_moveit_config'
[1.063s] Level 1:colcon.colcon_core.package_discovery:discover_packages(recursive) using defaults
[1.063s] Level 1:colcon.colcon_core.package_discovery:discover_packages(ignore) discover
[1.064s] Level 1:colcon.colcon_core.package_discovery:discover_packages(ignore) using defaults
[1.064s] Level 1:colcon.colcon_core.package_discovery:discover_packages(path) discover
[1.064s] Level 1:colcon.colcon_core.package_discovery:discover_packages(path) using defaults
[1.106s] Level 1:colcon.colcon_core.package_discovery:discover_packages(prefix_path) check parameters
[1.106s] Level 1:colcon.colcon_core.package_discovery:discover_packages(prefix_path) discover
[1.118s] DEBUG:colcon.colcon_installed_package_information.package_discovery:Found 4 installed packages in /home/vardan/OWL_Sorting/ros2_ws/install
[1.119s] DEBUG:colcon.colcon_installed_package_information.package_discovery:Found 2 installed packages in /home/vardan/RAKSH-Autonomous-Pesticide-Spraying-Robot/ros2_ws/install
[1.119s] DEBUG:colcon.colcon_installed_package_information.package_discovery:Found 1 installed packages in /home/vardan/Introduction-to-Robotics/Module1/ros2_wk/install
[1.120s] DEBUG:colcon.colcon_installed_package_information.package_discovery:Found 2 installed packages in /home/vardan/Introduction-to-Robotics/Module2/ros2_ws/install
[1.122s] DEBUG:colcon.colcon_installed_package_information.package_discovery:Found 352 installed packages in /opt/ros/humble
[1.124s] Level 1:colcon.colcon_core.package_discovery:discover_packages(prefix_path) using defaults
[1.212s] Level 5:colcon.colcon_core.verb:set package 'owl_description' build argument 'cmake_args' from command line to 'None'
[1.212s] Level 5:colcon.colcon_core.verb:set package 'owl_description' build argument 'cmake_target' from command line to 'None'
[1.212s] Level 5:colcon.colcon_core.verb:set package 'owl_description' build argument 'cmake_target_skip_unavailable' from command line to 'False'
[1.212s] Level 5:colcon.colcon_core.verb:set package 'owl_description' build argument 'cmake_clean_cache' from command line to 'False'
[1.212s] Level 5:colcon.colcon_core.verb:set package 'owl_description' build argument 'cmake_clean_first' from command line to 'False'
[1.212s] Level 5:colcon.colcon_core.verb:set package 'owl_description' build argument 'cmake_force_configure' from command line to 'False'
[1.212s] Level 5:colcon.colcon_core.verb:set package 'owl_description' build argument 'ament_cmake_args' from command line to 'None'
[1.212s] Level 5:colcon.colcon_core.verb:set package 'owl_description' build argument 'catkin_cmake_args' from command line to 'None'
[1.212s] Level 5:colcon.colcon_core.verb:set package 'owl_description' build argument 'catkin_skip_building_tests' from command line to 'False'
[1.212s] DEBUG:colcon.colcon_core.verb:Building package 'owl_description' with the following arguments: {'ament_cmake_args': None, 'build_base': '/home/vardan/OWL_Sorting/ros2_ws/build/owl_description', 'catkin_cmake_args': None, 'catkin_skip_building_tests': False, 'cmake_args': None, 'cmake_clean_cache': False, 'cmake_clean_first': False, 'cmake_force_configure': False, 'cmake_target': None, 'cmake_target_skip_unavailable': False, 'install_base': '/home/vardan/OWL_Sorting/ros2_ws/install/owl_description', 'merge_install': False, 'path': '/home/vardan/OWL_Sorting/ros2_ws/src/owl_description', 'symlink_install': True, 'test_result_base': None}
[1.212s] Level 5:colcon.colcon_core.verb:set package 'owl_cv' build argument 'cmake_args' from command line to 'None'
[1.213s] Level 5:colcon.colcon_core.verb:set package 'owl_cv' build argument 'cmake_target' from command line to 'None'
[1.213s] Level 5:colcon.colcon_core.verb:set package 'owl_cv' build argument 'cmake_target_skip_unavailable' from command line to 'False'
[1.213s] Level 5:colcon.colcon_core.verb:set package 'owl_cv' build argument 'cmake_clean_cache' from command line to 'False'
[1.213s] Level 5:colcon.colcon_core.verb:set package 'owl_cv' build argument 'cmake_clean_first' from command line to 'False'
[1.213s] Level 5:colcon.colcon_core.verb:set package 'owl_cv' build argument 'cmake_force_configure' from command line to 'False'
[1.213s] Level 5:colcon.colcon_core.verb:set package 'owl_cv' build argument 'ament_cmake_args' from command line to 'None'
[1.213s] Level 5:colcon.colcon_core.verb:set package 'owl_cv' build argument 'catkin_cmake_args' from command line to 'None'
[1.213s] Level 5:colcon.colcon_core.verb:set package 'owl_cv' build argument 'catkin_skip_building_tests' from command line to 'False'
[1.213s] DEBUG:colcon.colcon_core.verb:Building package 'owl_cv' with the following arguments: {'ament_cmake_args': None, 'build_base': '/home/vardan/OWL_Sorting/ros2_ws/build/owl_cv', 'catkin_cmake_args': None, 'catkin_skip_building_tests': False, 'cmake_args': None, 'cmake_clean_cache': False, 'cmake_clean_first': False, 'cmake_force_configure': False, 'cmake_target': None, 'cmake_target_skip_unavailable': False, 'install_base': '/home/vardan/OWL_Sorting/ros2_ws/install/owl_cv', 'merge_install': False, 'path': '/home/vardan/OWL_Sorting/ros2_ws/src/owl_cv', 'symlink_install': True, 'test_result_base': None}
[1.213s] Level 5:colcon.colcon_core.verb:set package 'owl_moveit_config' build argument 'cmake_args' from command line to 'None'
[1.213s] Level 5:colcon.colcon_core.verb:set package 'owl_moveit_config' build argument 'cmake_target' from command line to 'None'
[1.213s] Level 5:colcon.colcon_core.verb:set package 'owl_moveit_config' build argument 'cmake_target_skip_unavailable' from command line to 'False'
[1.213s] Level 5:colcon.colcon_core.verb:set package 'owl_moveit_config' build argument 'cmake_clean_cache' from command line to 'False'
[1.213s] Level 5:colcon.colcon_core.verb:set package 'owl_moveit_config' build argument 'cmake_clean_first' from command line to 'False'
[1.214s] Level 5:colcon.colcon_core.verb:set package 'owl_moveit_config' build argument 'cmake_force_configure' from command line to 'False'
[1.214s] Level 5:colcon.colcon_core.verb:set package 'owl_moveit_config' build argument 'ament_cmake_args' from command line to 'None'
[1.214s] Level 5:colcon.colcon_core.verb:set package 'owl_moveit_config' build argument 'catkin_cmake_args' from command line to 'None'
[1.214s] Level 5:colcon.colcon_core.verb:set package 'owl_moveit_config' build argument 'catkin_skip_building_tests' from command line to 'False'
[1.214s] DEBUG:colcon.colcon_core.verb:Building package 'owl_moveit_config' with the following arguments: {'ament_cmake_args': None, 'build_base': '/home/vardan/OWL_Sorting/ros2_ws/build/owl_moveit_config', 'catkin_cmake_args': None, 'catkin_skip_building_tests': False, 'cmake_args': None, 'cmake_clean_cache': False, 'cmake_clean_first': False, 'cmake_force_configure': False, 'cmake_target': None, 'cmake_target_skip_unavailable': False, 'install_base': '/home/vardan/OWL_Sorting/ros2_ws/install/owl_moveit_config', 'merge_install': False, 'path': '/home/vardan/OWL_Sorting/ros2_ws/src/owl_moveit_config', 'symlink_install': True, 'test_result_base': None}
[1.214s] Level 5:colcon.colcon_core.verb:set package 'owl_gazebo' build argument 'cmake_args' from command line to 'None'
[1.214s] Level 5:colcon.colcon_core.verb:set package 'owl_gazebo' build argument 'cmake_target' from command line to 'None'
[1.214s] Level 5:colcon.colcon_core.verb:set package 'owl_gazebo' build argument 'cmake_target_skip_unavailable' from command line to 'False'
[1.214s] Level 5:colcon.colcon_core.verb:set package 'owl_gazebo' build argument 'cmake_clean_cache' from command line to 'False'
[1.214s] Level 5:colcon.colcon_core.verb:set package 'owl_gazebo' build argument 'cmake_clean_first' from command line to 'False'
[1.214s] Level 5:colcon.colcon_core.verb:set package 'owl_gazebo' build argument 'cmake_force_configure' from command line to 'False'
[1.214s] Level 5:colcon.colcon_core.verb:set package 'owl_gazebo' build argument 'ament_cmake_args' from command line to 'None'
[1.214s] Level 5:colcon.colcon_core.verb:set package 'owl_gazebo' build argument 'catkin_cmake_args' from command line to 'None'
[1.214s] Level 5:colcon.colcon_core.verb:set package 'owl_gazebo' build argument 'catkin_skip_building_tests' from command line to 'False'
[1.214s] DEBUG:colcon.colcon_core.verb:Building package 'owl_gazebo' with the following arguments: {'ament_cmake_args': None, 'build_base': '/home/vardan/OWL_Sorting/ros2_ws/build/owl_gazebo', 'catkin_cmake_args': None, 'catkin_skip_building_tests': False, 'cmake_args': None, 'cmake_clean_cache': False, 'cmake_clean_first': False, 'cmake_force_configure': False, 'cmake_target': None, 'cmake_target_skip_unavailable': False, 'install_base': '/home/vardan/OWL_Sorting/ros2_ws/install/owl_gazebo', 'merge_install': False, 'path': '/home/vardan/OWL_Sorting/ros2_ws/src/owl_gazebo', 'symlink_install': True, 'test_result_base': None}
[1.215s] INFO:colcon.colcon_core.executor:Executing jobs using 'parallel' executor
[1.216s] DEBUG:colcon.colcon_parallel_executor.executor.parallel:run_until_complete
[1.217s] INFO:colcon.colcon_ros.task.ament_python.build:Building ROS package in '/home/vardan/OWL_Sorting/ros2_ws/src/owl_description' with build type 'ament_python'
[1.218s] Level 1:colcon.colcon_core.shell:create_environment_hook('owl_description', 'ament_prefix_path')
[1.240s] INFO:colcon.colcon_core.plugin_system:Skipping extension 'colcon_core.shell.bat': Not used on non-Windows systems
[1.241s] INFO:colcon.colcon_core.shell:Creating environment hook '/home/vardan/OWL_Sorting/ros2_ws/install/owl_description/share/owl_description/hook/ament_prefix_path.ps1'
[1.243s] INFO:colcon.colcon_core.shell:Creating environment descriptor '/home/vardan/OWL_Sorting/ros2_ws/install/owl_description/share/owl_description/hook/ament_prefix_path.dsv'
[1.244s] INFO:colcon.colcon_core.shell:Creating environment hook '/home/vardan/OWL_Sorting/ros2_ws/install/owl_description/share/owl_description/hook/ament_prefix_path.sh'
[1.249s] INFO:colcon.colcon_core.shell:Skip shell extension 'powershell' for command environment: Not usable outside of PowerShell
[1.249s] DEBUG:colcon.colcon_core.shell:Skip shell extension 'dsv' for command environment
[1.759s] INFO:colcon.colcon_core.task.python.build:Building Python package in '/home/vardan/OWL_Sorting/ros2_ws/src/owl_description'
[1.760s] INFO:colcon.colcon_core.shell:Skip shell extension 'powershell' for command environment: Not usable outside of PowerShell
[1.760s] DEBUG:colcon.colcon_core.shell:Skip shell extension 'dsv' for command environment
[2.746s] DEBUG:colcon.colcon_core.event_handler.log_command:Invoking command in '/home/vardan/OWL_Sorting/ros2_ws/build/owl_description': PYTHONPATH=/home/vardan/OWL_Sorting/ros2_ws/build/owl_description/prefix_override:/usr/lib/python3/dist-packages/colcon_core/task/python/colcon_distutils_commands:/home/vardan/OWL_Sorting/ros2_ws/install/owl_description/lib/python3.10/site-packages:${PYTHONPATH} /usr/bin/python3 -W ignore:setup.py install is deprecated setup.py develop --editable --build-directory /home/vardan/OWL_Sorting/ros2_ws/build/owl_description/build --no-deps symlink_data
[3.615s] Level 1:colcon.colcon_core.shell:create_environment_hook('owl_description', 'pythonpath_develop')
[3.616s] INFO:colcon.colcon_core.shell:Creating environment hook '/home/vardan/OWL_Sorting/ros2_ws/build/owl_description/share/owl_description/hook/pythonpath_develop.ps1'
[3.617s] DEBUG:colcon.colcon_core.event_handler.log_command:Invoked command in '/home/vardan/OWL_Sorting/ros2_ws/build/owl_description' returned '0': PYTHONPATH=/home/vardan/OWL_Sorting/ros2_ws/build/owl_description/prefix_override:/usr/lib/python3/dist-packages/colcon_core/task/python/colcon_distutils_commands:/home/vardan/OWL_Sorting/ros2_ws/install/owl_description/lib/python3.10/site-packages:${PYTHONPATH} /usr/bin/python3 -W ignore:setup.py install is deprecated setup.py develop --editable --build-directory /home/vardan/OWL_Sorting/ros2_ws/build/owl_description/build --no-deps symlink_data
[3.618s] INFO:colcon.colcon_core.shell:Creating environment descriptor '/home/vardan/OWL_Sorting/ros2_ws/build/owl_description/share/owl_description/hook/pythonpath_develop.dsv'
[3.619s] INFO:colcon.colcon_core.shell:Creating environment hook '/home/vardan/OWL_Sorting/ros2_ws/build/owl_description/share/owl_description/hook/pythonpath_develop.sh'
[3.632s] Level 1:colcon.colcon_core.environment:checking '/home/vardan/OWL_Sorting/ros2_ws/install/owl_description' for CMake module files
[3.633s] Level 1:colcon.colcon_core.environment:checking '/home/vardan/OWL_Sorting/ros2_ws/install/owl_description' for CMake config files
[3.635s] Level 1:colcon.colcon_core.environment:checking '/home/vardan/OWL_Sorting/ros2_ws/install/owl_description/lib'
[3.635s] Level 1:colcon.colcon_core.environment:checking '/home/vardan/OWL_Sorting/ros2_ws/install/owl_description/bin'
[3.635s] Level 1:colcon.colcon_core.environment:checking '/home/vardan/OWL_Sorting/ros2_ws/install/owl_description/lib/pkgconfig/owl_description.pc'
[3.636s] Level 1:colcon.colcon_core.environment:checking '/home/vardan/OWL_Sorting/ros2_ws/install/owl_description/lib/python3.10/site-packages'
[3.636s] Level 1:colcon.colcon_core.shell:create_environment_hook('owl_description', 'pythonpath')
[3.636s] INFO:colcon.colcon_core.shell:Creating environment hook '/home/vardan/OWL_Sorting/ros2_ws/install/owl_description/share/owl_description/hook/pythonpath.ps1'
[3.638s] INFO:colcon.colcon_core.shell:Creating environment descriptor '/home/vardan/OWL_Sorting/ros2_ws/install/owl_description/share/owl_description/hook/pythonpath.dsv'
[3.639s] INFO:colcon.colcon_core.shell:Creating environment hook '/home/vardan/OWL_Sorting/ros2_ws/install/owl_description/share/owl_description/hook/pythonpath.sh'
[3.640s] Level 1:colcon.colcon_core.environment:checking '/home/vardan/OWL_Sorting/ros2_ws/install/owl_description/bin'
[3.641s] Level 1:colcon.colcon_core.environment:create_environment_scripts_only(owl_description)
[3.643s] INFO:colcon.colcon_core.shell:Creating package script '/home/vardan/OWL_Sorting/ros2_ws/install/owl_description/share/owl_description/package.ps1'
[3.646s] INFO:colcon.colcon_core.shell:Creating package descriptor '/home/vardan/OWL_Sorting/ros2_ws/install/owl_description/share/owl_description/package.dsv'
[3.650s] INFO:colcon.colcon_core.shell:Creating package script '/home/vardan/OWL_Sorting/ros2_ws/install/owl_description/share/owl_description/package.sh'
[3.653s] INFO:colcon.colcon_core.shell:Creating package script '/home/vardan/OWL_Sorting/ros2_ws/install/owl_description/share/owl_description/package.bash'
[3.656s] INFO:colcon.colcon_core.shell:Creating package script '/home/vardan/OWL_Sorting/ros2_ws/install/owl_description/share/owl_description/package.zsh'
[3.658s] Level 1:colcon.colcon_core.environment:create_file_with_runtime_dependencies(/home/vardan/OWL_Sorting/ros2_ws/install/owl_description/share/colcon-core/packages/owl_description)
[3.660s] INFO:colcon.colcon_ros.task.ament_python.build:Building ROS package in '/home/vardan/OWL_Sorting/ros2_ws/src/owl_cv' with build type 'ament_python'
[3.660s] Level 1:colcon.colcon_core.shell:create_environment_hook('owl_cv', 'ament_prefix_path')
[3.660s] INFO:colcon.colcon_core.shell:Creating environment hook '/home/vardan/OWL_Sorting/ros2_ws/install/owl_cv/share/owl_cv/hook/ament_prefix_path.ps1'
[3.662s] INFO:colcon.colcon_core.shell:Creating environment descriptor '/home/vardan/OWL_Sorting/ros2_ws/install/owl_cv/share/owl_cv/hook/ament_prefix_path.dsv'
[3.663s] INFO:colcon.colcon_core.shell:Creating environment hook '/home/vardan/OWL_Sorting/ros2_ws/install/owl_cv/share/owl_cv/hook/ament_prefix_path.sh'
[3.665s] INFO:colcon.colcon_core.shell:Skip shell extension 'powershell' for command environment: Not usable outside of PowerShell
[3.665s] DEBUG:colcon.colcon_core.shell:Skip shell extension 'dsv' for command environment
[3.677s] INFO:colcon.colcon_ros.task.ament_cmake.build:Building ROS package in '/home/vardan/OWL_Sorting/ros2_ws/src/owl_moveit_config' with build type 'ament_cmake'
[3.678s] INFO:colcon.colcon_cmake.task.cmake.build:Building CMake package in '/home/vardan/OWL_Sorting/ros2_ws/src/owl_moveit_config'
[3.679s] INFO:colcon.colcon_core.shell:Skip shell extension 'powershell' for command environment: Not usable outside of PowerShell
[3.679s] DEBUG:colcon.colcon_core.shell:Skip shell extension 'dsv' for command environment
[4.281s] INFO:colcon.colcon_core.task.python.build:Building Python package in '/home/vardan/OWL_Sorting/ros2_ws/src/owl_cv'
[4.282s] INFO:colcon.colcon_core.shell:Skip shell extension 'powershell' for command environment: Not usable outside of PowerShell
[4.282s] DEBUG:colcon.colcon_core.shell:Skip shell extension 'dsv' for command environment
[4.304s] DEBUG:colcon.colcon_core.event_handler.log_command:Invoking command in '/home/vardan/OWL_Sorting/ros2_ws/build/owl_moveit_config': AMENT_PREFIX_PATH=/home/vardan/OWL_Sorting/ros2_ws/install/owl_description:/home/vardan/OWL_Sorting/ros2_ws/install/owl_moveit_config:/home/vardan/OWL_Sorting/ros2_ws/install/owl_gazebo:/home/vardan/OWL_Sorting/ros2_ws/install/owl_cv:/home/vardan/Introduction-to-Robotics/Module2/ros2_ws/install/moveit_pkgs:/home/vardan/Introduction-to-Robotics/Module2/ros2_ws/install/owl_robot:/home/vardan/RAKSH-Autonomous-Pesticide-Spraying-Robot/ros2_ws/install/raksh_description:/home/vardan/RAKSH-Autonomous-Pesticide-Spraying-Robot/ros2_ws/install/disease_detection:/home/vardan/Introduction-to-Robotics/Module1/ros2_wk/install/manipulator_simulation:/opt/ros/humble CMAKE_PREFIX_PATH=${CMAKE_PREFIX_PATH}:/home/vardan/OWL_Sorting/ros2_ws/install/owl_gazebo:/home/vardan/OWL_Sorting/ros2_ws/install/owl_cv:/home/vardan/OWL_Sorting/ros2_ws/install/owl_description:/home/vardan/Introduction-to-Robotics/Module2/ros2_ws/install/owl_robot:/home/vardan/RAKSH-Autonomous-Pesticide-Spraying-Robot/ros2_ws/install/raksh_description:/home/vardan/RAKSH-Autonomous-Pesticide-Spraying-Robot/ros2_ws/install/disease_detection:/home/vardan/Introduction-to-Robotics/Module1/ros2_wk/install/manipulator_simulation:/opt/ros/humble PYTHONPATH=/home/vardan/OWL_Sorting/ros2_ws/build/owl_description:/home/vardan/OWL_Sorting/ros2_ws/install/owl_description/lib/python3.10/site-packages:/home/vardan/OWL_Sorting/ros2_ws/build/owl_gazebo:/home/vardan/OWL_Sorting/ros2_ws/install/owl_gazebo/lib/python3.10/site-packages:/home/vardan/OWL_Sorting/ros2_ws/build/owl_cv:/home/vardan/OWL_Sorting/ros2_ws/install/owl_cv/lib/python3.10/site-packages:/home/vardan/Introduction-to-Robotics/Module2/ros2_ws/build/owl_robot:/home/vardan/Introduction-to-Robotics/Module2/ros2_ws/install/owl_robot/lib/python3.10/site-packages:/home/vardan/RAKSH-Autonomous-Pesticide-Spraying-Robot/ros2_ws/build/raksh_description:/home/vardan/RAKSH-Autonomous-Pesticide-Spraying-Robot/ros2_ws/install/raksh_description/lib/python3.10/site-packages:/home/vardan/RAKSH-Autonomous-Pesticide-Spraying-Robot/ros2_ws/build/disease_detection:/home/vardan/RAKSH-Autonomous-Pesticide-Spraying-Robot/ros2_ws/install/disease_detection/lib/python3.10/site-packages:/home/vardan/Introduction-to-Robotics/Assignment1/ros2_wk/build/manipulator_simulation:/home/vardan/Introduction-to-Robotics/Module1/ros2_wk/install/manipulator_simulation/lib/python3.10/site-packages:/opt/ros/humble/lib/python3.10/site-packages:/opt/ros/humble/local/lib/python3.10/dist-packages /usr/bin/cmake --build /home/vardan/OWL_Sorting/ros2_ws/build/owl_moveit_config -- -j4 -l4
[4.469s] DEBUG:colcon.colcon_core.event_handler.log_command:Invoked command in '/home/vardan/OWL_Sorting/ros2_ws/build/owl_moveit_config' returned '0': AMENT_PREFIX_PATH=/home/vardan/OWL_Sorting/ros2_ws/install/owl_description:/home/vardan/OWL_Sorting/ros2_ws/install/owl_moveit_config:/home/vardan/OWL_Sorting/ros2_ws/install/owl_gazebo:/home/vardan/OWL_Sorting/ros2_ws/install/owl_cv:/home/vardan/Introduction-to-Robotics/Module2/ros2_ws/install/moveit_pkgs:/home/vardan/Introduction-to-Robotics/Module2/ros2_ws/install/owl_robot:/home/vardan/RAKSH-Autonomous-Pesticide-Spraying-Robot/ros2_ws/install/raksh_description:/home/vardan/RAKSH-Autonomous-Pesticide-Spraying-Robot/ros2_ws/install/disease_detection:/home/vardan/Introduction-to-Robotics/Module1/ros2_wk/install/manipulator_simulation:/opt/ros/humble CMAKE_PREFIX_PATH=${CMAKE_PREFIX_PATH}:/home/vardan/OWL_Sorting/ros2_ws/install/owl_gazebo:/home/vardan/OWL_Sorting/ros2_ws/install/owl_cv:/home/vardan/OWL_Sorting/ros2_ws/install/owl_description:/home/vardan/Introduction-to-Robotics/Module2/ros2_ws/install/owl_robot:/home/vardan/RAKSH-Autonomous-Pesticide-Spraying-Robot/ros2_ws/install/raksh_description:/home/vardan/RAKSH-Autonomous-Pesticide-Spraying-Robot/ros2_ws/install/disease_detection:/home/vardan/Introduction-to-Robotics/Module1/ros2_wk/install/manipulator_simulation:/opt/ros/humble PYTHONPATH=/home/vardan/OWL_Sorting/ros2_ws/build/owl_description:/home/vardan/OWL_Sorting/ros2_ws/install/owl_description/lib/python3.10/site-packages:/home/vardan/OWL_Sorting/ros2_ws/build/owl_gazebo:/home/vardan/OWL_Sorting/ros2_ws/install/owl_gazebo/lib/python3.10/site-packages:/home/vardan/OWL_Sorting/ros2_ws/build/owl_cv:/home/vardan/OWL_Sorting/ros2_ws/install/owl_cv/lib/python3.10/site-packages:/home/vardan/Introduction-to-Robotics/Module2/ros2_ws/build/owl_robot:/home/vardan/Introduction-to-Robotics/Module2/ros2_ws/install/owl_robot/lib/python3.10/site-packages:/home/vardan/RAKSH-Autonomous-Pesticide-Spraying-Robot/ros2_ws/build/raksh_description:/home/vardan/RAKSH-Autonomous-Pesticide-Spraying-Robot/ros2_ws/install/raksh_description/lib/python3.10/site-packages:/home/vardan/RAKSH-Autonomous-Pesticide-Spraying-Robot/ros2_ws/build/disease_detection:/home/vardan/RAKSH-Autonomous-Pesticide-Spraying-Robot/ros2_ws/install/disease_detection/lib/python3.10/site-packages:/home/vardan/Introduction-to-Robotics/Assignment1/ros2_wk/build/manipulator_simulation:/home/vardan/Introduction-to-Robotics/Module1/ros2_wk/install/manipulator_simulation/lib/python3.10/site-packages:/opt/ros/humble/lib/python3.10/site-packages:/opt/ros/humble/local/lib/python3.10/dist-packages /usr/bin/cmake --build /home/vardan/OWL_Sorting/ros2_ws/build/owl_moveit_config -- -j4 -l4
[4.527s] DEBUG:colcon.colcon_core.event_handler.log_command:Invoking command in '/home/vardan/OWL_Sorting/ros2_ws/build/owl_moveit_config': AMENT_PREFIX_PATH=/home/vardan/OWL_Sorting/ros2_ws/install/owl_description:/home/vardan/OWL_Sorting/ros2_ws/install/owl_moveit_config:/home/vardan/OWL_Sorting/ros2_ws/install/owl_gazebo:/home/vardan/OWL_Sorting/ros2_ws/install/owl_cv:/home/vardan/Introduction-to-Robotics/Module2/ros2_ws/install/moveit_pkgs:/home/vardan/Introduction-to-Robotics/Module2/ros2_ws/install/owl_robot:/home/vardan/RAKSH-Autonomous-Pesticide-Spraying-Robot/ros2_ws/install/raksh_description:/home/vardan/RAKSH-Autonomous-Pesticide-Spraying-Robot/ros2_ws/install/disease_detection:/home/vardan/Introduction-to-Robotics/Module1/ros2_wk/install/manipulator_simulation:/opt/ros/humble CMAKE_PREFIX_PATH=${CMAKE_PREFIX_PATH}:/home/vardan/OWL_Sorting/ros2_ws/install/owl_gazebo:/home/vardan/OWL_Sorting/ros2_ws/install/owl_cv:/home/vardan/OWL_Sorting/ros2_ws/install/owl_description:/home/vardan/Introduction-to-Robotics/Module2/ros2_ws/install/owl_robot:/home/vardan/RAKSH-Autonomous-Pesticide-Spraying-Robot/ros2_ws/install/raksh_description:/home/vardan/RAKSH-Autonomous-Pesticide-Spraying-Robot/ros2_ws/install/disease_detection:/home/vardan/Introduction-to-Robotics/Module1/ros2_wk/install/manipulator_simulation:/opt/ros/humble PYTHONPATH=/home/vardan/OWL_Sorting/ros2_ws/build/owl_description:/home/vardan/OWL_Sorting/ros2_ws/install/owl_description/lib/python3.10/site-packages:/home/vardan/OWL_Sorting/ros2_ws/build/owl_gazebo:/home/vardan/OWL_Sorting/ros2_ws/install/owl_gazebo/lib/python3.10/site-packages:/home/vardan/OWL_Sorting/ros2_ws/build/owl_cv:/home/vardan/OWL_Sorting/ros2_ws/install/owl_cv/lib/python3.10/site-packages:/home/vardan/Introduction-to-Robotics/Module2/ros2_ws/build/owl_robot:/home/vardan/Introduction-to-Robotics/Module2/ros2_ws/install/owl_robot/lib/python3.10/site-packages:/home/vardan/RAKSH-Autonomous-Pesticide-Spraying-Robot/ros2_ws/build/raksh_description:/home/vardan/RAKSH-Autonomous-Pesticide-Spraying-Robot/ros2_ws/install/raksh_description/lib/python3.10/site-packages:/home/vardan/RAKSH-Autonomous-Pesticide-Spraying-Robot/ros2_ws/build/disease_detection:/home/vardan/RAKSH-Autonomous-Pesticide-Spraying-Robot/ros2_ws/install/disease_detection/lib/python3.10/site-packages:/home/vardan/Introduction-to-Robotics/Assignment1/ros2_wk/build/manipulator_simulation:/home/vardan/Introduction-to-Robotics/Module1/ros2_wk/install/manipulator_simulation/lib/python3.10/site-packages:/opt/ros/humble/lib/python3.10/site-packages:/opt/ros/humble/local/lib/python3.10/dist-packages /usr/bin/cmake --install /home/vardan/OWL_Sorting/ros2_ws/build/owl_moveit_config
[4.602s] Level 1:colcon.colcon_core.environment:create_environment_scripts_only(owl_moveit_config)
[4.603s] Level 1:colcon.colcon_core.environment:checking '/home/vardan/OWL_Sorting/ros2_ws/install/owl_moveit_config' for CMake module files
[4.604s] DEBUG:colcon.colcon_core.event_handler.log_command:Invoked command in '/home/vardan/OWL_Sorting/ros2_ws/build/owl_moveit_config' returned '0': AMENT_PREFIX_PATH=/home/vardan/OWL_Sorting/ros2_ws/install/owl_description:/home/vardan/OWL_Sorting/ros2_ws/install/owl_moveit_config:/home/vardan/OWL_Sorting/ros2_ws/install/owl_gazebo:/home/vardan/OWL_Sorting/ros2_ws/install/owl_cv:/home/vardan/Introduction-to-Robotics/Module2/ros2_ws/install/moveit_pkgs:/home/vardan/Introduction-to-Robotics/Module2/ros2_ws/install/owl_robot:/home/vardan/RAKSH-Autonomous-Pesticide-Spraying-Robot/ros2_ws/install/raksh_description:/home/vardan/RAKSH-Autonomous-Pesticide-Spraying-Robot/ros2_ws/install/disease_detection:/home/vardan/Introduction-to-Robotics/Module1/ros2_wk/install/manipulator_simulation:/opt/ros/humble CMAKE_PREFIX_PATH=${CMAKE_PREFIX_PATH}:/home/vardan/OWL_Sorting/ros2_ws/install/owl_gazebo:/home/vardan/OWL_Sorting/ros2_ws/install/owl_cv:/home/vardan/OWL_Sorting/ros2_ws/install/owl_description:/home/vardan/Introduction-to-Robotics/Module2/ros2_ws/install/owl_robot:/home/vardan/RAKSH-Autonomous-Pesticide-Spraying-Robot/ros2_ws/install/raksh_description:/home/vardan/RAKSH-Autonomous-Pesticide-Spraying-Robot/ros2_ws/install/disease_detection:/home/vardan/Introduction-to-Robotics/Module1/ros2_wk/install/manipulator_simulation:/opt/ros/humble PYTHONPATH=/home/vardan/OWL_Sorting/ros2_ws/build/owl_description:/home/vardan/OWL_Sorting/ros2_ws/install/owl_description/lib/python3.10/site-packages:/home/vardan/OWL_Sorting/ros2_ws/build/owl_gazebo:/home/vardan/OWL_Sorting/ros2_ws/install/owl_gazebo/lib/python3.10/site-packages:/home/vardan/OWL_Sorting/ros2_ws/build/owl_cv:/home/vardan/OWL_Sorting/ros2_ws/install/owl_cv/lib/python3.10/site-packages:/home/vardan/Introduction-to-Robotics/Module2/ros2_ws/build/owl_robot:/home/vardan/Introduction-to-Robotics/Module2/ros2_ws/install/owl_robot/lib/python3.10/site-packages:/home/vardan/RAKSH-Autonomous-Pesticide-Spraying-Robot/ros2_ws/build/raksh_description:/home/vardan/RAKSH-Autonomous-Pesticide-Spraying-Robot/ros2_ws/install/raksh_description/lib/python3.10/site-packages:/home/vardan/RAKSH-Autonomous-Pesticide-Spraying-Robot/ros2_ws/build/disease_detection:/home/vardan/RAKSH-Autonomous-Pesticide-Spraying-Robot/ros2_ws/install/disease_detection/lib/python3.10/site-packages:/home/vardan/Introduction-to-Robotics/Assignment1/ros2_wk/build/manipulator_simulation:/home/vardan/Introduction-to-Robotics/Module1/ros2_wk/install/manipulator_simulation/lib/python3.10/site-packages:/opt/ros/humble/lib/python3.10/site-packages:/opt/ros/humble/local/lib/python3.10/dist-packages /usr/bin/cmake --install /home/vardan/OWL_Sorting/ros2_ws/build/owl_moveit_config
[4.605s] Level 1:colcon.colcon_core.environment:checking '/home/vardan/OWL_Sorting/ros2_ws/install/owl_moveit_config' for CMake config files
[4.606s] Level 1:colcon.colcon_core.shell:create_environment_hook('owl_moveit_config', 'cmake_prefix_path')
[4.607s] INFO:colcon.colcon_core.shell:Creating environment hook '/home/vardan/OWL_Sorting/ros2_ws/install/owl_moveit_config/share/owl_moveit_config/hook/cmake_prefix_path.ps1'
[4.608s] INFO:colcon.colcon_core.shell:Creating environment descriptor '/home/vardan/OWL_Sorting/ros2_ws/install/owl_moveit_config/share/owl_moveit_config/hook/cmake_prefix_path.dsv'
[4.609s] INFO:colcon.colcon_core.shell:Creating environment hook '/home/vardan/OWL_Sorting/ros2_ws/install/owl_moveit_config/share/owl_moveit_config/hook/cmake_prefix_path.sh'
[4.610s] Level 1:colcon.colcon_core.environment:checking '/home/vardan/OWL_Sorting/ros2_ws/install/owl_moveit_config/bin'
[4.611s] Level 1:colcon.colcon_core.environment:checking '/home/vardan/OWL_Sorting/ros2_ws/install/owl_moveit_config/lib/pkgconfig/owl_moveit_config.pc'
[4.611s] Level 1:colcon.colcon_core.environment:checking '/home/vardan/OWL_Sorting/ros2_ws/install/owl_moveit_config/lib/python3.10/site-packages'
[4.612s] Level 1:colcon.colcon_core.environment:checking '/home/vardan/OWL_Sorting/ros2_ws/install/owl_moveit_config/bin'
[4.613s] INFO:colcon.colcon_core.shell:Creating package script '/home/vardan/OWL_Sorting/ros2_ws/install/owl_moveit_config/share/owl_moveit_config/package.ps1'
[4.614s] INFO:colcon.colcon_core.shell:Creating package descriptor '/home/vardan/OWL_Sorting/ros2_ws/install/owl_moveit_config/share/owl_moveit_config/package.dsv'
[4.615s] INFO:colcon.colcon_core.shell:Creating package script '/home/vardan/OWL_Sorting/ros2_ws/install/owl_moveit_config/share/owl_moveit_config/package.sh'
[4.616s] INFO:colcon.colcon_core.shell:Creating package script '/home/vardan/OWL_Sorting/ros2_ws/install/owl_moveit_config/share/owl_moveit_config/package.bash'
[4.617s] INFO:colcon.colcon_core.shell:Creating package script '/home/vardan/OWL_Sorting/ros2_ws/install/owl_moveit_config/share/owl_moveit_config/package.zsh'
[4.619s] Level 1:colcon.colcon_core.environment:create_file_with_runtime_dependencies(/home/vardan/OWL_Sorting/ros2_ws/install/owl_moveit_config/share/colcon-core/packages/owl_moveit_config)
[4.669s] Level 1:colcon.colcon_core.environment:create_environment_scripts_only(owl_moveit_config)
[4.670s] Level 1:colcon.colcon_core.environment:checking '/home/vardan/OWL_Sorting/ros2_ws/install/owl_moveit_config' for CMake module files
[4.671s] Level 1:colcon.colcon_core.environment:checking '/home/vardan/OWL_Sorting/ros2_ws/install/owl_moveit_config' for CMake config files
[4.672s] Level 1:colcon.colcon_core.shell:create_environment_hook('owl_moveit_config', 'cmake_prefix_path')
[4.672s] INFO:colcon.colcon_core.shell:Creating environment hook '/home/vardan/OWL_Sorting/ros2_ws/install/owl_moveit_config/share/owl_moveit_config/hook/cmake_prefix_path.ps1'
[4.673s] INFO:colcon.colcon_core.shell:Creating environment descriptor '/home/vardan/OWL_Sorting/ros2_ws/install/owl_moveit_config/share/owl_moveit_config/hook/cmake_prefix_path.dsv'
[4.673s] INFO:colcon.colcon_core.shell:Creating environment hook '/home/vardan/OWL_Sorting/ros2_ws/install/owl_moveit_config/share/owl_moveit_config/hook/cmake_prefix_path.sh'
[4.675s] Level 1:colcon.colcon_core.environment:checking '/home/vardan/OWL_Sorting/ros2_ws/install/owl_moveit_config/bin'
[4.675s] Level 1:colcon.colcon_core.environment:checking '/home/vardan/OWL_Sorting/ros2_ws/install/owl_moveit_config/lib/pkgconfig/owl_moveit_config.pc'
[4.675s] Level 1:colcon.colcon_core.environment:checking '/home/vardan/OWL_Sorting/ros2_ws/install/owl_moveit_config/lib/python3.10/site-packages'
[4.676s] Level 1:colcon.colcon_core.environment:checking '/home/vardan/OWL_Sorting/ros2_ws/install/owl_moveit_config/bin'
[4.676s] INFO:colcon.colcon_core.shell:Creating package script '/home/vardan/OWL_Sorting/ros2_ws/install/owl_moveit_config/share/owl_moveit_config/package.ps1'
[4.680s] INFO:colcon.colcon_core.shell:Creating package descriptor '/home/vardan/OWL_Sorting/ros2_ws/install/owl_moveit_config/share/owl_moveit_config/package.dsv'
[4.681s] INFO:colcon.colcon_core.shell:Creating package script '/home/vardan/OWL_Sorting/ros2_ws/install/owl_moveit_config/share/owl_moveit_config/package.sh'
[4.682s] INFO:colcon.colcon_core.shell:Creating package script '/home/vardan/OWL_Sorting/ros2_ws/install/owl_moveit_config/share/owl_moveit_config/package.bash'
[4.683s] INFO:colcon.colcon_core.shell:Creating package script '/home/vardan/OWL_Sorting/ros2_ws/install/owl_moveit_config/share/owl_moveit_config/package.zsh'
[4.684s] Level 1:colcon.colcon_core.environment:create_file_with_runtime_dependencies(/home/vardan/OWL_Sorting/ros2_ws/install/owl_moveit_config/share/colcon-core/packages/owl_moveit_config)
[5.435s] DEBUG:colcon.colcon_core.event_handler.log_command:Invoking command in '/home/vardan/OWL_Sorting/ros2_ws/build/owl_cv': AMENT_PREFIX_PATH=/home/vardan/OWL_Sorting/ros2_ws/install/owl_description:/home/vardan/OWL_Sorting/ros2_ws/install/owl_moveit_config:/home/vardan/OWL_Sorting/ros2_ws/install/owl_gazebo:/home/vardan/OWL_Sorting/ros2_ws/install/owl_cv:/home/vardan/Introduction-to-Robotics/Module2/ros2_ws/install/moveit_pkgs:/home/vardan/Introduction-to-Robotics/Module2/ros2_ws/install/owl_robot:/home/vardan/RAKSH-Autonomous-Pesticide-Spraying-Robot/ros2_ws/install/raksh_description:/home/vardan/RAKSH-Autonomous-Pesticide-Spraying-Robot/ros2_ws/install/disease_detection:/home/vardan/Introduction-to-Robotics/Module1/ros2_wk/install/manipulator_simulation:/opt/ros/humble PYTHONPATH=/home/vardan/OWL_Sorting/ros2_ws/build/owl_cv/prefix_override:/usr/lib/python3/dist-packages/colcon_core/task/python/colcon_distutils_commands:/home/vardan/OWL_Sorting/ros2_ws/install/owl_cv/lib/python3.10/site-packages:/home/vardan/OWL_Sorting/ros2_ws/build/owl_description:/home/vardan/OWL_Sorting/ros2_ws/install/owl_description/lib/python3.10/site-packages:/home/vardan/OWL_Sorting/ros2_ws/build/owl_gazebo:/home/vardan/OWL_Sorting/ros2_ws/install/owl_gazebo/lib/python3.10/site-packages:/home/vardan/OWL_Sorting/ros2_ws/build/owl_cv:/home/vardan/OWL_Sorting/ros2_ws/install/owl_cv/lib/python3.10/site-packages:/home/vardan/Introduction-to-Robotics/Module2/ros2_ws/build/owl_robot:/home/vardan/Introduction-to-Robotics/Module2/ros2_ws/install/owl_robot/lib/python3.10/site-packages:/home/vardan/RAKSH-Autonomous-Pesticide-Spraying-Robot/ros2_ws/build/raksh_description:/home/vardan/RAKSH-Autonomous-Pesticide-Spraying-Robot/ros2_ws/install/raksh_description/lib/python3.10/site-packages:/home/vardan/RAKSH-Autonomous-Pesticide-Spraying-Robot/ros2_ws/build/disease_detection:/home/vardan/RAKSH-Autonomous-Pesticide-Spraying-Robot/ros2_ws/install/disease_detection/lib/python3.10/site-packages:/home/vardan/Introduction-to-Robotics/Assignment1/ros2_wk/build/manipulator_simulation:/home/vardan/Introduction-to-Robotics/Module1/ros2_wk/install/manipulator_simulation/lib/python3.10/site-packages:/opt/ros/humble/lib/python3.10/site-packages:/opt/ros/humble/local/lib/python3.10/dist-packages /usr/bin/python3 -W ignore:setup.py install is deprecated setup.py develop --editable --build-directory /home/vardan/OWL_Sorting/ros2_ws/build/owl_cv/build --no-deps symlink_data
[6.279s] Level 1:colcon.colcon_core.shell:create_environment_hook('owl_cv', 'pythonpath_develop')
[6.280s] INFO:colcon.colcon_core.shell:Creating environment hook '/home/vardan/OWL_Sorting/ros2_ws/build/owl_cv/share/owl_cv/hook/pythonpath_develop.ps1'
[6.280s] INFO:colcon.colcon_core.shell:Creating environment descriptor '/home/vardan/OWL_Sorting/ros2_ws/build/owl_cv/share/owl_cv/hook/pythonpath_develop.dsv'
[6.281s] INFO:colcon.colcon_core.shell:Creating environment hook '/home/vardan/OWL_Sorting/ros2_ws/build/owl_cv/share/owl_cv/hook/pythonpath_develop.sh'
[6.283s] Level 1:colcon.colcon_core.environment:checking '/home/vardan/OWL_Sorting/ros2_ws/install/owl_cv' for CMake module files
[6.284s] Level 1:colcon.colcon_core.environment:checking '/home/vardan/OWL_Sorting/ros2_ws/install/owl_cv' for CMake config files
[6.285s] Level 1:colcon.colcon_core.environment:checking '/home/vardan/OWL_Sorting/ros2_ws/install/owl_cv/lib'
[6.286s] Level 1:colcon.colcon_core.environment:checking '/home/vardan/OWL_Sorting/ros2_ws/install/owl_cv/bin'
[6.286s] Level 1:colcon.colcon_core.environment:checking '/home/vardan/OWL_Sorting/ros2_ws/install/owl_cv/lib/pkgconfig/owl_cv.pc'
[6.286s] Level 1:colcon.colcon_core.environment:checking '/home/vardan/OWL_Sorting/ros2_ws/install/owl_cv/lib/python3.10/site-packages'
[6.287s] Level 1:colcon.colcon_core.shell:create_environment_hook('owl_cv', 'pythonpath')
[6.288s] INFO:colcon.colcon_core.shell:Creating environment hook '/home/vardan/OWL_Sorting/ros2_ws/install/owl_cv/share/owl_cv/hook/pythonpath.ps1'
[6.288s] DEBUG:colcon.colcon_core.event_handler.log_command:Invoked command in '/home/vardan/OWL_Sorting/ros2_ws/build/owl_cv' returned '0': AMENT_PREFIX_PATH=/home/vardan/OWL_Sorting/ros2_ws/install/owl_description:/home/vardan/OWL_Sorting/ros2_ws/install/owl_moveit_config:/home/vardan/OWL_Sorting/ros2_ws/install/owl_gazebo:/home/vardan/OWL_Sorting/ros2_ws/install/owl_cv:/home/vardan/Introduction-to-Robotics/Module2/ros2_ws/install/moveit_pkgs:/home/vardan/Introduction-to-Robotics/Module2/ros2_ws/install/owl_robot:/home/vardan/RAKSH-Autonomous-Pesticide-Spraying-Robot/ros2_ws/install/raksh_description:/home/vardan/RAKSH-Autonomous-Pesticide-Spraying-Robot/ros2_ws/install/disease_detection:/home/vardan/Introduction-to-Robotics/Module1/ros2_wk/install/manipulator_simulation:/opt/ros/humble PYTHONPATH=/home/vardan/OWL_Sorting/ros2_ws/build/owl_cv/prefix_override:/usr/lib/python3/dist-packages/colcon_core/task/python/colcon_distutils_commands:/home/vardan/OWL_Sorting/ros2_ws/install/owl_cv/lib/python3.10/site-packages:/home/vardan/OWL_Sorting/ros2_ws/build/owl_description:/home/vardan/OWL_Sorting/ros2_ws/install/owl_description/lib/python3.10/site-packages:/home/vardan/OWL_Sorting/ros2_ws/build/owl_gazebo:/home/vardan/OWL_Sorting/ros2_ws/install/owl_gazebo/lib/python3.10/site-packages:/home/vardan/OWL_Sorting/ros2_ws/build/owl_cv:/home/vardan/OWL_Sorting/ros2_ws/install/owl_cv/lib/python3.10/site-packages:/home/vardan/Introduction-to-Robotics/Module2/ros2_ws/build/owl_robot:/home/vardan/Introduction-to-Robotics/Module2/ros2_ws/install/owl_robot/lib/python3.10/site-packages:/home/vardan/RAKSH-Autonomous-Pesticide-Spraying-Robot/ros2_ws/build/raksh_description:/home/vardan/RAKSH-Autonomous-Pesticide-Spraying-Robot/ros2_ws/install/raksh_description/lib/python3.10/site-packages:/home/vardan/RAKSH-Autonomous-Pesticide-Spraying-Robot/ros2_ws/build/disease_detection:/home/vardan/RAKSH-Autonomous-Pesticide-Spraying-Robot/ros2_ws/install/disease_detection/lib/python3.10/site-packages:/home/vardan/Introduction-to-Robotics/Assignment1/ros2_wk/build/manipulator_simulation:/home/vardan/Introduction-to-Robotics/Module1/ros2_wk/install/manipulator_simulation/lib/python3.10/site-packages:/opt/ros/humble/lib/python3.10/site-packages:/opt/ros/humble/local/lib/python3.10/dist-packages /usr/bin/python3 -W ignore:setup.py install is deprecated setup.py develop --editable --build-directory /home/vardan/OWL_Sorting/ros2_ws/build/owl_cv/build --no-deps symlink_data
[6.289s] INFO:colcon.colcon_core.shell:Creating environment descriptor '/home/vardan/OWL_Sorting/ros2_ws/install/owl_cv/share/owl_cv/hook/pythonpath.dsv'
[6.290s] INFO:colcon.colcon_core.shell:Creating environment hook '/home/vardan/OWL_Sorting/ros2_ws/install/owl_cv/share/owl_cv/hook/pythonpath.sh'
[6.291s] Level 1:colcon.colcon_core.environment:checking '/home/vardan/OWL_Sorting/ros2_ws/install/owl_cv/bin'
[6.291s] Level 1:colcon.colcon_core.environment:create_environment_scripts_only(owl_cv)
[6.291s] INFO:colcon.colcon_core.shell:Creating package script '/home/vardan/OWL_Sorting/ros2_ws/install/owl_cv/share/owl_cv/package.ps1'
[6.292s] INFO:colcon.colcon_core.shell:Creating package descriptor '/home/vardan/OWL_Sorting/ros2_ws/install/owl_cv/share/owl_cv/package.dsv'
[6.293s] INFO:colcon.colcon_core.shell:Creating package script '/home/vardan/OWL_Sorting/ros2_ws/install/owl_cv/share/owl_cv/package.sh'
[6.294s] INFO:colcon.colcon_core.shell:Creating package script '/home/vardan/OWL_Sorting/ros2_ws/install/owl_cv/share/owl_cv/package.bash'
[6.294s] INFO:colcon.colcon_core.shell:Creating package script '/home/vardan/OWL_Sorting/ros2_ws/install/owl_cv/share/owl_cv/package.zsh'
[6.295s] Level 1:colcon.colcon_core.environment:create_file_with_runtime_dependencies(/home/vardan/OWL_Sorting/ros2_ws/install/owl_cv/share/colcon-core/packages/owl_cv)
[6.296s] INFO:colcon.colcon_ros.task.ament_python.build:Building ROS package in '/home/vardan/OWL_Sorting/ros2_ws/src/owl_gazebo' with build type 'ament_python'
[6.296s] Level 1:colcon.colcon_core.shell:create_environment_hook('owl_gazebo', 'ament_prefix_path')
[6.297s] INFO:colcon.colcon_core.shell:Creating environment hook '/home/vardan/OWL_Sorting/ros2_ws/install/owl_gazebo/share/owl_gazebo/hook/ament_prefix_path.ps1'
[6.301s] INFO:colcon.colcon_core.shell:Creating environment descriptor '/home/vardan/OWL_Sorting/ros2_ws/install/owl_gazebo/share/owl_gazebo/hook/ament_prefix_path.dsv'
[6.301s] INFO:colcon.colcon_core.shell:Creating environment hook '/home/vardan/OWL_Sorting/ros2_ws/install/owl_gazebo/share/owl_gazebo/hook/ament_prefix_path.sh'
[6.302s] INFO:colcon.colcon_core.shell:Skip shell extension 'powershell' for command environment: Not usable outside of PowerShell
[6.302s] DEBUG:colcon.colcon_core.shell:Skip shell extension 'dsv' for command environment
[7.023s] INFO:colcon.colcon_core.task.python.build:Building Python package in '/home/vardan/OWL_Sorting/ros2_ws/src/owl_gazebo'
[7.023s] INFO:colcon.colcon_core.shell:Skip shell extension 'powershell' for command environment: Not usable outside of PowerShell
[7.024s] DEBUG:colcon.colcon_core.shell:Skip shell extension 'dsv' for command environment
[7.886s] DEBUG:colcon.colcon_core.event_handler.log_command:Invoking command in '/home/vardan/OWL_Sorting/ros2_ws/build/owl_gazebo': AMENT_PREFIX_PATH=/home/vardan/OWL_Sorting/ros2_ws/install/owl_cv:/home/vardan/OWL_Sorting/ros2_ws/install/owl_description:/home/vardan/OWL_Sorting/ros2_ws/install/owl_moveit_config:/home/vardan/OWL_Sorting/ros2_ws/install/owl_gazebo:/home/vardan/Introduction-to-Robotics/Module2/ros2_ws/install/moveit_pkgs:/home/vardan/Introduction-to-Robotics/Module2/ros2_ws/install/owl_robot:/home/vardan/RAKSH-Autonomous-Pesticide-Spraying-Robot/ros2_ws/install/raksh_description:/home/vardan/RAKSH-Autonomous-Pesticide-Spraying-Robot/ros2_ws/install/disease_detection:/home/vardan/Introduction-to-Robotics/Module1/ros2_wk/install/manipulator_simulation:/opt/ros/humble PYTHONPATH=/home/vardan/OWL_Sorting/ros2_ws/build/owl_gazebo/prefix_override:/usr/lib/python3/dist-packages/colcon_core/task/python/colcon_distutils_commands:/home/vardan/OWL_Sorting/ros2_ws/install/owl_gazebo/lib/python3.10/site-packages:/home/vardan/OWL_Sorting/ros2_ws/build/owl_cv:/home/vardan/OWL_Sorting/ros2_ws/install/owl_cv/lib/python3.10/site-packages:/home/vardan/OWL_Sorting/ros2_ws/build/owl_description:/home/vardan/OWL_Sorting/ros2_ws/install/owl_description/lib/python3.10/site-packages:/home/vardan/OWL_Sorting/ros2_ws/build/owl_gazebo:/home/vardan/OWL_Sorting/ros2_ws/install/owl_gazebo/lib/python3.10/site-packages:/home/vardan/Introduction-to-Robotics/Module2/ros2_ws/build/owl_robot:/home/vardan/Introduction-to-Robotics/Module2/ros2_ws/install/owl_robot/lib/python3.10/site-packages:/home/vardan/RAKSH-Autonomous-Pesticide-Spraying-Robot/ros2_ws/build/raksh_description:/home/vardan/RAKSH-Autonomous-Pesticide-Spraying-Robot/ros2_ws/install/raksh_description/lib/python3.10/site-packages:/home/vardan/RAKSH-Autonomous-Pesticide-Spraying-Robot/ros2_ws/build/disease_detection:/home/vardan/RAKSH-Autonomous-Pesticide-Spraying-Robot/ros2_ws/install/disease_detection/lib/python3.10/site-packages:/home/vardan/Introduction-to-Robotics/Assignment1/ros2_wk/build/manipulator_simulation:/home/vardan/Introduction-to-Robotics/Module1/ros2_wk/install/manipulator_simulation/lib/python3.10/site-packages:/opt/ros/humble/lib/python3.10/site-packages:/opt/ros/humble/local/lib/python3.10/dist-packages /usr/bin/python3 -W ignore:setup.py install is deprecated setup.py develop --editable --build-directory /home/vardan/OWL_Sorting/ros2_ws/build/owl_gazebo/build --no-deps symlink_data
[8.778s] Level 1:colcon.colcon_core.shell:create_environment_hook('owl_gazebo', 'pythonpath_develop')
[8.779s] INFO:colcon.colcon_core.shell:Creating environment hook '/home/vardan/OWL_Sorting/ros2_ws/build/owl_gazebo/share/owl_gazebo/hook/pythonpath_develop.ps1'
[8.780s] DEBUG:colcon.colcon_core.event_handler.log_command:Invoked command in '/home/vardan/OWL_Sorting/ros2_ws/build/owl_gazebo' returned '0': AMENT_PREFIX_PATH=/home/vardan/OWL_Sorting/ros2_ws/install/owl_cv:/home/vardan/OWL_Sorting/ros2_ws/install/owl_description:/home/vardan/OWL_Sorting/ros2_ws/install/owl_moveit_config:/home/vardan/OWL_Sorting/ros2_ws/install/owl_gazebo:/home/vardan/Introduction-to-Robotics/Module2/ros2_ws/install/moveit_pkgs:/home/vardan/Introduction-to-Robotics/Module2/ros2_ws/install/owl_robot:/home/vardan/RAKSH-Autonomous-Pesticide-Spraying-Robot/ros2_ws/install/raksh_description:/home/vardan/RAKSH-Autonomous-Pesticide-Spraying-Robot/ros2_ws/install/disease_detection:/home/vardan/Introduction-to-Robotics/Module1/ros2_wk/install/manipulator_simulation:/opt/ros/humble PYTHONPATH=/home/vardan/OWL_Sorting/ros2_ws/build/owl_gazebo/prefix_override:/usr/lib/python3/dist-packages/colcon_core/task/python/colcon_distutils_commands:/home/vardan/OWL_Sorting/ros2_ws/install/owl_gazebo/lib/python3.10/site-packages:/home/vardan/OWL_Sorting/ros2_ws/build/owl_cv:/home/vardan/OWL_Sorting/ros2_ws/install/owl_cv/lib/python3.10/site-packages:/home/vardan/OWL_Sorting/ros2_ws/build/owl_description:/home/vardan/OWL_Sorting/ros2_ws/install/owl_description/lib/python3.10/site-packages:/home/vardan/OWL_Sorting/ros2_ws/build/owl_gazebo:/home/vardan/OWL_Sorting/ros2_ws/install/owl_gazebo/lib/python3.10/site-packages:/home/vardan/Introduction-to-Robotics/Module2/ros2_ws/build/owl_robot:/home/vardan/Introduction-to-Robotics/Module2/ros2_ws/install/owl_robot/lib/python3.10/site-packages:/home/vardan/RAKSH-Autonomous-Pesticide-Spraying-Robot/ros2_ws/build/raksh_description:/home/vardan/RAKSH-Autonomous-Pesticide-Spraying-Robot/ros2_ws/install/raksh_description/lib/python3.10/site-packages:/home/vardan/RAKSH-Autonomous-Pesticide-Spraying-Robot/ros2_ws/build/disease_detection:/home/vardan/RAKSH-Autonomous-Pesticide-Spraying-Robot/ros2_ws/install/disease_detection/lib/python3.10/site-packages:/home/vardan/Introduction-to-Robotics/Assignment1/ros2_wk/build/manipulator_simulation:/home/vardan/Introduction-to-Robotics/Module1/ros2_wk/install/manipulator_simulation/lib/python3.10/site-packages:/opt/ros/humble/lib/python3.10/site-packages:/opt/ros/humble/local/lib/python3.10/dist-packages /usr/bin/python3 -W ignore:setup.py install is deprecated setup.py develop --editable --build-directory /home/vardan/OWL_Sorting/ros2_ws/build/owl_gazebo/build --no-deps symlink_data
[8.781s] INFO:colcon.colcon_core.shell:Creating environment descriptor '/home/vardan/OWL_Sorting/ros2_ws/build/owl_gazebo/share/owl_gazebo/hook/pythonpath_develop.dsv'
[8.783s] INFO:colcon.colcon_core.shell:Creating environment hook '/home/vardan/OWL_Sorting/ros2_ws/build/owl_gazebo/share/owl_gazebo/hook/pythonpath_develop.sh'
[8.785s] Level 1:colcon.colcon_core.environment:checking '/home/vardan/OWL_Sorting/ros2_ws/install/owl_gazebo' for CMake module files
[8.787s] Level 1:colcon.colcon_core.environment:checking '/home/vardan/OWL_Sorting/ros2_ws/install/owl_gazebo' for CMake config files
[8.790s] Level 1:colcon.colcon_core.environment:checking '/home/vardan/OWL_Sorting/ros2_ws/install/owl_gazebo/lib'
[8.790s] Level 1:colcon.colcon_core.environment:checking '/home/vardan/OWL_Sorting/ros2_ws/install/owl_gazebo/bin'
[8.790s] Level 1:colcon.colcon_core.environment:checking '/home/vardan/OWL_Sorting/ros2_ws/install/owl_gazebo/lib/pkgconfig/owl_gazebo.pc'
[8.790s] Level 1:colcon.colcon_core.environment:checking '/home/vardan/OWL_Sorting/ros2_ws/install/owl_gazebo/lib/python3.10/site-packages'
[8.790s] Level 1:colcon.colcon_core.shell:create_environment_hook('owl_gazebo', 'pythonpath')
[8.791s] INFO:colcon.colcon_core.shell:Creating environment hook '/home/vardan/OWL_Sorting/ros2_ws/install/owl_gazebo/share/owl_gazebo/hook/pythonpath.ps1'
[8.791s] INFO:colcon.colcon_core.shell:Creating environment descriptor '/home/vardan/OWL_Sorting/ros2_ws/install/owl_gazebo/share/owl_gazebo/hook/pythonpath.dsv'
[8.792s] INFO:colcon.colcon_core.shell:Creating environment hook '/home/vardan/OWL_Sorting/ros2_ws/install/owl_gazebo/share/owl_gazebo/hook/pythonpath.sh'
[8.792s] Level 1:colcon.colcon_core.environment:checking '/home/vardan/OWL_Sorting/ros2_ws/install/owl_gazebo/bin'
[8.793s] Level 1:colcon.colcon_core.environment:create_environment_scripts_only(owl_gazebo)
[8.793s] INFO:colcon.colcon_core.shell:Creating package script '/home/vardan/OWL_Sorting/ros2_ws/install/owl_gazebo/share/owl_gazebo/package.ps1'
[8.794s] INFO:colcon.colcon_core.shell:Creating package descriptor '/home/vardan/OWL_Sorting/ros2_ws/install/owl_gazebo/share/owl_gazebo/package.dsv'
[8.795s] INFO:colcon.colcon_core.shell:Creating package script '/home/vardan/OWL_Sorting/ros2_ws/install/owl_gazebo/share/owl_gazebo/package.sh'
[8.795s] INFO:colcon.colcon_core.shell:Creating package script '/home/vardan/OWL_Sorting/ros2_ws/install/owl_gazebo/share/owl_gazebo/package.bash'
[8.796s] INFO:colcon.colcon_core.shell:Creating package script '/home/vardan/OWL_Sorting/ros2_ws/install/owl_gazebo/share/owl_gazebo/package.zsh'
[8.797s] Level 1:colcon.colcon_core.environment:create_file_with_runtime_dependencies(/home/vardan/OWL_Sorting/ros2_ws/install/owl_gazebo/share/colcon-core/packages/owl_gazebo)
[8.798s] DEBUG:colcon.colcon_parallel_executor.executor.parallel:closing loop
[8.800s] DEBUG:colcon.colcon_parallel_executor.executor.parallel:loop closed
[8.800s] DEBUG:colcon.colcon_parallel_executor.executor.parallel:run_until_complete finished with '0'
[8.801s] DEBUG:colcon.colcon_core.event_reactor:joining thread
[8.871s] INFO:colcon.colcon_core.plugin_system:Skipping extension 'colcon_notification.desktop_notification.notify_send': Could not find 'notify-send'
[8.871s] INFO:colcon.colcon_core.plugin_system:Skipping extension 'colcon_notification.desktop_notification.terminal_notifier': Not used on non-Darwin systems
[8.871s] INFO:colcon.colcon_core.plugin_system:Skipping extension 'colcon_notification.desktop_notification.win32': Not used on non-Windows systems
[8.871s] INFO:colcon.colcon_notification.desktop_notification:Sending desktop notification using 'notify2'
[8.873s] DEBUG:colcon.colcon_notification.desktop_notification.notify2:Failed to initialize notify2: org.freedesktop.DBus.Error.ServiceUnknown: The name org.freedesktop.Notifications was not provided by any .service files
[8.873s] DEBUG:colcon.colcon_core.event_reactor:joined thread
[8.873s] INFO:colcon.colcon_core.shell:Creating prefix script '/home/vardan/OWL_Sorting/ros2_ws/install/local_setup.ps1'
[8.875s] INFO:colcon.colcon_core.shell:Creating prefix util module '/home/vardan/OWL_Sorting/ros2_ws/install/_local_setup_util_ps1.py'
[8.879s] INFO:colcon.colcon_core.shell:Creating prefix chain script '/home/vardan/OWL_Sorting/ros2_ws/install/setup.ps1'
[8.883s] INFO:colcon.colcon_core.shell:Creating prefix script '/home/vardan/OWL_Sorting/ros2_ws/install/local_setup.sh'
[8.886s] INFO:colcon.colcon_core.shell:Creating prefix util module '/home/vardan/OWL_Sorting/ros2_ws/install/_local_setup_util_sh.py'
[8.887s] INFO:colcon.colcon_core.shell:Creating prefix chain script '/home/vardan/OWL_Sorting/ros2_ws/install/setup.sh'
[8.892s] INFO:colcon.colcon_core.shell:Creating prefix script '/home/vardan/OWL_Sorting/ros2_ws/install/local_setup.bash'
[8.894s] INFO:colcon.colcon_core.shell:Creating prefix chain script '/home/vardan/OWL_Sorting/ros2_ws/install/setup.bash'
[8.902s] INFO:colcon.colcon_core.shell:Creating prefix script '/home/vardan/OWL_Sorting/ros2_ws/install/local_setup.zsh'
[8.903s] INFO:colcon.colcon_core.shell:Creating prefix chain script '/home/vardan/OWL_Sorting/ros2_ws/install/setup.zsh'
