[0.974s] Invoking command in '/home/vardan/OWL_Sorting/ros2_ws/build/owl_description': PYTHONPATH=/home/vardan/OWL_Sorting/ros2_ws/build/owl_description/prefix_override:/usr/lib/python3/dist-packages/colcon_core/task/python/colcon_distutils_commands:/home/vardan/OWL_Sorting/ros2_ws/install/owl_description/lib/python3.10/site-packages:${PYTHONPATH} /usr/bin/python3 -W ignore:setup.py install is deprecated setup.py develop --editable --build-directory /home/vardan/OWL_Sorting/ros2_ws/build/owl_description/build --no-deps symlink_data
[1.366s] running develop
[1.366s] /usr/lib/python3/dist-packages/setuptools/command/easy_install.py:158: EasyInstallDeprecationWarning: easy_install command is deprecated. Use build and pip and other standards-based tools.
[1.366s]   warnings.warn(
[1.604s] running egg_info
[1.604s] creating owl_description.egg-info
[1.605s] writing owl_description.egg-info/PKG-INFO
[1.605s] writing dependency_links to owl_description.egg-info/dependency_links.txt
[1.605s] writing entry points to owl_description.egg-info/entry_points.txt
[1.606s] writing requirements to owl_description.egg-info/requires.txt
[1.606s] writing top-level names to owl_description.egg-info/top_level.txt
[1.606s] writing manifest file 'owl_description.egg-info/SOURCES.txt'
[1.609s] reading manifest file 'owl_description.egg-info/SOURCES.txt'
[1.610s] writing manifest file 'owl_description.egg-info/SOURCES.txt'
[1.612s] running build_ext
[1.612s] Creating /home/vardan/OWL_Sorting/ros2_ws/install/owl_description/lib/python3.10/site-packages/owl-description.egg-link (link to .)
[1.614s] 
[1.615s] Installed /home/vardan/OWL_Sorting/ros2_ws/build/owl_description
[1.615s] running symlink_data
[1.616s] creating /home/vardan/OWL_Sorting/ros2_ws/install/owl_description/share/ament_index
[1.618s] creating /home/vardan/OWL_Sorting/ros2_ws/install/owl_description/share/ament_index/resource_index
[1.618s] creating /home/vardan/OWL_Sorting/ros2_ws/install/owl_description/share/ament_index/resource_index/packages
[1.618s] symbolically linking /home/vardan/OWL_Sorting/ros2_ws/build/owl_description/resource/owl_description -> /home/vardan/OWL_Sorting/ros2_ws/install/owl_description/share/ament_index/resource_index/packages
[1.619s] symbolically linking /home/vardan/OWL_Sorting/ros2_ws/build/owl_description/package.xml -> /home/vardan/OWL_Sorting/ros2_ws/install/owl_description/share/owl_description
[1.619s] creating /home/vardan/OWL_Sorting/ros2_ws/install/owl_description/share/owl_description/urdf
[1.620s] symbolically linking /home/vardan/OWL_Sorting/ros2_ws/build/owl_description/urdf/robot.xacro -> /home/vardan/OWL_Sorting/ros2_ws/install/owl_description/share/owl_description/urdf
[1.620s] symbolically linking /home/vardan/OWL_Sorting/ros2_ws/build/owl_description/urdf/robot_active.urdf -> /home/vardan/OWL_Sorting/ros2_ws/install/owl_description/share/owl_description/urdf
[1.621s] symbolically linking /home/vardan/OWL_Sorting/ros2_ws/build/owl_description/urdf/robot.urdf -> /home/vardan/OWL_Sorting/ros2_ws/install/owl_description/share/owl_description/urdf
[1.621s] creating /home/vardan/OWL_Sorting/ros2_ws/install/owl_description/share/owl_description/meshes
[1.621s] symbolically linking /home/vardan/OWL_Sorting/ros2_ws/build/owl_description/meshes/base_link.STL -> /home/vardan/OWL_Sorting/ros2_ws/install/owl_description/share/owl_description/meshes
[1.622s] symbolically linking /home/vardan/OWL_Sorting/ros2_ws/build/owl_description/meshes/link2.STL -> /home/vardan/OWL_Sorting/ros2_ws/install/owl_description/share/owl_description/meshes
[1.622s] symbolically linking /home/vardan/OWL_Sorting/ros2_ws/build/owl_description/meshes/link1.STL -> /home/vardan/OWL_Sorting/ros2_ws/install/owl_description/share/owl_description/meshes
[1.623s] symbolically linking /home/vardan/OWL_Sorting/ros2_ws/build/owl_description/meshes/w2w3_link.STL -> /home/vardan/OWL_Sorting/ros2_ws/install/owl_description/share/owl_description/meshes
[1.623s] symbolically linking /home/vardan/OWL_Sorting/ros2_ws/build/owl_description/meshes/shoulder_link.STL -> /home/vardan/OWL_Sorting/ros2_ws/install/owl_description/share/owl_description/meshes
[1.623s] symbolically linking /home/vardan/OWL_Sorting/ros2_ws/build/owl_description/meshes/end_effector_link.STL -> /home/vardan/OWL_Sorting/ros2_ws/install/owl_description/share/owl_description/meshes
[1.624s] symbolically linking /home/vardan/OWL_Sorting/ros2_ws/build/owl_description/meshes/elbow_link.STL -> /home/vardan/OWL_Sorting/ros2_ws/install/owl_description/share/owl_description/meshes
[1.624s] creating /home/vardan/OWL_Sorting/ros2_ws/install/owl_description/share/owl_description/launch
[1.625s] symbolically linking /home/vardan/OWL_Sorting/ros2_ws/build/owl_description/launch/rviz.launch.py -> /home/vardan/OWL_Sorting/ros2_ws/install/owl_description/share/owl_description/launch
[1.625s] symbolically linking /home/vardan/OWL_Sorting/ros2_ws/build/owl_description/launch/sim.launch.py -> /home/vardan/OWL_Sorting/ros2_ws/install/owl_description/share/owl_description/launch
[1.672s] Invoked command in '/home/vardan/OWL_Sorting/ros2_ws/build/owl_description' returned '0': PYTHONPATH=/home/vardan/OWL_Sorting/ros2_ws/build/owl_description/prefix_override:/usr/lib/python3/dist-packages/colcon_core/task/python/colcon_distutils_commands:/home/vardan/OWL_Sorting/ros2_ws/install/owl_description/lib/python3.10/site-packages:${PYTHONPATH} /usr/bin/python3 -W ignore:setup.py install is deprecated setup.py develop --editable --build-directory /home/vardan/OWL_Sorting/ros2_ws/build/owl_description/build --no-deps symlink_data
