running develop
running egg_info
creating owl_description.egg-info
writing owl_description.egg-info/PKG-INFO
writing dependency_links to owl_description.egg-info/dependency_links.txt
writing entry points to owl_description.egg-info/entry_points.txt
writing requirements to owl_description.egg-info/requires.txt
writing top-level names to owl_description.egg-info/top_level.txt
writing manifest file 'owl_description.egg-info/SOURCES.txt'
reading manifest file 'owl_description.egg-info/SOURCES.txt'
writing manifest file 'owl_description.egg-info/SOURCES.txt'
running build_ext
Creating /home/vardan/OWL_Sorting/ros2_ws/install/owl_description/lib/python3.10/site-packages/owl-description.egg-link (link to .)

Installed /home/vardan/OWL_Sorting/ros2_ws/build/owl_description
running symlink_data
creating /home/vardan/OWL_Sorting/ros2_ws/install/owl_description/share/ament_index
creating /home/vardan/OWL_Sorting/ros2_ws/install/owl_description/share/ament_index/resource_index
creating /home/vardan/OWL_Sorting/ros2_ws/install/owl_description/share/ament_index/resource_index/packages
symbolically linking /home/vardan/OWL_Sorting/ros2_ws/build/owl_description/resource/owl_description -> /home/vardan/OWL_Sorting/ros2_ws/install/owl_description/share/ament_index/resource_index/packages
symbolically linking /home/vardan/OWL_Sorting/ros2_ws/build/owl_description/package.xml -> /home/vardan/OWL_Sorting/ros2_ws/install/owl_description/share/owl_description
