[1.521s] Invoking command in '/home/vardan/OWL_Sorting/ros2_ws/build/owl_description': PYTHONPATH=/home/vardan/OWL_Sorting/ros2_ws/build/owl_description/prefix_override:/usr/lib/python3/dist-packages/colcon_core/task/python/colcon_distutils_commands:/home/vardan/OWL_Sorting/ros2_ws/install/owl_description/lib/python3.10/site-packages:${PYTHONPATH} /usr/bin/python3 -W ignore:setup.py install is deprecated setup.py develop --editable --build-directory /home/vardan/OWL_Sorting/ros2_ws/build/owl_description/build --no-deps symlink_data
[1.906s] running develop
[1.908s] /usr/lib/python3/dist-packages/setuptools/command/easy_install.py:158: EasyInstallDeprecationWarning: easy_install command is deprecated. Use build and pip and other standards-based tools.
[1.908s]   warnings.warn(
[2.161s] running egg_info
[2.161s] creating owl_description.egg-info
[2.162s] writing owl_description.egg-info/PKG-INFO
[2.162s] writing dependency_links to owl_description.egg-info/dependency_links.txt
[2.163s] writing entry points to owl_description.egg-info/entry_points.txt
[2.163s] writing requirements to owl_description.egg-info/requires.txt
[2.163s] writing top-level names to owl_description.egg-info/top_level.txt
[2.163s] writing manifest file 'owl_description.egg-info/SOURCES.txt'
[2.165s] reading manifest file 'owl_description.egg-info/SOURCES.txt'
[2.166s] writing manifest file 'owl_description.egg-info/SOURCES.txt'
[2.168s] running build_ext
[2.169s] Creating /home/vardan/OWL_Sorting/ros2_ws/install/owl_description/lib/python3.10/site-packages/owl-description.egg-link (link to .)
[2.170s] 
[2.170s] Installed /home/vardan/OWL_Sorting/ros2_ws/build/owl_description
[2.171s] running symlink_data
[2.171s] creating /home/vardan/OWL_Sorting/ros2_ws/install/owl_description/share/ament_index
[2.171s] creating /home/vardan/OWL_Sorting/ros2_ws/install/owl_description/share/ament_index/resource_index
[2.172s] creating /home/vardan/OWL_Sorting/ros2_ws/install/owl_description/share/ament_index/resource_index/packages
[2.172s] symbolically linking /home/vardan/OWL_Sorting/ros2_ws/build/owl_description/resource/owl_description -> /home/vardan/OWL_Sorting/ros2_ws/install/owl_description/share/ament_index/resource_index/packages
[2.172s] symbolically linking /home/vardan/OWL_Sorting/ros2_ws/build/owl_description/package.xml -> /home/vardan/OWL_Sorting/ros2_ws/install/owl_description/share/owl_description
[2.227s] Invoked command in '/home/vardan/OWL_Sorting/ros2_ws/build/owl_description' returned '0': PYTHONPATH=/home/vardan/OWL_Sorting/ros2_ws/build/owl_description/prefix_override:/usr/lib/python3/dist-packages/colcon_core/task/python/colcon_distutils_commands:/home/vardan/OWL_Sorting/ros2_ws/install/owl_description/lib/python3.10/site-packages:${PYTHONPATH} /usr/bin/python3 -W ignore:setup.py install is deprecated setup.py develop --editable --build-directory /home/vardan/OWL_Sorting/ros2_ws/build/owl_description/build --no-deps symlink_data
